{"/workspaces/Fund-My-Cause/apps/interface/src/lib/accessibleFormUtils.ts": {"path":"/workspaces/Fund-My-Cause/apps/interface/src/lib/accessibleFormUtils.ts","statementMap":{"0":{"start":{"line":12,"column":0},"end":{"line":12,"column":16}},"1":{"start":{"line":21,"column":0},"end":{"line":21,"column":16}},"2":{"start":{"line":29,"column":0},"end":{"line":29,"column":16}},"3":{"start":{"line":57,"column":0},"end":{"line":57,"column":16}},"4":{"start":{"line":13,"column":2},"end":{"line":13,"column":30}},"5":{"start":{"line":22,"column":2},"end":{"line":22,"column":36}},"6":{"start":{"line":34,"column":24},"end":{"line":34,"column":26}},"7":{"start":{"line":35,"column":2},"end":{"line":35,"column":61}},"8":{"start":{"line":35,"column":23},"end":{"line":35,"column":61}},"9":{"start":{"line":36,"column":2},"end":{"line":36,"column":48}},"10":{"start":{"line":36,"column":16},"end":{"line":36,"column":48}},"11":{"start":{"line":37,"column":2},"end":{"line":37,"column":52}},"12":{"start":{"line":63,"column":38},"end":{"line":63,"column":40}},"13":{"start":{"line":65,"column":2},"end":{"line":67,"column":3}},"14":{"start":{"line":66,"column":4},"end":{"line":66,"column":34}},"15":{"start":{"line":69,"column":2},"end":{"line":72,"column":3}},"16":{"start":{"line":70,"column":4},"end":{"line":70,"column":33}},"17":{"start":{"line":71,"column":4},"end":{"line":71,"column":55}},"18":{"start":{"line":74,"column":22},"end":{"line":74,"column":77}},"19":{"start":{"line":75,"column":2},"end":{"line":77,"column":3}},"20":{"start":{"line":76,"column":4},"end":{"line":76,"column":44}},"21":{"start":{"line":79,"column":2},"end":{"line":79,"column":15}}},"fnMap":{"0":{"name":"getErrorId","decl":{"start":{"line":12,"column":16},"end":{"line":12,"column":26}},"loc":{"start":{"line":12,"column":44},"end":{"line":14,"column":1}}},"1":{"name":"getInstructionId","decl":{"start":{"line":21,"column":16},"end":{"line":21,"column":32}},"loc":{"start":{"line":21,"column":50},"end":{"line":23,"column":1}}},"2":{"name":"buildDescribedBy","decl":{"start":{"line":29,"column":16},"end":{"line":29,"column":32}},"loc":{"start":{"line":32,"column":26},"end":{"line":38,"column":1}}},"3":{"name":"getAccessibleInputProps","decl":{"start":{"line":57,"column":16},"end":{"line":57,"column":39}},"loc":{"start":{"line":61,"column":27},"end":{"line":80,"column":1}}}},"branchMap":{"0":{"loc":{"start":{"line":35,"column":2},"end":{"line":35,"column":61}},"type":"if","locations":[{"start":{"line":35,"column":2},"end":{"line":35,"column":61}},{"start":{},"end":{}}]},"1":{"loc":{"start":{"line":36,"column":2},"end":{"line":36,"column":48}},"type":"if","locations":[{"start":{"line":36,"column":2},"end":{"line":36,"column":48}},{"start":{},"end":{}}]},"2":{"loc":{"start":{"line":37,"column":9},"end":{"line":37,"column":51}},"type":"cond-expr","locations":[{"start":{"line":37,"column":26},"end":{"line":37,"column":39}},{"start":{"line":37,"column":42},"end":{"line":37,"column":51}}]},"3":{"loc":{"start":{"line":65,"column":2},"end":{"line":67,"column":3}},"type":"if","locations":[{"start":{"line":65,"column":2},"end":{"line":67,"column":3}},{"start":{},"end":{}}]},"4":{"loc":{"start":{"line":69,"column":2},"end":{"line":72,"column":3}},"type":"if","locations":[{"start":{"line":69,"column":2},"end":{"line":72,"column":3}},{"start":{},"end":{}}]},"5":{"loc":{"start":{"line":75,"column":2},"end":{"line":77,"column":3}},"type":"if","locations":[{"start":{"line":75,"column":2},"end":{"line":77,"column":3}},{"start":{},"end":{}}]}},"s":{"0":0,"1":0,"2":0,"3":0,"4":0,"5":0,"6":0,"7":0,"8":0,"9":0,"10":0,"11":0,"12":0,"13":0,"14":0,"15":0,"16":0,"17":0,"18":0,"19":0,"20":0,"21":0},"f":{"0":0,"1":0,"2":0,"3":0},"b":{"0":[0,0],"1":[0,0],"2":[0,0],"3":[0,0],"4":[0,0],"5":[0,0]}}
,"/workspaces/Fund-My-Cause/apps/interface/src/lib/activityManager.ts": {"path":"/workspaces/Fund-My-Cause/apps/interface/src/lib/activityManager.ts","statementMap":{"0":{"start":{"line":24,"column":0},"end":{"line":24,"column":16}},"1":{"start":{"line":38,"column":0},"end":{"line":38,"column":16}},"2":{"start":{"line":44,"column":0},"end":{"line":44,"column":16}},"3":{"start":{"line":55,"column":0},"end":{"line":55,"column":16}},"4":{"start":{"line":28,"column":2},"end":{"line":35,"column":5}},"5":{"start":{"line":29,"column":4},"end":{"line":29,"column":76}},"6":{"start":{"line":29,"column":63},"end":{"line":29,"column":76}},"7":{"start":{"line":30,"column":4},"end":{"line":30,"column":70}},"8":{"start":{"line":30,"column":57},"end":{"line":30,"column":70}},"9":{"start":{"line":31,"column":4},"end":{"line":32,"column":19}},"10":{"start":{"line":32,"column":6},"end":{"line":32,"column":19}},"11":{"start":{"line":33,"column":4},"end":{"line":33,"column":94}},"12":{"start":{"line":33,"column":81},"end":{"line":33,"column":94}},"13":{"start":{"line":34,"column":4},"end":{"line":34,"column":16}},"14":{"start":{"line":39,"column":2},"end":{"line":41,"column":4}},"15":{"start":{"line":40,"column":14},"end":{"line":40,"column":79}},"16":{"start":{"line":45,"column":51},"end":{"line":51,"column":4}},"17":{"start":{"line":52,"column":2},"end":{"line":52,"column":21}},"18":{"start":{"line":56,"column":14},"end":{"line":56,"column":24}},"19":{"start":{"line":57,"column":15},"end":{"line":57,"column":34}},"20":{"start":{"line":58,"column":15},"end":{"line":58,"column":45}},"21":{"start":{"line":59,"column":18},"end":{"line":59,"column":42}},"22":{"start":{"line":60,"column":16},"end":{"line":60,"column":42}},"23":{"start":{"line":61,"column":15},"end":{"line":61,"column":42}},"24":{"start":{"line":63,"column":2},"end":{"line":63,"column":37}},"25":{"start":{"line":63,"column":19},"end":{"line":63,"column":37}},"26":{"start":{"line":64,"column":2},"end":{"line":64,"column":45}},"27":{"start":{"line":64,"column":20},"end":{"line":64,"column":45}},"28":{"start":{"line":65,"column":2},"end":{"line":65,"column":41}},"29":{"start":{"line":65,"column":18},"end":{"line":65,"column":41}},"30":{"start":{"line":66,"column":2},"end":{"line":66,"column":38}},"31":{"start":{"line":66,"column":16},"end":{"line":66,"column":38}},"32":{"start":{"line":67,"column":2},"end":{"line":67,"column":35}}},"fnMap":{"0":{"name":"filterActivities","decl":{"start":{"line":24,"column":16},"end":{"line":24,"column":32}},"loc":{"start":{"line":26,"column":24},"end":{"line":36,"column":1}}},"1":{"name":"(anonymous_1)","decl":{"start":{"line":28,"column":27},"end":{"line":28,"column":28}},"loc":{"start":{"line":28,"column":40},"end":{"line":35,"column":3}}},"2":{"name":"sortActivitiesByDate","decl":{"start":{"line":38,"column":16},"end":{"line":38,"column":36}},"loc":{"start":{"line":38,"column":64},"end":{"line":42,"column":1}}},"3":{"name":"(anonymous_3)","decl":{"start":{"line":40,"column":4},"end":{"line":40,"column":5}},"loc":{"start":{"line":40,"column":14},"end":{"line":40,"column":79}}},"4":{"name":"getActivityIcon","decl":{"start":{"line":44,"column":16},"end":{"line":44,"column":31}},"loc":{"start":{"line":44,"column":55},"end":{"line":53,"column":1}}},"5":{"name":"formatActivityTime","decl":{"start":{"line":55,"column":16},"end":{"line":55,"column":34}},"loc":{"start":{"line":55,"column":52},"end":{"line":68,"column":1}}}},"branchMap":{"0":{"loc":{"start":{"line":29,"column":4},"end":{"line":29,"column":76}},"type":"if","locations":[{"start":{"line":29,"column":4},"end":{"line":29,"column":76}},{"start":{},"end":{}}]},"1":{"loc":{"start":{"line":29,"column":8},"end":{"line":29,"column":61}},"type":"binary-expr","locations":[{"start":{"line":29,"column":8},"end":{"line":29,"column":20}},{"start":{"line":29,"column":24},"end":{"line":29,"column":61}}]},"2":{"loc":{"start":{"line":30,"column":4},"end":{"line":30,"column":70}},"type":"if","locations":[{"start":{"line":30,"column":4},"end":{"line":30,"column":70}},{"start":{},"end":{}}]},"3":{"loc":{"start":{"line":30,"column":8},"end":{"line":30,"column":55}},"type":"binary-expr","locations":[{"start":{"line":30,"column":8},"end":{"line":30,"column":20}},{"start":{"line":30,"column":24},"end":{"line":30,"column":55}}]},"4":{"loc":{"start":{"line":31,"column":4},"end":{"line":32,"column":19}},"type":"if","locations":[{"start":{"line":31,"column":4},"end":{"line":32,"column":19}},{"start":{},"end":{}}]},"5":{"loc":{"start":{"line":31,"column":8},"end":{"line":31,"column":83}},"type":"binary-expr","locations":[{"start":{"line":31,"column":8},"end":{"line":31,"column":23}},{"start":{"line":31,"column":27},"end":{"line":31,"column":83}}]},"6":{"loc":{"start":{"line":33,"column":4},"end":{"line":33,"column":94}},"type":"if","locations":[{"start":{"line":33,"column":4},"end":{"line":33,"column":94}},{"start":{},"end":{}}]},"7":{"loc":{"start":{"line":33,"column":8},"end":{"line":33,"column":79}},"type":"binary-expr","locations":[{"start":{"line":33,"column":8},"end":{"line":33,"column":21}},{"start":{"line":33,"column":25},"end":{"line":33,"column":79}}]},"8":{"loc":{"start":{"line":63,"column":2},"end":{"line":63,"column":37}},"type":"if","locations":[{"start":{"line":63,"column":2},"end":{"line":63,"column":37}},{"start":{},"end":{}}]},"9":{"loc":{"start":{"line":64,"column":2},"end":{"line":64,"column":45}},"type":"if","locations":[{"start":{"line":64,"column":2},"end":{"line":64,"column":45}},{"start":{},"end":{}}]},"10":{"loc":{"start":{"line":65,"column":2},"end":{"line":65,"column":41}},"type":"if","locations":[{"start":{"line":65,"column":2},"end":{"line":65,"column":41}},{"start":{},"end":{}}]},"11":{"loc":{"start":{"line":66,"column":2},"end":{"line":66,"column":38}},"type":"if","locations":[{"start":{"line":66,"column":2},"end":{"line":66,"column":38}},{"start":{},"end":{}}]}},"s":{"0":0,"1":0,"2":0,"3":0,"4":0,"5":0,"6":0,"7":0,"8":0,"9":0,"10":0,"11":0,"12":0,"13":0,"14":0,"15":0,"16":0,"17":0,"18":0,"19":0,"20":0,"21":0,"22":0,"23":0,"24":0,"25":0,"26":0,"27":0,"28":0,"29":0,"30":0,"31":0,"32":0},"f":{"0":0,"1":0,"2":0,"3":0,"4":0,"5":0},"b":{"0":[0,0],"1":[0,0],"2":[0,0],"3":[0,0],"4":[0,0],"5":[0,0],"6":[0,0],"7":[0,0],"8":[0,0],"9":[0,0],"10":[0,0],"11":[0,0]}}
,"/workspaces/Fund-My-Cause/apps/interface/src/lib/api-client.ts": {"path":"/workspaces/Fund-My-Cause/apps/interface/src/lib/api-client.ts","statementMap":{"0":{"start":{"line":17,"column":4},"end":{"line":17,"column":19}},"1":{"start":{"line":18,"column":4},"end":{"line":18,"column":27}},"2":{"start":{"line":19,"column":4},"end":{"line":19,"column":25}},"3":{"start":{"line":20,"column":4},"end":{"line":20,"column":21}},"4":{"start":{"line":12,"column":0},"end":{"line":12,"column":13}},"5":{"start":{"line":34,"column":22},"end":{"line":34,"column":64}},"6":{"start":{"line":35,"column":2},"end":{"line":40,"column":3}},"7":{"start":{"line":36,"column":4},"end":{"line":36,"column":79}},"8":{"start":{"line":36,"column":50},"end":{"line":36,"column":79}},"9":{"start":{"line":37,"column":4},"end":{"line":37,"column":33}},"10":{"start":{"line":39,"column":4},"end":{"line":39,"column":21}},"11":{"start":{"line":44,"column":2},"end":{"line":47,"column":3}},"12":{"start":{"line":45,"column":21},"end":{"line":45,"column":59}},"13":{"start":{"line":46,"column":4},"end":{"line":46,"column":63}},"14":{"start":{"line":46,"column":48},"end":{"line":46,"column":63}},"15":{"start":{"line":48,"column":2},"end":{"line":48,"column":52}},"16":{"start":{"line":48,"column":40},"end":{"line":48,"column":52}},"17":{"start":{"line":49,"column":2},"end":{"line":49,"column":48}},"18":{"start":{"line":57,"column":42},"end":{"line":60,"column":4}},"19":{"start":{"line":61,"column":2},"end":{"line":61,"column":69}},"20":{"start":{"line":61,"column":26},"end":{"line":61,"column":69}},"21":{"start":{"line":64,"column":2},"end":{"line":78,"column":3}},"22":{"start":{"line":65,"column":4},"end":{"line":71,"column":7}},"23":{"start":{"line":73,"column":4},"end":{"line":77,"column":6}},"24":{"start":{"line":80,"column":2},"end":{"line":83,"column":3}},"25":{"start":{"line":81,"column":17},"end":{"line":81,"column":42}},"26":{"start":{"line":82,"column":4},"end":{"line":82,"column":82}},"27":{"start":{"line":85,"column":2},"end":{"line":85,"column":53}},"28":{"start":{"line":85,"column":31},"end":{"line":85,"column":53}},"29":{"start":{"line":87,"column":22},"end":{"line":87,"column":64}},"30":{"start":{"line":88,"column":2},"end":{"line":90,"column":3}},"31":{"start":{"line":89,"column":4},"end":{"line":89,"column":51}},"32":{"start":{"line":91,"column":2},"end":{"line":91,"column":38}},"33":{"start":{"line":95,"column":2},"end":{"line":95,"column":43}},"34":{"start":{"line":95,"column":26},"end":{"line":95,"column":43}},"35":{"start":{"line":96,"column":2},"end":{"line":96,"column":42}},"36":{"start":{"line":96,"column":18},"end":{"line":96,"column":42}},"37":{"start":{"line":97,"column":2},"end":{"line":97,"column":30}},"38":{"start":{"line":100,"column":13},"end":{"line":134,"column":2}},"39":{"start":{"line":102,"column":4},"end":{"line":102,"column":56}},"40":{"start":{"line":106,"column":23},"end":{"line":106,"column":82}},"41":{"start":{"line":107,"column":4},"end":{"line":115,"column":6}},"42":{"start":{"line":119,"column":23},"end":{"line":119,"column":82}},"43":{"start":{"line":120,"column":4},"end":{"line":128,"column":6}},"44":{"start":{"line":132,"column":4},"end":{"line":132,"column":59}}},"fnMap":{"0":{"name":"(anonymous_0)","decl":{"start":{"line":16,"column":2},"end":{"line":16,"column":14}},"loc":{"start":{"line":16,"column":61},"end":{"line":21,"column":3}}},"1":{"name":"parseBody","decl":{"start":{"line":33,"column":15},"end":{"line":33,"column":24}},"loc":{"start":{"line":33,"column":43},"end":{"line":41,"column":1}}},"2":{"name":"messageFrom","decl":{"start":{"line":43,"column":9},"end":{"line":43,"column":20}},"loc":{"start":{"line":43,"column":50},"end":{"line":50,"column":1}}},"3":{"name":"request","decl":{"start":{"line":52,"column":15},"end":{"line":52,"column":22}},"loc":{"start":{"line":55,"column":33},"end":{"line":92,"column":1}}},"4":{"name":"jsonBody","decl":{"start":{"line":94,"column":9},"end":{"line":94,"column":17}},"loc":{"start":{"line":94,"column":52},"end":{"line":98,"column":1}}},"5":{"name":"(anonymous_5)","decl":{"start":{"line":101,"column":2},"end":{"line":101,"column":5}},"loc":{"start":{"line":101,"column":50},"end":{"line":103,"column":3}}},"6":{"name":"(anonymous_6)","decl":{"start":{"line":105,"column":2},"end":{"line":105,"column":6}},"loc":{"start":{"line":105,"column":67},"end":{"line":116,"column":3}}},"7":{"name":"(anonymous_7)","decl":{"start":{"line":118,"column":2},"end":{"line":118,"column":5}},"loc":{"start":{"line":118,"column":66},"end":{"line":129,"column":3}}},"8":{"name":"(anonymous_8)","decl":{"start":{"line":131,"column":2},"end":{"line":131,"column":8}},"loc":{"start":{"line":131,"column":53},"end":{"line":133,"column":3}}}},"branchMap":{"0":{"loc":{"start":{"line":34,"column":22},"end":{"line":34,"column":64}},"type":"binary-expr","locations":[{"start":{"line":34,"column":22},"end":{"line":34,"column":58}},{"start":{"line":34,"column":62},"end":{"line":34,"column":64}}]},"1":{"loc":{"start":{"line":36,"column":4},"end":{"line":36,"column":79}},"type":"if","locations":[{"start":{"line":36,"column":4},"end":{"line":36,"column":79}},{"start":{},"end":{}}]},"2":{"loc":{"start":{"line":44,"column":2},"end":{"line":47,"column":3}},"type":"if","locations":[{"start":{"line":44,"column":2},"end":{"line":47,"column":3}},{"start":{},"end":{}}]},"3":{"loc":{"start":{"line":44,"column":6},"end":{"line":44,"column":59}},"type":"binary-expr","locations":[{"start":{"line":44,"column":6},"end":{"line":44,"column":10}},{"start":{"line":44,"column":14},"end":{"line":44,"column":38}},{"start":{"line":44,"column":42},"end":{"line":44,"column":59}}]},"4":{"loc":{"start":{"line":46,"column":4},"end":{"line":46,"column":63}},"type":"if","locations":[{"start":{"line":46,"column":4},"end":{"line":46,"column":63}},{"start":{},"end":{}}]},"5":{"loc":{"start":{"line":46,"column":8},"end":{"line":46,"column":46}},"type":"binary-expr","locations":[{"start":{"line":46,"column":8},"end":{"line":46,"column":35}},{"start":{"line":46,"column":39},"end":{"line":46,"column":46}}]},"6":{"loc":{"start":{"line":48,"column":2},"end":{"line":48,"column":52}},"type":"if","locations":[{"start":{"line":48,"column":2},"end":{"line":48,"column":52}},{"start":{},"end":{}}]},"7":{"loc":{"start":{"line":48,"column":6},"end":{"line":48,"column":38}},"type":"binary-expr","locations":[{"start":{"line":48,"column":6},"end":{"line":48,"column":30}},{"start":{"line":48,"column":34},"end":{"line":48,"column":38}}]},"8":{"loc":{"start":{"line":55,"column":2},"end":{"line":55,"column":33}},"type":"default-arg","locations":[{"start":{"line":55,"column":31},"end":{"line":55,"column":33}}]},"9":{"loc":{"start":{"line":61,"column":2},"end":{"line":61,"column":69}},"type":"if","locations":[{"start":{"line":61,"column":2},"end":{"line":61,"column":69}},{"start":{},"end":{}}]},"10":{"loc":{"start":{"line":74,"column":6},"end":{"line":74,"column":71}},"type":"cond-expr","locations":[{"start":{"line":74,"column":31},"end":{"line":74,"column":44}},{"start":{"line":74,"column":47},"end":{"line":74,"column":71}}]},"11":{"loc":{"start":{"line":80,"column":2},"end":{"line":83,"column":3}},"type":"if","locations":[{"start":{"line":80,"column":2},"end":{"line":83,"column":3}},{"start":{},"end":{}}]},"12":{"loc":{"start":{"line":85,"column":2},"end":{"line":85,"column":53}},"type":"if","locations":[{"start":{"line":85,"column":2},"end":{"line":85,"column":53}},{"start":{},"end":{}}]},"13":{"loc":{"start":{"line":87,"column":22},"end":{"line":87,"column":64}},"type":"binary-expr","locations":[{"start":{"line":87,"column":22},"end":{"line":87,"column":58}},{"start":{"line":87,"column":62},"end":{"line":87,"column":64}}]},"14":{"loc":{"start":{"line":88,"column":2},"end":{"line":90,"column":3}},"type":"if","locations":[{"start":{"line":88,"column":2},"end":{"line":90,"column":3}},{"start":{},"end":{}}]},"15":{"loc":{"start":{"line":95,"column":2},"end":{"line":95,"column":43}},"type":"if","locations":[{"start":{"line":95,"column":2},"end":{"line":95,"column":43}},{"start":{},"end":{}}]},"16":{"loc":{"start":{"line":96,"column":2},"end":{"line":96,"column":42}},"type":"if","locations":[{"start":{"line":96,"column":2},"end":{"line":96,"column":42}},{"start":{},"end":{}}]},"17":{"loc":{"start":{"line":106,"column":23},"end":{"line":106,"column":82}},"type":"binary-expr","locations":[{"start":{"line":106,"column":23},"end":{"line":106,"column":54}},{"start":{"line":106,"column":58},"end":{"line":106,"column":82}}]},"18":{"loc":{"start":{"line":112,"column":17},"end":{"line":112,"column":80}},"type":"cond-expr","locations":[{"start":{"line":112,"column":30},"end":{"line":112,"column":39}},{"start":{"line":112,"column":42},"end":{"line":112,"column":80}}]},"19":{"loc":{"start":{"line":119,"column":23},"end":{"line":119,"column":82}},"type":"binary-expr","locations":[{"start":{"line":119,"column":23},"end":{"line":119,"column":54}},{"start":{"line":119,"column":58},"end":{"line":119,"column":82}}]},"20":{"loc":{"start":{"line":125,"column":17},"end":{"line":125,"column":80}},"type":"cond-expr","locations":[{"start":{"line":125,"column":30},"end":{"line":125,"column":39}},{"start":{"line":125,"column":42},"end":{"line":125,"column":80}}]}},"s":{"0":0,"1":0,"2":0,"3":0,"4":0,"5":0,"6":0,"7":0,"8":0,"9":0,"10":0,"11":0,"12":0,"13":0,"14":0,"15":0,"16":0,"17":0,"18":0,"19":0,"20":0,"21":0,"22":0,"23":0,"24":0,"25":0,"26":0,"27":0,"28":0,"29":0,"30":0,"31":0,"32":0,"33":0,"34":0,"35":0,"36":0,"37":0,"38":0,"39":0,"40":0,"41":0,"42":0,"43":0,"44":0},"f":{"0":0,"1":0,"2":0,"3":0,"4":0,"5":0,"6":0,"7":0,"8":0},"b":{"0":[0,0],"1":[0,0],"2":[0,0],"3":[0,0,0],"4":[0,0],"5":[0,0],"6":[0,0],"7":[0,0],"8":[0],"9":[0,0],"10":[0,0],"11":[0,0],"12":[0,0],"13":[0,0],"14":[0,0],"15":[0,0],"16":[0,0],"17":[0,0],"18":[0,0],"19":[0,0],"20":[0,0]}}
,"/workspaces/Fund-My-Cause/apps/interface/src/lib/bundleAnalysis.ts": {"path":"/workspaces/Fund-My-Cause/apps/interface/src/lib/bundleAnalysis.ts","statementMap":{"0":{"start":{"line":28,"column":0},"end":{"line":28,"column":16}},"1":{"start":{"line":78,"column":0},"end":{"line":78,"column":16}},"2":{"start":{"line":88,"column":0},"end":{"line":88,"column":16}},"3":{"start":{"line":130,"column":0},"end":{"line":130,"column":7}},"4":{"start":{"line":151,"column":0},"end":{"line":151,"column":16}},"5":{"start":{"line":167,"column":0},"end":{"line":167,"column":16}},"6":{"start":{"line":29,"column":2},"end":{"line":36,"column":3}},"7":{"start":{"line":30,"column":4},"end":{"line":35,"column":6}},"8":{"start":{"line":38,"column":20},"end":{"line":38,"column":91}},"9":{"start":{"line":39,"column":22},"end":{"line":40,"column":null}},"10":{"start":{"line":40,"column":4},"end":{"line":40,"column":26}},"11":{"start":{"line":43,"column":18},"end":{"line":43,"column":19}},"12":{"start":{"line":44,"column":41},"end":{"line":44,"column":43}},"13":{"start":{"line":46,"column":2},"end":{"line":56,"column":5}},"14":{"start":{"line":47,"column":17},"end":{"line":47,"column":43}},"15":{"start":{"line":48,"column":4},"end":{"line":48,"column":22}},"16":{"start":{"line":50,"column":17},"end":{"line":50,"column":60}},"17":{"start":{"line":51,"column":4},"end":{"line":55,"column":7}},"18":{"start":{"line":58,"column":25},"end":{"line":65,"column":7}},"19":{"start":{"line":59,"column":20},"end":{"line":59,"column":35}},"20":{"start":{"line":61,"column":19},"end":{"line":65,"column":6}},"21":{"start":{"line":67,"column":2},"end":{"line":72,"column":4}},"22":{"start":{"line":81,"column":18},"end":{"line":81,"column":37}},"23":{"start":{"line":82,"column":2},"end":{"line":82,"column":68}},"24":{"start":{"line":82,"column":46},"end":{"line":82,"column":66}},"25":{"start":{"line":95,"column":23},"end":{"line":96,"column":null}},"26":{"start":{"line":96,"column":11},"end":{"line":96,"column":27}},"27":{"start":{"line":99,"column":29},"end":{"line":101,"column":null}},"28":{"start":{"line":100,"column":16},"end":{"line":100,"column":34}},"29":{"start":{"line":104,"column":36},"end":{"line":104,"column":38}},"30":{"start":{"line":106,"column":2},"end":{"line":110,"column":3}},"31":{"start":{"line":107,"column":4},"end":{"line":109,"column":6}},"32":{"start":{"line":112,"column":2},"end":{"line":114,"column":3}},"33":{"start":{"line":113,"column":4},"end":{"line":113,"column":71}},"34":{"start":{"line":116,"column":2},"end":{"line":118,"column":3}},"35":{"start":{"line":117,"column":4},"end":{"line":117,"column":77}},"36":{"start":{"line":120,"column":2},"end":{"line":124,"column":4}},"37":{"start":{"line":134,"column":2},"end":{"line":134,"column":44}},"38":{"start":{"line":134,"column":37},"end":{"line":134,"column":44}},"39":{"start":{"line":136,"column":2},"end":{"line":145,"column":3}},"40":{"start":{"line":137,"column":4},"end":{"line":142,"column":7}},"41":{"start":{"line":144,"column":4},"end":{"line":144,"column":60}},"42":{"start":{"line":152,"column":2},"end":{"line":152,"column":88}},"43":{"start":{"line":152,"column":71},"end":{"line":152,"column":88}},"44":{"start":{"line":154,"column":19},"end":{"line":154,"column":58}},"45":{"start":{"line":155,"column":25},"end":{"line":155,"column":50}},"46":{"start":{"line":157,"column":2},"end":{"line":159,"column":5}},"47":{"start":{"line":158,"column":4},"end":{"line":158,"column":55}},"48":{"start":{"line":161,"column":2},"end":{"line":161,"column":24}},"49":{"start":{"line":170,"column":18},"end":{"line":170,"column":37}},"50":{"start":{"line":171,"column":2},"end":{"line":173,"column":28}},"51":{"start":{"line":172,"column":21},"end":{"line":172,"column":47}},"52":{"start":{"line":173,"column":18},"end":{"line":173,"column":26}}},"fnMap":{"0":{"name":"analyzeBundleSize","decl":{"start":{"line":28,"column":16},"end":{"line":28,"column":33}},"loc":{"start":{"line":28,"column":33},"end":{"line":73,"column":1}}},"1":{"name":"(anonymous_1)","decl":{"start":{"line":39,"column":39},"end":{"line":39,"column":40}},"loc":{"start":{"line":40,"column":4},"end":{"line":40,"column":26}}},"2":{"name":"(anonymous_2)","decl":{"start":{"line":46,"column":22},"end":{"line":46,"column":23}},"loc":{"start":{"line":46,"column":35},"end":{"line":56,"column":3}}},"3":{"name":"(anonymous_3)","decl":{"start":{"line":59,"column":10},"end":{"line":59,"column":11}},"loc":{"start":{"line":59,"column":20},"end":{"line":59,"column":35}}},"4":{"name":"(anonymous_4)","decl":{"start":{"line":61,"column":9},"end":{"line":61,"column":10}},"loc":{"start":{"line":61,"column":19},"end":{"line":65,"column":6}}},"5":{"name":"identifyLargeDependencies","decl":{"start":{"line":78,"column":16},"end":{"line":78,"column":41}},"loc":{"start":{"line":79,"column":28},"end":{"line":83,"column":1}}},"6":{"name":"(anonymous_6)","decl":{"start":{"line":82,"column":37},"end":{"line":82,"column":38}},"loc":{"start":{"line":82,"column":46},"end":{"line":82,"column":66}}},"7":{"name":"calculateOptimizationPotential","decl":{"start":{"line":88,"column":16},"end":{"line":88,"column":46}},"loc":{"start":{"line":89,"column":24},"end":{"line":125,"column":1}}},"8":{"name":"(anonymous_8)","decl":{"start":{"line":96,"column":4},"end":{"line":96,"column":5}},"loc":{"start":{"line":96,"column":11},"end":{"line":96,"column":27}}},"9":{"name":"(anonymous_9)","decl":{"start":{"line":100,"column":4},"end":{"line":100,"column":5}},"loc":{"start":{"line":100,"column":16},"end":{"line":100,"column":34}}},"10":{"name":"reportBundleMetrics","decl":{"start":{"line":130,"column":22},"end":{"line":130,"column":41}},"loc":{"start":{"line":132,"column":24},"end":{"line":146,"column":1}}},"11":{"name":"getScriptExecutionTime","decl":{"start":{"line":151,"column":16},"end":{"line":151,"column":38}},"loc":{"start":{"line":151,"column":38},"end":{"line":162,"column":1}}},"12":{"name":"(anonymous_12)","decl":{"start":{"line":157,"column":19},"end":{"line":157,"column":20}},"loc":{"start":{"line":157,"column":31},"end":{"line":159,"column":3}}},"13":{"name":"detectUnusedDependencies","decl":{"start":{"line":167,"column":16},"end":{"line":167,"column":40}},"loc":{"start":{"line":168,"column":26},"end":{"line":174,"column":1}}},"14":{"name":"(anonymous_14)","decl":{"start":{"line":172,"column":12},"end":{"line":172,"column":13}},"loc":{"start":{"line":172,"column":21},"end":{"line":172,"column":47}}},"15":{"name":"(anonymous_15)","decl":{"start":{"line":173,"column":9},"end":{"line":173,"column":10}},"loc":{"start":{"line":173,"column":18},"end":{"line":173,"column":26}}}},"branchMap":{"0":{"loc":{"start":{"line":29,"column":2},"end":{"line":36,"column":3}},"type":"if","locations":[{"start":{"line":29,"column":2},"end":{"line":36,"column":3}},{"start":{},"end":{}}]},"1":{"loc":{"start":{"line":29,"column":6},"end":{"line":29,"column":69}},"type":"binary-expr","locations":[{"start":{"line":29,"column":6},"end":{"line":29,"column":35}},{"start":{"line":29,"column":39},"end":{"line":29,"column":69}}]},"2":{"loc":{"start":{"line":47,"column":17},"end":{"line":47,"column":43}},"type":"binary-expr","locations":[{"start":{"line":47,"column":17},"end":{"line":47,"column":38}},{"start":{"line":47,"column":42},"end":{"line":47,"column":43}}]},"3":{"loc":{"start":{"line":50,"column":17},"end":{"line":50,"column":60}},"type":"binary-expr","locations":[{"start":{"line":50,"column":17},"end":{"line":50,"column":47}},{"start":{"line":50,"column":51},"end":{"line":50,"column":60}}]},"4":{"loc":{"start":{"line":79,"column":2},"end":{"line":79,"column":28}},"type":"default-arg","locations":[{"start":{"line":79,"column":22},"end":{"line":79,"column":28}}]},"5":{"loc":{"start":{"line":106,"column":2},"end":{"line":110,"column":3}},"type":"if","locations":[{"start":{"line":106,"column":2},"end":{"line":110,"column":3}},{"start":{},"end":{}}]},"6":{"loc":{"start":{"line":112,"column":2},"end":{"line":114,"column":3}},"type":"if","locations":[{"start":{"line":112,"column":2},"end":{"line":114,"column":3}},{"start":{},"end":{}}]},"7":{"loc":{"start":{"line":116,"column":2},"end":{"line":118,"column":3}},"type":"if","locations":[{"start":{"line":116,"column":2},"end":{"line":118,"column":3}},{"start":{},"end":{}}]},"8":{"loc":{"start":{"line":134,"column":2},"end":{"line":134,"column":44}},"type":"if","locations":[{"start":{"line":134,"column":2},"end":{"line":134,"column":44}},{"start":{},"end":{}}]},"9":{"loc":{"start":{"line":152,"column":2},"end":{"line":152,"column":88}},"type":"if","locations":[{"start":{"line":152,"column":2},"end":{"line":152,"column":88}},{"start":{},"end":{}}]},"10":{"loc":{"start":{"line":152,"column":6},"end":{"line":152,"column":69}},"type":"binary-expr","locations":[{"start":{"line":152,"column":6},"end":{"line":152,"column":35}},{"start":{"line":152,"column":39},"end":{"line":152,"column":69}}]}},"s":{"0":1,"1":1,"2":1,"3":1,"4":1,"5":1,"6":5,"7":5,"8":0,"9":0,"10":0,"11":0,"12":0,"13":0,"14":0,"15":0,"16":0,"17":0,"18":0,"19":0,"20":0,"21":0,"22":1,"23":1,"24":0,"25":2,"26":2,"27":2,"28":2,"29":2,"30":2,"31":2,"32":2,"33":0,"34":2,"35":0,"36":2,"37":1,"38":0,"39":1,"40":1,"41":0,"42":1,"43":1,"44":0,"45":0,"46":0,"47":0,"48":0,"49":1,"50":1,"51":0,"52":0},"f":{"0":5,"1":0,"2":0,"3":0,"4":0,"5":1,"6":0,"7":2,"8":2,"9":2,"10":1,"11":1,"12":0,"13":1,"14":0,"15":0},"b":{"0":[5,0],"1":[5,5],"2":[0,0],"3":[0,0],"4":[0],"5":[2,0],"6":[0,2],"7":[0,2],"8":[0,1],"9":[1,0],"10":[1,1]}}
,"/workspaces/Fund-My-Cause/apps/interface/src/lib/cacheStrategy.ts": {"path":"/workspaces/Fund-My-Cause/apps/interface/src/lib/cacheStrategy.ts","statementMap":{"0":{"start":{"line":17,"column":0},"end":{"line":17,"column":16}},"1":{"start":{"line":128,"column":0},"end":{"line":128,"column":16}},"2":{"start":{"line":132,"column":0},"end":{"line":132,"column":16}},"3":{"start":{"line":136,"column":0},"end":{"line":136,"column":16}},"4":{"start":{"line":143,"column":0},"end":{"line":143,"column":7}},"5":{"start":{"line":165,"column":0},"end":{"line":165,"column":7}},"6":{"start":{"line":184,"column":0},"end":{"line":184,"column":16}},"7":{"start":{"line":192,"column":0},"end":{"line":192,"column":16}},"8":{"start":{"line":18,"column":31},"end":{"line":18,"column":33}},"9":{"start":{"line":20,"column":2},"end":{"line":20,"column":47}},"10":{"start":{"line":20,"column":21},"end":{"line":20,"column":47}},"11":{"start":{"line":21,"column":2},"end":{"line":21,"column":49}},"12":{"start":{"line":21,"column":22},"end":{"line":21,"column":49}},"13":{"start":{"line":22,"column":2},"end":{"line":23,"column":48}},"14":{"start":{"line":23,"column":4},"end":{"line":23,"column":48}},"15":{"start":{"line":24,"column":2},"end":{"line":25,"column":50}},"16":{"start":{"line":25,"column":4},"end":{"line":25,"column":50}},"17":{"start":{"line":26,"column":2},"end":{"line":29,"column":6}},"18":{"start":{"line":27,"column":4},"end":{"line":29,"column":6}},"19":{"start":{"line":30,"column":2},"end":{"line":31,"column":61}},"20":{"start":{"line":31,"column":4},"end":{"line":31,"column":61}},"21":{"start":{"line":33,"column":2},"end":{"line":33,"column":31}},"22":{"start":{"line":43,"column":4},"end":{"line":43,"column":25}},"23":{"start":{"line":47,"column":4},"end":{"line":47,"column":46}},"24":{"start":{"line":47,"column":39},"end":{"line":47,"column":46}},"25":{"start":{"line":49,"column":17},"end":{"line":53,"column":6}},"26":{"start":{"line":55,"column":4},"end":{"line":62,"column":5}},"27":{"start":{"line":56,"column":6},"end":{"line":59,"column":8}},"28":{"start":{"line":61,"column":6},"end":{"line":61,"column":47}},"29":{"start":{"line":66,"column":4},"end":{"line":66,"column":51}},"30":{"start":{"line":66,"column":39},"end":{"line":66,"column":51}},"31":{"start":{"line":68,"column":4},"end":{"line":84,"column":5}},"32":{"start":{"line":69,"column":19},"end":{"line":69,"column":63}},"33":{"start":{"line":70,"column":6},"end":{"line":70,"column":29}},"34":{"start":{"line":70,"column":17},"end":{"line":70,"column":29}},"35":{"start":{"line":72,"column":21},"end":{"line":72,"column":37}},"36":{"start":{"line":73,"column":40},"end":{"line":73,"column":46}},"37":{"start":{"line":75,"column":6},"end":{"line":78,"column":7}},"38":{"start":{"line":76,"column":8},"end":{"line":76,"column":25}},"39":{"start":{"line":77,"column":8},"end":{"line":77,"column":20}},"40":{"start":{"line":80,"column":6},"end":{"line":80,"column":19}},"41":{"start":{"line":82,"column":6},"end":{"line":82,"column":49}},"42":{"start":{"line":83,"column":6},"end":{"line":83,"column":18}},"43":{"start":{"line":88,"column":4},"end":{"line":88,"column":46}},"44":{"start":{"line":88,"column":39},"end":{"line":88,"column":46}},"45":{"start":{"line":89,"column":4},"end":{"line":89,"column":52}},"46":{"start":{"line":93,"column":4},"end":{"line":93,"column":46}},"47":{"start":{"line":93,"column":39},"end":{"line":93,"column":46}},"48":{"start":{"line":95,"column":4},"end":{"line":104,"column":5}},"49":{"start":{"line":96,"column":19},"end":{"line":96,"column":44}},"50":{"start":{"line":97,"column":6},"end":{"line":101,"column":9}},"51":{"start":{"line":98,"column":8},"end":{"line":100,"column":9}},"52":{"start":{"line":99,"column":10},"end":{"line":99,"column":39}},"53":{"start":{"line":103,"column":6},"end":{"line":103,"column":45}},"54":{"start":{"line":108,"column":4},"end":{"line":108,"column":46}},"55":{"start":{"line":108,"column":39},"end":{"line":108,"column":46}},"56":{"start":{"line":110,"column":4},"end":{"line":122,"column":5}},"57":{"start":{"line":111,"column":19},"end":{"line":111,"column":44}},"58":{"start":{"line":112,"column":6},"end":{"line":119,"column":9}},"59":{"start":{"line":113,"column":8},"end":{"line":118,"column":9}},"60":{"start":{"line":117,"column":10},"end":{"line":117,"column":39}},"61":{"start":{"line":121,"column":6},"end":{"line":121,"column":52}},"62":{"start":{"line":39,"column":0},"end":{"line":39,"column":13}},"63":{"start":{"line":126,"column":23},"end":{"line":126,"column":57}},"64":{"start":{"line":129,"column":2},"end":{"line":129,"column":38}},"65":{"start":{"line":133,"column":2},"end":{"line":133,"column":45}},"66":{"start":{"line":137,"column":2},"end":{"line":137,"column":37}},"67":{"start":{"line":146,"column":2},"end":{"line":148,"column":3}},"68":{"start":{"line":147,"column":4},"end":{"line":147,"column":16}},"69":{"start":{"line":150,"column":2},"end":{"line":159,"column":3}},"70":{"start":{"line":151,"column":25},"end":{"line":153,"column":null}},"71":{"start":{"line":155,"column":4},"end":{"line":155,"column":24}},"72":{"start":{"line":157,"column":4},"end":{"line":157,"column":64}},"73":{"start":{"line":158,"column":4},"end":{"line":158,"column":16}},"74":{"start":{"line":166,"column":2},"end":{"line":168,"column":3}},"75":{"start":{"line":167,"column":4},"end":{"line":167,"column":11}},"76":{"start":{"line":170,"column":2},"end":{"line":178,"column":3}},"77":{"start":{"line":172,"column":6},"end":{"line":172,"column":54}},"78":{"start":{"line":173,"column":4},"end":{"line":175,"column":5}},"79":{"start":{"line":174,"column":6},"end":{"line":174,"column":38}},"80":{"start":{"line":177,"column":4},"end":{"line":177,"column":66}},"81":{"start":{"line":185,"column":2},"end":{"line":185,"column":50}},"82":{"start":{"line":185,"column":37},"end":{"line":185,"column":50}},"83":{"start":{"line":186,"column":2},"end":{"line":186,"column":27}},"84":{"start":{"line":195,"column":2},"end":{"line":195,"column":53}},"85":{"start":{"line":195,"column":37},"end":{"line":195,"column":53}},"86":{"start":{"line":197,"column":23},"end":{"line":197,"column":43}},"87":{"start":{"line":197,"column":29},"end":{"line":197,"column":43}},"88":{"start":{"line":198,"column":24},"end":{"line":198,"column":45}},"89":{"start":{"line":198,"column":30},"end":{"line":198,"column":45}},"90":{"start":{"line":200,"column":2},"end":{"line":200,"column":50}},"91":{"start":{"line":201,"column":2},"end":{"line":201,"column":52}},"92":{"start":{"line":203,"column":2},"end":{"line":206,"column":4}},"93":{"start":{"line":204,"column":4},"end":{"line":204,"column":55}},"94":{"start":{"line":205,"column":4},"end":{"line":205,"column":57}}},"fnMap":{"0":{"name":"generateCacheControl","decl":{"start":{"line":17,"column":16},"end":{"line":17,"column":36}},"loc":{"start":{"line":17,"column":56},"end":{"line":34,"column":1}}},"1":{"name":"(anonymous_1)","decl":{"start":{"line":42,"column":2},"end":{"line":42,"column":14}},"loc":{"start":{"line":42,"column":35},"end":{"line":44,"column":3}}},"2":{"name":"(anonymous_2)","decl":{"start":{"line":46,"column":2},"end":{"line":46,"column":5}},"loc":{"start":{"line":46,"column":47},"end":{"line":63,"column":3}}},"3":{"name":"(anonymous_3)","decl":{"start":{"line":65,"column":2},"end":{"line":65,"column":5}},"loc":{"start":{"line":65,"column":17},"end":{"line":85,"column":3}}},"4":{"name":"(anonymous_4)","decl":{"start":{"line":87,"column":2},"end":{"line":87,"column":8}},"loc":{"start":{"line":87,"column":20},"end":{"line":90,"column":3}}},"5":{"name":"(anonymous_5)","decl":{"start":{"line":92,"column":2},"end":{"line":92,"column":7}},"loc":{"start":{"line":92,"column":7},"end":{"line":105,"column":3}}},"6":{"name":"(anonymous_6)","decl":{"start":{"line":97,"column":19},"end":{"line":97,"column":20}},"loc":{"start":{"line":97,"column":27},"end":{"line":101,"column":7}}},"7":{"name":"(anonymous_7)","decl":{"start":{"line":107,"column":2},"end":{"line":107,"column":12}},"loc":{"start":{"line":107,"column":28},"end":{"line":123,"column":3}}},"8":{"name":"(anonymous_8)","decl":{"start":{"line":112,"column":19},"end":{"line":112,"column":20}},"loc":{"start":{"line":112,"column":27},"end":{"line":119,"column":7}}},"9":{"name":"setCachedAnalyticsData","decl":{"start":{"line":128,"column":16},"end":{"line":128,"column":38}},"loc":{"start":{"line":128,"column":77},"end":{"line":130,"column":1}}},"10":{"name":"getCachedAnalyticsData","decl":{"start":{"line":132,"column":16},"end":{"line":132,"column":38}},"loc":{"start":{"line":132,"column":53},"end":{"line":134,"column":1}}},"11":{"name":"invalidateAnalyticsCache","decl":{"start":{"line":136,"column":16},"end":{"line":136,"column":40}},"loc":{"start":{"line":136,"column":56},"end":{"line":138,"column":1}}},"12":{"name":"registerServiceWorker","decl":{"start":{"line":143,"column":22},"end":{"line":143,"column":43}},"loc":{"start":{"line":144,"column":19},"end":{"line":160,"column":1}}},"13":{"name":"unregisterServiceWorker","decl":{"start":{"line":165,"column":22},"end":{"line":165,"column":45}},"loc":{"start":{"line":165,"column":45},"end":{"line":179,"column":1}}},"14":{"name":"isOffline","decl":{"start":{"line":184,"column":16},"end":{"line":184,"column":25}},"loc":{"start":{"line":184,"column":25},"end":{"line":187,"column":1}}},"15":{"name":"onOnlineStatusChange","decl":{"start":{"line":192,"column":16},"end":{"line":192,"column":36}},"loc":{"start":{"line":193,"column":39},"end":{"line":207,"column":1}}},"16":{"name":"(anonymous_16)","decl":{"start":{"line":195,"column":44},"end":{"line":195,"column":47}},"loc":{"start":{"line":195,"column":49},"end":{"line":195,"column":52}}},"17":{"name":"(anonymous_17)","decl":{"start":{"line":197,"column":23},"end":{"line":197,"column":26}},"loc":{"start":{"line":197,"column":29},"end":{"line":197,"column":43}}},"18":{"name":"(anonymous_18)","decl":{"start":{"line":198,"column":24},"end":{"line":198,"column":27}},"loc":{"start":{"line":198,"column":30},"end":{"line":198,"column":45}}},"19":{"name":"(anonymous_19)","decl":{"start":{"line":203,"column":9},"end":{"line":203,"column":12}},"loc":{"start":{"line":203,"column":14},"end":{"line":206,"column":3}}}},"branchMap":{"0":{"loc":{"start":{"line":20,"column":2},"end":{"line":20,"column":47}},"type":"if","locations":[{"start":{"line":20,"column":2},"end":{"line":20,"column":47}},{"start":{},"end":{}}]},"1":{"loc":{"start":{"line":21,"column":2},"end":{"line":21,"column":49}},"type":"if","locations":[{"start":{"line":21,"column":2},"end":{"line":21,"column":49}},{"start":{},"end":{}}]},"2":{"loc":{"start":{"line":22,"column":2},"end":{"line":23,"column":48}},"type":"if","locations":[{"start":{"line":22,"column":2},"end":{"line":23,"column":48}},{"start":{},"end":{}}]},"3":{"loc":{"start":{"line":24,"column":2},"end":{"line":25,"column":50}},"type":"if","locations":[{"start":{"line":24,"column":2},"end":{"line":25,"column":50}},{"start":{},"end":{}}]},"4":{"loc":{"start":{"line":26,"column":2},"end":{"line":29,"column":6}},"type":"if","locations":[{"start":{"line":26,"column":2},"end":{"line":29,"column":6}},{"start":{},"end":{}}]},"5":{"loc":{"start":{"line":30,"column":2},"end":{"line":31,"column":61}},"type":"if","locations":[{"start":{"line":30,"column":2},"end":{"line":31,"column":61}},{"start":{},"end":{}}]},"6":{"loc":{"start":{"line":42,"column":14},"end":{"line":42,"column":35}},"type":"default-arg","locations":[{"start":{"line":42,"column":23},"end":{"line":42,"column":35}}]},"7":{"loc":{"start":{"line":47,"column":4},"end":{"line":47,"column":46}},"type":"if","locations":[{"start":{"line":47,"column":4},"end":{"line":47,"column":46}},{"start":{},"end":{}}]},"8":{"loc":{"start":{"line":66,"column":4},"end":{"line":66,"column":51}},"type":"if","locations":[{"start":{"line":66,"column":4},"end":{"line":66,"column":51}},{"start":{},"end":{}}]},"9":{"loc":{"start":{"line":70,"column":6},"end":{"line":70,"column":29}},"type":"if","locations":[{"start":{"line":70,"column":6},"end":{"line":70,"column":29}},{"start":{},"end":{}}]},"10":{"loc":{"start":{"line":75,"column":6},"end":{"line":78,"column":7}},"type":"if","locations":[{"start":{"line":75,"column":6},"end":{"line":78,"column":7}},{"start":{},"end":{}}]},"11":{"loc":{"start":{"line":75,"column":10},"end":{"line":75,"column":45}},"type":"binary-expr","locations":[{"start":{"line":75,"column":10},"end":{"line":75,"column":13}},{"start":{"line":75,"column":17},"end":{"line":75,"column":45}}]},"12":{"loc":{"start":{"line":88,"column":4},"end":{"line":88,"column":46}},"type":"if","locations":[{"start":{"line":88,"column":4},"end":{"line":88,"column":46}},{"start":{},"end":{}}]},"13":{"loc":{"start":{"line":93,"column":4},"end":{"line":93,"column":46}},"type":"if","locations":[{"start":{"line":93,"column":4},"end":{"line":93,"column":46}},{"start":{},"end":{}}]},"14":{"loc":{"start":{"line":98,"column":8},"end":{"line":100,"column":9}},"type":"if","locations":[{"start":{"line":98,"column":8},"end":{"line":100,"column":9}},{"start":{},"end":{}}]},"15":{"loc":{"start":{"line":108,"column":4},"end":{"line":108,"column":46}},"type":"if","locations":[{"start":{"line":108,"column":4},"end":{"line":108,"column":46}},{"start":{},"end":{}}]},"16":{"loc":{"start":{"line":113,"column":8},"end":{"line":118,"column":9}},"type":"if","locations":[{"start":{"line":113,"column":8},"end":{"line":118,"column":9}},{"start":{},"end":{}}]},"17":{"loc":{"start":{"line":114,"column":10},"end":{"line":115,"column":52}},"type":"binary-expr","locations":[{"start":{"line":114,"column":10},"end":{"line":114,"column":37}},{"start":{"line":115,"column":10},"end":{"line":115,"column":52}}]},"18":{"loc":{"start":{"line":128,"column":65},"end":{"line":128,"column":77}},"type":"default-arg","locations":[{"start":{"line":128,"column":71},"end":{"line":128,"column":77}}]},"19":{"loc":{"start":{"line":146,"column":2},"end":{"line":148,"column":3}},"type":"if","locations":[{"start":{"line":146,"column":2},"end":{"line":148,"column":3}},{"start":{},"end":{}}]},"20":{"loc":{"start":{"line":146,"column":6},"end":{"line":146,"column":70}},"type":"binary-expr","locations":[{"start":{"line":146,"column":6},"end":{"line":146,"column":35}},{"start":{"line":146,"column":39},"end":{"line":146,"column":70}}]},"21":{"loc":{"start":{"line":166,"column":2},"end":{"line":168,"column":3}},"type":"if","locations":[{"start":{"line":166,"column":2},"end":{"line":168,"column":3}},{"start":{},"end":{}}]},"22":{"loc":{"start":{"line":166,"column":6},"end":{"line":166,"column":70}},"type":"binary-expr","locations":[{"start":{"line":166,"column":6},"end":{"line":166,"column":35}},{"start":{"line":166,"column":39},"end":{"line":166,"column":70}}]},"23":{"loc":{"start":{"line":185,"column":2},"end":{"line":185,"column":50}},"type":"if","locations":[{"start":{"line":185,"column":2},"end":{"line":185,"column":50}},{"start":{},"end":{}}]},"24":{"loc":{"start":{"line":195,"column":2},"end":{"line":195,"column":53}},"type":"if","locations":[{"start":{"line":195,"column":2},"end":{"line":195,"column":53}},{"start":{},"end":{}}]}},"s":{"0":1,"1":1,"2":1,"3":1,"4":1,"5":1,"6":1,"7":1,"8":4,"9":4,"10":1,"11":4,"12":1,"13":4,"14":4,"15":4,"16":0,"17":4,"18":1,"19":4,"20":1,"21":4,"22":8,"23":9,"24":0,"25":9,"26":9,"27":9,"28":0,"29":9,"30":0,"31":9,"32":9,"33":9,"34":5,"35":4,"36":4,"37":4,"38":1,"39":1,"40":3,"41":0,"42":0,"43":2,"44":0,"45":2,"46":1,"47":0,"48":1,"49":1,"50":1,"51":2,"52":2,"53":0,"54":1,"55":0,"56":1,"57":1,"58":1,"59":3,"60":2,"61":0,"62":1,"63":1,"64":0,"65":0,"66":0,"67":1,"68":0,"69":1,"70":1,"71":0,"72":1,"73":1,"74":1,"75":0,"76":1,"77":1,"78":0,"79":0,"80":1,"81":1,"82":0,"83":1,"84":3,"85":0,"86":3,"87":1,"88":3,"89":1,"90":3,"91":3,"92":3,"93":3,"94":3},"f":{"0":4,"1":8,"2":9,"3":9,"4":2,"5":1,"6":2,"7":1,"8":3,"9":0,"10":0,"11":0,"12":1,"13":1,"14":1,"15":3,"16":0,"17":1,"18":1,"19":3},"b":{"0":[1,3],"1":[1,3],"2":[4,0],"3":[0,4],"4":[1,3],"5":[1,3],"6":[6],"7":[0,9],"8":[0,9],"9":[5,4],"10":[1,3],"11":[4,2],"12":[0,2],"13":[0,1],"14":[2,0],"15":[0,1],"16":[2,1],"17":[3,3],"18":[0],"19":[0,1],"20":[1,1],"21":[0,1],"22":[1,1],"23":[0,1],"24":[0,3]}}
,"/workspaces/Fund-My-Cause/apps/interface/src/lib/cacheTTLs.ts": {"path":"/workspaces/Fund-My-Cause/apps/interface/src/lib/cacheTTLs.ts","statementMap":{"0":{"start":{"line":1,"column":12},"end":{"line":1,"column":18}},"1":{"start":{"line":14,"column":13},"end":{"line":35,"column":11}}},"fnMap":{},"branchMap":{},"s":{"0":0,"1":0},"f":{},"b":{}}
,"/workspaces/Fund-My-Cause/apps/interface/src/lib/campaign-import.ts": {"path":"/workspaces/Fund-My-Cause/apps/interface/src/lib/campaign-import.ts","statementMap":{"0":{"start":{"line":16,"column":0},"end":{"line":16,"column":16}},"1":{"start":{"line":35,"column":0},"end":{"line":35,"column":16}},"2":{"start":{"line":81,"column":0},"end":{"line":81,"column":16}},"3":{"start":{"line":17,"column":16},"end":{"line":17,"column":38}},"4":{"start":{"line":18,"column":2},"end":{"line":18,"column":34}},"5":{"start":{"line":18,"column":24},"end":{"line":18,"column":34}},"6":{"start":{"line":20,"column":18},"end":{"line":20,"column":58}},"7":{"start":{"line":20,"column":49},"end":{"line":20,"column":57}},"8":{"start":{"line":21,"column":41},"end":{"line":21,"column":43}},"9":{"start":{"line":23,"column":2},"end":{"line":30,"column":3}},"10":{"start":{"line":23,"column":15},"end":{"line":23,"column":16}},"11":{"start":{"line":24,"column":19},"end":{"line":24,"column":59}},"12":{"start":{"line":24,"column":50},"end":{"line":24,"column":58}},"13":{"start":{"line":25,"column":40},"end":{"line":25,"column":42}},"14":{"start":{"line":26,"column":4},"end":{"line":28,"column":7}},"15":{"start":{"line":27,"column":6},"end":{"line":27,"column":38}},"16":{"start":{"line":29,"column":4},"end":{"line":29,"column":19}},"17":{"start":{"line":32,"column":2},"end":{"line":32,"column":14}},"18":{"start":{"line":36,"column":42},"end":{"line":36,"column":44}},"19":{"start":{"line":38,"column":2},"end":{"line":40,"column":3}},"20":{"start":{"line":39,"column":4},"end":{"line":39,"column":84}},"21":{"start":{"line":42,"column":2},"end":{"line":44,"column":3}},"22":{"start":{"line":43,"column":4},"end":{"line":43,"column":97}},"23":{"start":{"line":46,"column":15},"end":{"line":46,"column":36}},"24":{"start":{"line":47,"column":2},"end":{"line":49,"column":3}},"25":{"start":{"line":48,"column":4},"end":{"line":48,"column":78}},"26":{"start":{"line":51,"column":19},"end":{"line":51,"column":42}},"27":{"start":{"line":52,"column":2},"end":{"line":54,"column":3}},"28":{"start":{"line":53,"column":4},"end":{"line":53,"column":82}},"29":{"start":{"line":56,"column":26},"end":{"line":56,"column":58}},"30":{"start":{"line":57,"column":2},"end":{"line":59,"column":3}},"31":{"start":{"line":58,"column":4},"end":{"line":58,"column":96}},"32":{"start":{"line":61,"column":2},"end":{"line":63,"column":3}},"33":{"start":{"line":62,"column":4},"end":{"line":62,"column":69}},"34":{"start":{"line":65,"column":2},"end":{"line":67,"column":3}},"35":{"start":{"line":66,"column":4},"end":{"line":66,"column":69}},"36":{"start":{"line":69,"column":2},"end":{"line":69,"column":16}},"37":{"start":{"line":73,"column":2},"end":{"line":78,"column":3}},"38":{"start":{"line":74,"column":4},"end":{"line":74,"column":17}},"39":{"start":{"line":75,"column":4},"end":{"line":75,"column":16}},"40":{"start":{"line":77,"column":4},"end":{"line":77,"column":17}},"41":{"start":{"line":82,"column":14},"end":{"line":82,"column":32}},"42":{"start":{"line":83,"column":2},"end":{"line":83,"column":46}}},"fnMap":{"0":{"name":"parseCSV","decl":{"start":{"line":16,"column":16},"end":{"line":16,"column":24}},"loc":{"start":{"line":16,"column":36},"end":{"line":33,"column":1}}},"1":{"name":"(anonymous_1)","decl":{"start":{"line":20,"column":42},"end":{"line":20,"column":43}},"loc":{"start":{"line":20,"column":49},"end":{"line":20,"column":57}}},"2":{"name":"(anonymous_2)","decl":{"start":{"line":24,"column":43},"end":{"line":24,"column":44}},"loc":{"start":{"line":24,"column":50},"end":{"line":24,"column":58}}},"3":{"name":"(anonymous_3)","decl":{"start":{"line":26,"column":20},"end":{"line":26,"column":21}},"loc":{"start":{"line":26,"column":36},"end":{"line":28,"column":5}}},"4":{"name":"validateImportData","decl":{"start":{"line":35,"column":16},"end":{"line":35,"column":34}},"loc":{"start":{"line":35,"column":59},"end":{"line":70,"column":1}}},"5":{"name":"isValidUrl","decl":{"start":{"line":72,"column":9},"end":{"line":72,"column":19}},"loc":{"start":{"line":72,"column":31},"end":{"line":79,"column":1}}},"6":{"name":"convertToXLM","decl":{"start":{"line":81,"column":16},"end":{"line":81,"column":28}},"loc":{"start":{"line":81,"column":43},"end":{"line":84,"column":1}}}},"branchMap":{"0":{"loc":{"start":{"line":18,"column":2},"end":{"line":18,"column":34}},"type":"if","locations":[{"start":{"line":18,"column":2},"end":{"line":18,"column":34}},{"start":{},"end":{}}]},"1":{"loc":{"start":{"line":27,"column":20},"end":{"line":27,"column":37}},"type":"binary-expr","locations":[{"start":{"line":27,"column":20},"end":{"line":27,"column":31}},{"start":{"line":27,"column":35},"end":{"line":27,"column":37}}]},"2":{"loc":{"start":{"line":38,"column":2},"end":{"line":40,"column":3}},"type":"if","locations":[{"start":{"line":38,"column":2},"end":{"line":40,"column":3}},{"start":{},"end":{}}]},"3":{"loc":{"start":{"line":38,"column":6},"end":{"line":38,"column":42}},"type":"binary-expr","locations":[{"start":{"line":38,"column":6},"end":{"line":38,"column":17}},{"start":{"line":38,"column":21},"end":{"line":38,"column":42}}]},"4":{"loc":{"start":{"line":42,"column":2},"end":{"line":44,"column":3}},"type":"if","locations":[{"start":{"line":42,"column":2},"end":{"line":44,"column":3}},{"start":{},"end":{}}]},"5":{"loc":{"start":{"line":42,"column":6},"end":{"line":42,"column":55}},"type":"binary-expr","locations":[{"start":{"line":42,"column":6},"end":{"line":42,"column":23}},{"start":{"line":42,"column":27},"end":{"line":42,"column":55}}]},"6":{"loc":{"start":{"line":47,"column":2},"end":{"line":49,"column":3}},"type":"if","locations":[{"start":{"line":47,"column":2},"end":{"line":49,"column":3}},{"start":{},"end":{}}]},"7":{"loc":{"start":{"line":47,"column":6},"end":{"line":47,"column":30}},"type":"binary-expr","locations":[{"start":{"line":47,"column":6},"end":{"line":47,"column":17}},{"start":{"line":47,"column":21},"end":{"line":47,"column":30}}]},"8":{"loc":{"start":{"line":52,"column":2},"end":{"line":54,"column":3}},"type":"if","locations":[{"start":{"line":52,"column":2},"end":{"line":54,"column":3}},{"start":{},"end":{}}]},"9":{"loc":{"start":{"line":52,"column":6},"end":{"line":52,"column":57}},"type":"binary-expr","locations":[{"start":{"line":52,"column":6},"end":{"line":52,"column":31}},{"start":{"line":52,"column":35},"end":{"line":52,"column":57}}]},"10":{"loc":{"start":{"line":57,"column":2},"end":{"line":59,"column":3}},"type":"if","locations":[{"start":{"line":57,"column":2},"end":{"line":59,"column":3}},{"start":{},"end":{}}]},"11":{"loc":{"start":{"line":57,"column":6},"end":{"line":57,"column":52}},"type":"binary-expr","locations":[{"start":{"line":57,"column":6},"end":{"line":57,"column":28}},{"start":{"line":57,"column":32},"end":{"line":57,"column":52}}]},"12":{"loc":{"start":{"line":61,"column":2},"end":{"line":63,"column":3}},"type":"if","locations":[{"start":{"line":61,"column":2},"end":{"line":63,"column":3}},{"start":{},"end":{}}]},"13":{"loc":{"start":{"line":61,"column":6},"end":{"line":61,"column":49}},"type":"binary-expr","locations":[{"start":{"line":61,"column":6},"end":{"line":61,"column":19}},{"start":{"line":61,"column":23},"end":{"line":61,"column":49}}]},"14":{"loc":{"start":{"line":65,"column":2},"end":{"line":67,"column":3}},"type":"if","locations":[{"start":{"line":65,"column":2},"end":{"line":67,"column":3}},{"start":{},"end":{}}]},"15":{"loc":{"start":{"line":65,"column":6},"end":{"line":65,"column":49}},"type":"binary-expr","locations":[{"start":{"line":65,"column":6},"end":{"line":65,"column":19}},{"start":{"line":65,"column":23},"end":{"line":65,"column":49}}]}},"s":{"0":1,"1":1,"2":1,"3":3,"4":3,"5":1,"6":2,"7":5,"8":2,"9":2,"10":2,"11":3,"12":8,"13":3,"14":3,"15":8,"16":3,"17":2,"18":6,"19":6,"20":1,"21":6,"22":1,"23":6,"24":6,"25":1,"26":6,"27":6,"28":1,"29":6,"30":6,"31":0,"32":6,"33":1,"34":6,"35":0,"36":6,"37":1,"38":1,"39":0,"40":1,"41":4,"42":4},"f":{"0":3,"1":5,"2":8,"3":8,"4":6,"5":1,"6":4},"b":{"0":[1,2],"1":[8,0],"2":[1,5],"3":[6,6],"4":[1,5],"5":[6,6],"6":[1,5],"7":[6,5],"8":[1,5],"9":[6,6],"10":[0,6],"11":[6,6],"12":[1,5],"13":[6,1],"14":[0,6],"15":[6,0]}}
,"/workspaces/Fund-My-Cause/apps/interface/src/lib/campaign-templates.ts": {"path":"/workspaces/Fund-My-Cause/apps/interface/src/lib/campaign-templates.ts","statementMap":{"0":{"start":{"line":85,"column":0},"end":{"line":85,"column":16}},"1":{"start":{"line":89,"column":0},"end":{"line":89,"column":16}},"2":{"start":{"line":12,"column":13},"end":{"line":83,"column":2}},"3":{"start":{"line":86,"column":2},"end":{"line":86,"column":53}},"4":{"start":{"line":86,"column":40},"end":{"line":86,"column":51}},"5":{"start":{"line":92,"column":2},"end":{"line":92,"column":67}},"6":{"start":{"line":92,"column":42},"end":{"line":92,"column":65}}},"fnMap":{"0":{"name":"getTemplateById","decl":{"start":{"line":85,"column":16},"end":{"line":85,"column":31}},"loc":{"start":{"line":85,"column":42},"end":{"line":87,"column":1}}},"1":{"name":"(anonymous_1)","decl":{"start":{"line":86,"column":33},"end":{"line":86,"column":34}},"loc":{"start":{"line":86,"column":40},"end":{"line":86,"column":51}}},"2":{"name":"getTemplatesByCategory","decl":{"start":{"line":89,"column":16},"end":{"line":89,"column":38}},"loc":{"start":{"line":90,"column":40},"end":{"line":93,"column":1}}},"3":{"name":"(anonymous_3)","decl":{"start":{"line":92,"column":35},"end":{"line":92,"column":36}},"loc":{"start":{"line":92,"column":42},"end":{"line":92,"column":65}}}},"branchMap":{},"s":{"0":0,"1":0,"2":0,"3":0,"4":0,"5":0,"6":0},"f":{"0":0,"1":0,"2":0,"3":0},"b":{}}
,"/workspaces/Fund-My-Cause/apps/interface/src/lib/campaignDateFormatting.ts": {"path":"/workspaces/Fund-My-Cause/apps/interface/src/lib/campaignDateFormatting.ts","statementMap":{"0":{"start":{"line":14,"column":0},"end":{"line":14,"column":16}},"1":{"start":{"line":31,"column":0},"end":{"line":31,"column":16}},"2":{"start":{"line":49,"column":0},"end":{"line":49,"column":16}},"3":{"start":{"line":7,"column":0},"end":{"line":7,"column":83}},"4":{"start":{"line":18,"column":18},"end":{"line":18,"column":66}},"5":{"start":{"line":19,"column":2},"end":{"line":23,"column":5}},"6":{"start":{"line":35,"column":18},"end":{"line":35,"column":66}},"7":{"start":{"line":36,"column":2},"end":{"line":41,"column":5}},"8":{"start":{"line":53,"column":18},"end":{"line":53,"column":66}},"9":{"start":{"line":54,"column":18},"end":{"line":58,"column":4}},"10":{"start":{"line":59,"column":18},"end":{"line":62,"column":34}},"11":{"start":{"line":65,"column":2},"end":{"line":65,"column":27}},"12":{"start":{"line":66,"column":2},"end":{"line":66,"column":36}}},"fnMap":{"0":{"name":"formatCampaignDateShort","decl":{"start":{"line":14,"column":16},"end":{"line":14,"column":39}},"loc":{"start":{"line":16,"column":26},"end":{"line":24,"column":1}}},"1":{"name":"formatCampaignDateLong","decl":{"start":{"line":31,"column":16},"end":{"line":31,"column":38}},"loc":{"start":{"line":33,"column":26},"end":{"line":42,"column":1}}},"2":{"name":"formatCampaignDateTime","decl":{"start":{"line":49,"column":16},"end":{"line":49,"column":38}},"loc":{"start":{"line":51,"column":26},"end":{"line":67,"column":1}}}},"branchMap":{"0":{"loc":{"start":{"line":16,"column":2},"end":{"line":16,"column":26}},"type":"default-arg","locations":[{"start":{"line":16,"column":19},"end":{"line":16,"column":26}}]},"1":{"loc":{"start":{"line":18,"column":18},"end":{"line":18,"column":66}},"type":"cond-expr","locations":[{"start":{"line":18,"column":45},"end":{"line":18,"column":59}},{"start":{"line":18,"column":62},"end":{"line":18,"column":66}}]},"2":{"loc":{"start":{"line":33,"column":2},"end":{"line":33,"column":26}},"type":"default-arg","locations":[{"start":{"line":33,"column":19},"end":{"line":33,"column":26}}]},"3":{"loc":{"start":{"line":35,"column":18},"end":{"line":35,"column":66}},"type":"cond-expr","locations":[{"start":{"line":35,"column":45},"end":{"line":35,"column":59}},{"start":{"line":35,"column":62},"end":{"line":35,"column":66}}]},"4":{"loc":{"start":{"line":51,"column":2},"end":{"line":51,"column":26}},"type":"default-arg","locations":[{"start":{"line":51,"column":19},"end":{"line":51,"column":26}}]},"5":{"loc":{"start":{"line":53,"column":18},"end":{"line":53,"column":66}},"type":"cond-expr","locations":[{"start":{"line":53,"column":45},"end":{"line":53,"column":59}},{"start":{"line":53,"column":62},"end":{"line":53,"column":66}}]}},"s":{"0":1,"1":1,"2":1,"3":1,"4":8,"5":8,"6":3,"7":3,"8":3,"9":3,"10":3,"11":3,"12":3},"f":{"0":8,"1":3,"2":3},"b":{"0":[1],"1":[1,7],"2":[0],"3":[1,2],"4":[0],"5":[1,2]}}
,"/workspaces/Fund-My-Cause/apps/interface/src/lib/campaignDetail.ts": {"path":"/workspaces/Fund-My-Cause/apps/interface/src/lib/campaignDetail.ts","statementMap":{"0":{"start":{"line":13,"column":0},"end":{"line":13,"column":7}},"1":{"start":{"line":1,"column":0},"end":{"line":1,"column":53}},"2":{"start":{"line":2,"column":0},"end":{"line":2,"column":44}},"3":{"start":{"line":16,"column":19},"end":{"line":16,"column":42}},"4":{"start":{"line":17,"column":19},"end":{"line":17,"column":58}},"5":{"start":{"line":17,"column":53},"end":{"line":17,"column":57}},"6":{"start":{"line":20,"column":4},"end":{"line":20,"column":67}},"7":{"start":{"line":21,"column":25},"end":{"line":21,"column":65}},"8":{"start":{"line":22,"column":18},"end":{"line":22,"column":50}},"9":{"start":{"line":24,"column":2},"end":{"line":30,"column":4}}},"fnMap":{"0":{"name":"getCampaignDetailData","decl":{"start":{"line":13,"column":22},"end":{"line":13,"column":43}},"loc":{"start":{"line":14,"column":12},"end":{"line":31,"column":1}}},"1":{"name":"(anonymous_1)","decl":{"start":{"line":17,"column":47},"end":{"line":17,"column":50}},"loc":{"start":{"line":17,"column":53},"end":{"line":17,"column":57}}}},"branchMap":{"0":{"loc":{"start":{"line":20,"column":4},"end":{"line":20,"column":67}},"type":"cond-expr","locations":[{"start":{"line":20,"column":24},"end":{"line":20,"column":63}},{"start":{"line":20,"column":66},"end":{"line":20,"column":67}}]}},"s":{"0":0,"1":0,"2":0,"3":0,"4":0,"5":0,"6":0,"7":0,"8":0,"9":0},"f":{"0":0,"1":0},"b":{"0":[0,0]}}
,"/workspaces/Fund-My-Cause/apps/interface/src/lib/campaignDetailFormat.ts": {"path":"/workspaces/Fund-My-Cause/apps/interface/src/lib/campaignDetailFormat.ts","statementMap":{"0":{"start":{"line":5,"column":0},"end":{"line":5,"column":16}},"1":{"start":{"line":11,"column":0},"end":{"line":11,"column":16}},"2":{"start":{"line":6,"column":2},"end":{"line":6,"column":23}},"3":{"start":{"line":6,"column":13},"end":{"line":6,"column":23}},"4":{"start":{"line":7,"column":2},"end":{"line":7,"column":46}},"5":{"start":{"line":7,"column":34},"end":{"line":7,"column":46}},"6":{"start":{"line":8,"column":2},"end":{"line":8,"column":55}},"7":{"start":{"line":12,"column":2},"end":{"line":17,"column":3}},"8":{"start":{"line":13,"column":19},"end":{"line":13,"column":31}},"9":{"start":{"line":14,"column":4},"end":{"line":14,"column":49}},"10":{"start":{"line":16,"column":4},"end":{"line":16,"column":15}}},"fnMap":{"0":{"name":"truncateAddress","decl":{"start":{"line":5,"column":16},"end":{"line":5,"column":31}},"loc":{"start":{"line":5,"column":64},"end":{"line":9,"column":1}}},"1":{"name":"formatSocialLinkTitle","decl":{"start":{"line":11,"column":16},"end":{"line":11,"column":37}},"loc":{"start":{"line":11,"column":49},"end":{"line":18,"column":1}}}},"branchMap":{"0":{"loc":{"start":{"line":5,"column":46},"end":{"line":5,"column":55}},"type":"default-arg","locations":[{"start":{"line":5,"column":54},"end":{"line":5,"column":55}}]},"1":{"loc":{"start":{"line":5,"column":57},"end":{"line":5,"column":64}},"type":"default-arg","locations":[{"start":{"line":5,"column":63},"end":{"line":5,"column":64}}]},"2":{"loc":{"start":{"line":6,"column":2},"end":{"line":6,"column":23}},"type":"if","locations":[{"start":{"line":6,"column":2},"end":{"line":6,"column":23}},{"start":{},"end":{}}]},"3":{"loc":{"start":{"line":7,"column":2},"end":{"line":7,"column":46}},"type":"if","locations":[{"start":{"line":7,"column":2},"end":{"line":7,"column":46}},{"start":{},"end":{}}]}},"s":{"0":0,"1":0,"2":0,"3":0,"4":0,"5":0,"6":0,"7":0,"8":0,"9":0,"10":0},"f":{"0":0,"1":0},"b":{"0":[0],"1":[0],"2":[0,0],"3":[0,0]}}
,"/workspaces/Fund-My-Cause/apps/interface/src/lib/campaignExport.ts": {"path":"/workspaces/Fund-My-Cause/apps/interface/src/lib/campaignExport.ts","statementMap":{"0":{"start":{"line":8,"column":0},"end":{"line":8,"column":16}},"1":{"start":{"line":24,"column":0},"end":{"line":24,"column":16}},"2":{"start":{"line":50,"column":0},"end":{"line":50,"column":16}},"3":{"start":{"line":9,"column":35},"end":{"line":12,"column":4}},"4":{"start":{"line":14,"column":15},"end":{"line":14,"column":44}},"5":{"start":{"line":15,"column":15},"end":{"line":15,"column":61}},"6":{"start":{"line":16,"column":14},"end":{"line":16,"column":39}},"7":{"start":{"line":17,"column":12},"end":{"line":17,"column":39}},"8":{"start":{"line":18,"column":2},"end":{"line":18,"column":15}},"9":{"start":{"line":19,"column":2},"end":{"line":19,"column":60}},"10":{"start":{"line":20,"column":2},"end":{"line":20,"column":12}},"11":{"start":{"line":21,"column":2},"end":{"line":21,"column":27}},"12":{"start":{"line":25,"column":15},"end":{"line":37,"column":4}},"13":{"start":{"line":39,"column":14},"end":{"line":39,"column":112}},"14":{"start":{"line":39,"column":32},"end":{"line":39,"column":100}},"15":{"start":{"line":39,"column":50},"end":{"line":39,"column":89}},"16":{"start":{"line":41,"column":15},"end":{"line":41,"column":67}},"17":{"start":{"line":42,"column":14},"end":{"line":42,"column":39}},"18":{"start":{"line":43,"column":12},"end":{"line":43,"column":39}},"19":{"start":{"line":44,"column":2},"end":{"line":44,"column":15}},"20":{"start":{"line":45,"column":2},"end":{"line":45,"column":59}},"21":{"start":{"line":46,"column":2},"end":{"line":46,"column":12}},"22":{"start":{"line":47,"column":2},"end":{"line":47,"column":27}},"23":{"start":{"line":51,"column":15},"end":{"line":128,"column":9}},"24":{"start":{"line":130,"column":14},"end":{"line":130,"column":39}},"25":{"start":{"line":131,"column":2},"end":{"line":134,"column":3}},"26":{"start":{"line":132,"column":4},"end":{"line":132,"column":29}},"27":{"start":{"line":133,"column":4},"end":{"line":133,"column":25}}},"fnMap":{"0":{"name":"exportCampaignAsJson","decl":{"start":{"line":8,"column":16},"end":{"line":8,"column":36}},"loc":{"start":{"line":8,"column":55},"end":{"line":22,"column":1}}},"1":{"name":"exportCampaignAsCsv","decl":{"start":{"line":24,"column":16},"end":{"line":24,"column":35}},"loc":{"start":{"line":24,"column":54},"end":{"line":48,"column":1}}},"2":{"name":"(anonymous_2)","decl":{"start":{"line":39,"column":23},"end":{"line":39,"column":24}},"loc":{"start":{"line":39,"column":32},"end":{"line":39,"column":100}}},"3":{"name":"(anonymous_3)","decl":{"start":{"line":39,"column":40},"end":{"line":39,"column":41}},"loc":{"start":{"line":39,"column":50},"end":{"line":39,"column":89}}},"4":{"name":"exportCampaignAsPdf","decl":{"start":{"line":50,"column":16},"end":{"line":50,"column":35}},"loc":{"start":{"line":50,"column":54},"end":{"line":135,"column":1}}}},"branchMap":{"0":{"loc":{"start":{"line":34,"column":21},"end":{"line":34,"column":51}},"type":"binary-expr","locations":[{"start":{"line":34,"column":21},"end":{"line":34,"column":46}},{"start":{"line":34,"column":50},"end":{"line":34,"column":51}}]},"1":{"loc":{"start":{"line":35,"column":25},"end":{"line":35,"column":54}},"type":"binary-expr","locations":[{"start":{"line":35,"column":25},"end":{"line":35,"column":49}},{"start":{"line":35,"column":53},"end":{"line":35,"column":54}}]},"2":{"loc":{"start":{"line":118,"column":27},"end":{"line":118,"column":57}},"type":"binary-expr","locations":[{"start":{"line":118,"column":27},"end":{"line":118,"column":52}},{"start":{"line":118,"column":56},"end":{"line":118,"column":57}}]},"3":{"loc":{"start":{"line":122,"column":27},"end":{"line":122,"column":56}},"type":"binary-expr","locations":[{"start":{"line":122,"column":27},"end":{"line":122,"column":51}},{"start":{"line":122,"column":55},"end":{"line":122,"column":56}}]},"4":{"loc":{"start":{"line":131,"column":2},"end":{"line":134,"column":3}},"type":"if","locations":[{"start":{"line":131,"column":2},"end":{"line":134,"column":3}},{"start":{},"end":{}}]}},"s":{"0":0,"1":0,"2":0,"3":0,"4":0,"5":0,"6":0,"7":0,"8":0,"9":0,"10":0,"11":0,"12":0,"13":0,"14":0,"15":0,"16":0,"17":0,"18":0,"19":0,"20":0,"21":0,"22":0,"23":0,"24":0,"25":0,"26":0,"27":0},"f":{"0":0,"1":0,"2":0,"3":0,"4":0},"b":{"0":[0,0],"1":[0,0],"2":[0,0],"3":[0,0],"4":[0,0]}}
,"/workspaces/Fund-My-Cause/apps/interface/src/lib/campaignProgress.ts": {"path":"/workspaces/Fund-My-Cause/apps/interface/src/lib/campaignProgress.ts","statementMap":{"0":{"start":{"line":1,"column":0},"end":{"line":1,"column":16}},"1":{"start":{"line":8,"column":0},"end":{"line":8,"column":16}},"2":{"start":{"line":5,"column":2},"end":{"line":5,"column":46}},"3":{"start":{"line":9,"column":2},"end":{"line":9,"column":54}}},"fnMap":{"0":{"name":"calculateCampaignProgress","decl":{"start":{"line":1,"column":16},"end":{"line":1,"column":41}},"loc":{"start":{"line":3,"column":14},"end":{"line":6,"column":1}}},"1":{"name":"calculateIsEnded","decl":{"start":{"line":8,"column":16},"end":{"line":8,"column":32}},"loc":{"start":{"line":8,"column":68},"end":{"line":10,"column":1}}}},"branchMap":{"0":{"loc":{"start":{"line":5,"column":9},"end":{"line":5,"column":45}},"type":"cond-expr","locations":[{"start":{"line":5,"column":20},"end":{"line":5,"column":41}},{"start":{"line":5,"column":44},"end":{"line":5,"column":45}}]},"1":{"loc":{"start":{"line":9,"column":9},"end":{"line":9,"column":53}},"type":"binary-expr","locations":[{"start":{"line":9,"column":9},"end":{"line":9,"column":18}},{"start":{"line":9,"column":22},"end":{"line":9,"column":53}}]}},"s":{"0":1,"1":1,"2":8,"3":7},"f":{"0":8,"1":7},"b":{"0":[7,1],"1":[7,5]}}
,"/workspaces/Fund-My-Cause/apps/interface/src/lib/campaigns.ts": {"path":"/workspaces/Fund-My-Cause/apps/interface/src/lib/campaigns.ts","statementMap":{"0":{"start":{"line":2,"column":0},"end":{"line":2,"column":null}},"1":{"start":{"line":9,"column":13},"end":{"line":108,"column":2}}},"fnMap":{},"branchMap":{},"s":{"0":1,"1":1},"f":{},"b":{}}
,"/workspaces/Fund-My-Cause/apps/interface/src/lib/categories.ts": {"path":"/workspaces/Fund-My-Cause/apps/interface/src/lib/categories.ts","statementMap":{"0":{"start":{"line":59,"column":0},"end":{"line":59,"column":16}},"1":{"start":{"line":64,"column":0},"end":{"line":64,"column":16}},"2":{"start":{"line":78,"column":0},"end":{"line":78,"column":16}},"3":{"start":{"line":86,"column":0},"end":{"line":86,"column":16}},"4":{"start":{"line":8,"column":13},"end":{"line":57,"column":11}},"5":{"start":{"line":60,"column":2},"end":{"line":60,"column":30}},"6":{"start":{"line":60,"column":13},"end":{"line":60,"column":30}},"7":{"start":{"line":61,"column":2},"end":{"line":61,"column":56}},"8":{"start":{"line":61,"column":39},"end":{"line":61,"column":54}},"9":{"start":{"line":65,"column":2},"end":{"line":65,"column":56}},"10":{"start":{"line":65,"column":39},"end":{"line":65,"column":54}},"11":{"start":{"line":75,"column":2},"end":{"line":75,"column":43}},"12":{"start":{"line":79,"column":2},"end":{"line":83,"column":3}},"13":{"start":{"line":80,"column":4},"end":{"line":80,"column":68}},"14":{"start":{"line":87,"column":2},"end":{"line":93,"column":3}},"15":{"start":{"line":88,"column":16},"end":{"line":88,"column":57}},"16":{"start":{"line":89,"column":4},"end":{"line":89,"column":24}},"17":{"start":{"line":89,"column":14},"end":{"line":89,"column":24}},"18":{"start":{"line":90,"column":4},"end":{"line":90,"column":43}},"19":{"start":{"line":92,"column":4},"end":{"line":92,"column":14}}},"fnMap":{"0":{"name":"getCategoryBySlug","decl":{"start":{"line":59,"column":16},"end":{"line":59,"column":33}},"loc":{"start":{"line":59,"column":47},"end":{"line":62,"column":1}}},"1":{"name":"(anonymous_1)","decl":{"start":{"line":61,"column":32},"end":{"line":61,"column":33}},"loc":{"start":{"line":61,"column":39},"end":{"line":61,"column":54}}},"2":{"name":"isValidCategorySlug","decl":{"start":{"line":64,"column":16},"end":{"line":64,"column":35}},"loc":{"start":{"line":64,"column":48},"end":{"line":66,"column":1}}},"3":{"name":"(anonymous_3)","decl":{"start":{"line":65,"column":32},"end":{"line":65,"column":33}},"loc":{"start":{"line":65,"column":39},"end":{"line":65,"column":54}}},"4":{"name":"metaKey","decl":{"start":{"line":74,"column":9},"end":{"line":74,"column":16}},"loc":{"start":{"line":74,"column":35},"end":{"line":76,"column":1}}},"5":{"name":"saveCampaignMeta","decl":{"start":{"line":78,"column":16},"end":{"line":78,"column":32}},"loc":{"start":{"line":78,"column":71},"end":{"line":84,"column":1}}},"6":{"name":"loadCampaignMeta","decl":{"start":{"line":86,"column":16},"end":{"line":86,"column":32}},"loc":{"start":{"line":86,"column":51},"end":{"line":94,"column":1}}}},"branchMap":{"0":{"loc":{"start":{"line":60,"column":2},"end":{"line":60,"column":30}},"type":"if","locations":[{"start":{"line":60,"column":2},"end":{"line":60,"column":30}},{"start":{},"end":{}}]},"1":{"loc":{"start":{"line":89,"column":4},"end":{"line":89,"column":24}},"type":"if","locations":[{"start":{"line":89,"column":4},"end":{"line":89,"column":24}},{"start":{},"end":{}}]}},"s":{"0":0,"1":0,"2":0,"3":0,"4":0,"5":0,"6":0,"7":0,"8":0,"9":0,"10":0,"11":0,"12":0,"13":0,"14":0,"15":0,"16":0,"17":0,"18":0,"19":0},"f":{"0":0,"1":0,"2":0,"3":0,"4":0,"5":0,"6":0},"b":{"0":[0,0],"1":[0,0]}}
,"/workspaces/Fund-My-Cause/apps/interface/src/lib/chaos.ts": {"path":"/workspaces/Fund-My-Cause/apps/interface/src/lib/chaos.ts","statementMap":{"0":{"start":{"line":20,"column":0},"end":{"line":20,"column":16}},"1":{"start":{"line":25,"column":0},"end":{"line":25,"column":16}},"2":{"start":{"line":29,"column":0},"end":{"line":29,"column":16}},"3":{"start":{"line":33,"column":0},"end":{"line":33,"column":16}},"4":{"start":{"line":42,"column":0},"end":{"line":42,"column":7}},"5":{"start":{"line":59,"column":0},"end":{"line":59,"column":16}},"6":{"start":{"line":63,"column":0},"end":{"line":63,"column":16}},"7":{"start":{"line":1,"column":67},"end":{"line":1,"column":71}},"8":{"start":{"line":2,"column":19},"end":{"line":2,"column":20}},"9":{"start":{"line":21,"column":2},"end":{"line":21,"column":49}},"10":{"start":{"line":22,"column":2},"end":{"line":22,"column":17}},"11":{"start":{"line":26,"column":2},"end":{"line":26,"column":23}},"12":{"start":{"line":30,"column":2},"end":{"line":30,"column":23}},"13":{"start":{"line":34,"column":2},"end":{"line":38,"column":3}},"14":{"start":{"line":35,"column":4},"end":{"line":37,"column":5}},"15":{"start":{"line":36,"column":6},"end":{"line":36,"column":57}},"16":{"start":{"line":39,"column":2},"end":{"line":39,"column":45}},"17":{"start":{"line":46,"column":39},"end":{"line":46,"column":57}},"18":{"start":{"line":47,"column":2},"end":{"line":55,"column":3}},"19":{"start":{"line":48,"column":4},"end":{"line":50,"column":5}},"20":{"start":{"line":49,"column":6},"end":{"line":49,"column":76}},"21":{"start":{"line":49,"column":37},"end":{"line":49,"column":74}},"22":{"start":{"line":51,"column":4},"end":{"line":53,"column":5}},"23":{"start":{"line":52,"column":6},"end":{"line":52,"column":43}},"24":{"start":{"line":54,"column":4},"end":{"line":54,"column":52}},"25":{"start":{"line":56,"column":2},"end":{"line":56,"column":14}},"26":{"start":{"line":60,"column":2},"end":{"line":60,"column":22}},"27":{"start":{"line":64,"column":2},"end":{"line":64,"column":19}}},"fnMap":{"0":{"name":"injectChaos","decl":{"start":{"line":20,"column":16},"end":{"line":20,"column":27}},"loc":{"start":{"line":20,"column":76},"end":{"line":23,"column":1}}},"1":{"name":"clearChaos","decl":{"start":{"line":25,"column":16},"end":{"line":25,"column":26}},"loc":{"start":{"line":25,"column":26},"end":{"line":27,"column":1}}},"2":{"name":"getActiveFailure","decl":{"start":{"line":29,"column":16},"end":{"line":29,"column":32}},"loc":{"start":{"line":29,"column":32},"end":{"line":31,"column":1}}},"3":{"name":"shouldFail","decl":{"start":{"line":33,"column":16},"end":{"line":33,"column":26}},"loc":{"start":{"line":33,"column":41},"end":{"line":40,"column":1}}},"4":{"name":"withChaos","decl":{"start":{"line":42,"column":22},"end":{"line":42,"column":31}},"loc":{"start":{"line":44,"column":22},"end":{"line":57,"column":1}}},"5":{"name":"(anonymous_5)","decl":{"start":{"line":49,"column":24},"end":{"line":49,"column":25}},"loc":{"start":{"line":49,"column":37},"end":{"line":49,"column":74}}},"6":{"name":"getFailureCount","decl":{"start":{"line":59,"column":16},"end":{"line":59,"column":31}},"loc":{"start":{"line":59,"column":31},"end":{"line":61,"column":1}}},"7":{"name":"resetFailureCount","decl":{"start":{"line":63,"column":16},"end":{"line":63,"column":33}},"loc":{"start":{"line":63,"column":33},"end":{"line":65,"column":1}}}},"branchMap":{"0":{"loc":{"start":{"line":34,"column":2},"end":{"line":38,"column":3}},"type":"if","locations":[{"start":{"line":34,"column":2},"end":{"line":38,"column":3}},{"start":{},"end":{}}]},"1":{"loc":{"start":{"line":34,"column":6},"end":{"line":34,"column":64}},"type":"binary-expr","locations":[{"start":{"line":34,"column":6},"end":{"line":34,"column":19}},{"start":{"line":34,"column":24},"end":{"line":34,"column":64}}]},"2":{"loc":{"start":{"line":35,"column":4},"end":{"line":37,"column":5}},"type":"if","locations":[{"start":{"line":35,"column":4},"end":{"line":37,"column":5}},{"start":{},"end":{}}]},"3":{"loc":{"start":{"line":47,"column":2},"end":{"line":55,"column":3}},"type":"if","locations":[{"start":{"line":47,"column":2},"end":{"line":55,"column":3}},{"start":{},"end":{}}]},"4":{"loc":{"start":{"line":47,"column":6},"end":{"line":47,"column":20}},"type":"binary-expr","locations":[{"start":{"line":47,"column":6},"end":{"line":47,"column":10}},{"start":{"line":47,"column":14},"end":{"line":47,"column":20}}]},"5":{"loc":{"start":{"line":48,"column":4},"end":{"line":50,"column":5}},"type":"if","locations":[{"start":{"line":48,"column":4},"end":{"line":50,"column":5}},{"start":{},"end":{}}]},"6":{"loc":{"start":{"line":51,"column":4},"end":{"line":53,"column":5}},"type":"if","locations":[{"start":{"line":51,"column":4},"end":{"line":53,"column":5}},{"start":{},"end":{}}]}},"s":{"0":1,"1":1,"2":1,"3":1,"4":1,"5":1,"6":1,"7":1,"8":1,"9":10,"10":10,"11":11,"12":0,"13":25,"14":22,"15":21,"16":4,"17":25,"18":25,"19":21,"20":6,"21":6,"22":21,"23":21,"24":0,"25":4,"26":1,"27":1},"f":{"0":10,"1":11,"2":0,"3":25,"4":25,"5":6,"6":1,"7":1},"b":{"0":[22,3],"1":[25,23],"2":[21,1],"3":[21,4],"4":[25,21],"5":[6,15],"6":[21,0]}}
,"/workspaces/Fund-My-Cause/apps/interface/src/lib/constants.ts": {"path":"/workspaces/Fund-My-Cause/apps/interface/src/lib/constants.ts","statementMap":{"0":{"start":{"line":20,"column":44},"end":{"line":26,"column":2}},"1":{"start":{"line":29,"column":19},"end":{"line":29,"column":45}},"2":{"start":{"line":30,"column":2},"end":{"line":32,"column":3}},"3":{"start":{"line":31,"column":4},"end":{"line":31,"column":14}},"4":{"start":{"line":33,"column":2},"end":{"line":33,"column":18}},"5":{"start":{"line":41,"column":13},"end":{"line":44,"column":2}},"6":{"start":{"line":47,"column":13},"end":{"line":50,"column":2}},"7":{"start":{"line":53,"column":13},"end":{"line":56,"column":2}},"8":{"start":{"line":59,"column":13},"end":{"line":62,"column":2}},"9":{"start":{"line":65,"column":13},"end":{"line":68,"column":16}},"10":{"start":{"line":71,"column":13},"end":{"line":72,"column":65}},"11":{"start":{"line":79,"column":13},"end":{"line":80,"column":50}},"12":{"start":{"line":83,"column":13},"end":{"line":83,"column":79}},"13":{"start":{"line":86,"column":13},"end":{"line":86,"column":64}},"14":{"start":{"line":93,"column":13},"end":{"line":94,"column":98}},"15":{"start":{"line":97,"column":13},"end":{"line":98,"column":97}},"16":{"start":{"line":101,"column":13},"end":{"line":102,"column":94}},"17":{"start":{"line":105,"column":13},"end":{"line":106,"column":97}},"18":{"start":{"line":109,"column":13},"end":{"line":110,"column":97}},"19":{"start":{"line":117,"column":13},"end":{"line":117,"column":36}},"20":{"start":{"line":120,"column":13},"end":{"line":120,"column":43}},"21":{"start":{"line":123,"column":13},"end":{"line":123,"column":36}},"22":{"start":{"line":126,"column":13},"end":{"line":126,"column":43}},"23":{"start":{"line":129,"column":13},"end":{"line":129,"column":51}}},"fnMap":{"0":{"name":"requireEnv","decl":{"start":{"line":28,"column":9},"end":{"line":28,"column":19}},"loc":{"start":{"line":28,"column":59},"end":{"line":34,"column":1}}}},"branchMap":{"0":{"loc":{"start":{"line":29,"column":19},"end":{"line":29,"column":45}},"type":"binary-expr","locations":[{"start":{"line":29,"column":19},"end":{"line":29,"column":24}},{"start":{"line":29,"column":28},"end":{"line":29,"column":45}}]},"1":{"loc":{"start":{"line":30,"column":2},"end":{"line":32,"column":3}},"type":"if","locations":[{"start":{"line":30,"column":2},"end":{"line":32,"column":3}},{"start":{},"end":{}}]},"2":{"loc":{"start":{"line":66,"column":2},"end":{"line":68,"column":15}},"type":"cond-expr","locations":[{"start":{"line":67,"column":6},"end":{"line":67,"column":15}},{"start":{"line":68,"column":6},"end":{"line":68,"column":15}}]},"3":{"loc":{"start":{"line":72,"column":2},"end":{"line":72,"column":64}},"type":"binary-expr","locations":[{"start":{"line":72,"column":2},"end":{"line":72,"column":33}},{"start":{"line":72,"column":37},"end":{"line":72,"column":64}}]}},"s":{"0":0,"1":0,"2":0,"3":0,"4":0,"5":0,"6":0,"7":0,"8":0,"9":0,"10":0,"11":0,"12":0,"13":0,"14":0,"15":0,"16":0,"17":0,"18":0,"19":0,"20":0,"21":0,"22":0,"23":0},"f":{"0":0},"b":{"0":[0,0],"1":[0,0],"2":[0,0],"3":[0,0]}}
[...]
:133,"column":48}},"44":{"start":{"line":134,"column":2},"end":{"line":134,"column":32}},"45":{"start":{"line":134,"column":16},"end":{"line":134,"column":32}},"46":{"start":{"line":137,"column":19},"end":{"line":137,"column":32}},"47":{"start":{"line":139,"column":2},"end":{"line":141,"column":3}},"48":{"start":{"line":140,"column":4},"end":{"line":140,"column":100}},"49":{"start":{"line":140,"column":40},"end":{"line":140,"column":98}},"50":{"start":{"line":142,"column":2},"end":{"line":144,"column":3}},"51":{"start":{"line":143,"column":4},"end":{"line":143,"column":66}},"52":{"start":{"line":143,"column":40},"end":{"line":143,"column":64}},"53":{"start":{"line":146,"column":17},"end":{"line":152,"column":16}},"54":{"start":{"line":148,"column":19},"end":{"line":148,"column":71}},"55":{"start":{"line":149,"column":21},"end":{"line":149,"column":34}},"56":{"start":{"line":150,"column":24},"end":{"line":150,"column":41}},"57":{"start":{"line":151,"column":18},"end":{"line":151,"column":28}},"58":{"start":{"line":154,"column":16},"end":{"line":154,"column":29}},"59":{"start":{"line":155,"column":16},"end":{"line":155,"column":37}},"60":{"start":{"line":156,"column":16},"end":{"line":156,"column":53}},"61":{"start":{"line":158,"column":2},"end":{"line":166,"column":4}},"62":{"start":{"line":174,"column":14},"end":{"line":174,"column":41}},"63":{"start":{"line":175,"column":14},"end":{"line":175,"column":45}},"64":{"start":{"line":176,"column":2},"end":{"line":176,"column":19}},"65":{"start":{"line":176,"column":12},"end":{"line":176,"column":19}},"66":{"start":{"line":178,"column":2},"end":{"line":195,"column":5}}},"fnMap":{"0":{"name":"trigrams","decl":{"start":{"line":42,"column":9},"end":{"line":42,"column":17}},"loc":{"start":{"line":42,"column":29},"end":{"line":47,"column":1}}},"1":{"name":"trigramScore","decl":{"start":{"line":49,"column":9},"end":{"line":49,"column":21}},"loc":{"start":{"line":49,"column":51},"end":{"line":57,"column":1}}},"2":{"name":"scoreCampaign","decl":{"start":{"line":63,"column":9},"end":{"line":63,"column":22}},"loc":{"start":{"line":63,"column":56},"end":{"line":71,"column":1}}},"3":{"name":"searchMeilisearch","decl":{"start":{"line":75,"column":15},"end":{"line":75,"column":32}},"loc":{"start":{"line":75,"column":52},"end":{"line":118,"column":1}}},"4":{"name":"searchCampaigns","decl":{"start":{"line":127,"column":22},"end":{"line":127,"column":37}},"loc":{"start":{"line":127,"column":57},"end":{"line":167,"column":1}}},"5":{"name":"(anonymous_5)","decl":{"start":{"line":140,"column":35},"end":{"line":140,"column":36}},"loc":{"start":{"line":140,"column":40},"end":{"line":140,"column":98}}},"6":{"name":"(anonymous_6)","decl":{"start":{"line":143,"column":35},"end":{"line":143,"column":36}},"loc":{"start":{"line":143,"column":40},"end":{"line":143,"column":64}}},"7":{"name":"(anonymous_7)","decl":{"start":{"line":148,"column":13},"end":{"line":148,"column":14}},"loc":{"start":{"line":148,"column":19},"end":{"line":148,"column":71}}},"8":{"name":"(anonymous_8)","decl":{"start":{"line":149,"column":16},"end":{"line":149,"column":17}},"loc":{"start":{"line":149,"column":21},"end":{"line":149,"column":34}}},"9":{"name":"(anonymous_9)","decl":{"start":{"line":150,"column":14},"end":{"line":150,"column":15}},"loc":{"start":{"line":150,"column":24},"end":{"line":150,"column":41}}},"10":{"name":"(anonymous_10)","decl":{"start":{"line":151,"column":13},"end":{"line":151,"column":14}},"loc":{"start":{"line":151,"column":18},"end":{"line":151,"column":28}}},"11":{"name":"indexCampaign","decl":{"start":{"line":173,"column":22},"end":{"line":173,"column":35}},"loc":{"start":{"line":173,"column":54},"end":{"line":196,"column":1}}}},"branchMap":{"0":{"loc":{"start":{"line":50,"column":2},"end":{"line":50,"column":34}},"type":"if","locations":[{"start":{"line":50,"column":2},"end":{"line":50,"column":34}},{"start":{},"end":{}}]},"1":{"loc":{"start":{"line":50,"column":6},"end":{"line":50,"column":23}},"type":"binary-expr","locations":[{"start":{"line":50,"column":6},"end":{"line":50,"column":12}},{"start":{"line":50,"column":16},"end":{"line":50,"column":23}}]},"2":{"loc":{"start":{"line":53,"column":2},"end":{"line":53,"column":32}},"type":"if","locations":[{"start":{"line":53,"column":2},"end":{"line":53,"column":32}},{"start":{},"end":{}}]},"3":{"loc":{"start":{"line":55,"column":24},"end":{"line":55,"column":51}},"type":"if","locations":[{"start":{"line":55,"column":24},"end":{"line":55,"column":51}},{"start":{},"end":{}}]},"4":{"loc":{"start":{"line":67,"column":35},"end":{"line":67,"column":58}},"type":"binary-expr","locations":[{"start":{"line":67,"column":35},"end":{"line":67,"column":52}},{"start":{"line":67,"column":56},"end":{"line":67,"column":58}}]},"5":{"loc":{"start":{"line":69,"column":21},"end":{"line":69,"column":69}},"type":"cond-expr","locations":[{"start":{"line":69,"column":64},"end":{"line":69,"column":65}},{"start":{"line":69,"column":68},"end":{"line":69,"column":69}}]},"6":{"loc":{"start":{"line":78,"column":2},"end":{"line":78,"column":24}},"type":"if","locations":[{"start":{"line":78,"column":2},"end":{"line":78,"column":24}},{"start":{},"end":{}}]},"7":{"loc":{"start":{"line":86,"column":12},"end":{"line":86,"column":57}},"type":"cond-expr","locations":[{"start":{"line":86,"column":18},"end":{"line":86,"column":52}},{"start":{"line":86,"column":55},"end":{"line":86,"column":57}}]},"8":{"loc":{"start":{"line":91,"column":10},"end":{"line":91,"column":64}},"type":"cond-expr","locations":[{"start":{"line":91,"column":26},"end":{"line":91,"column":57}},{"start":{"line":91,"column":60},"end":{"line":91,"column":64}}]},"9":{"loc":{"start":{"line":92,"column":10},"end":{"line":92,"column":58}},"type":"cond-expr","locations":[{"start":{"line":92,"column":24},"end":{"line":92,"column":51}},{"start":{"line":92,"column":54},"end":{"line":92,"column":58}}]},"10":{"loc":{"start":{"line":94,"column":15},"end":{"line":94,"column":34}},"type":"binary-expr","locations":[{"start":{"line":94,"column":15},"end":{"line":94,"column":28}},{"start":{"line":94,"column":32},"end":{"line":94,"column":34}}]},"11":{"loc":{"start":{"line":95,"column":18},"end":{"line":95,"column":32}},"type":"binary-expr","locations":[{"start":{"line":95,"column":18},"end":{"line":95,"column":27}},{"start":{"line":95,"column":31},"end":{"line":95,"column":32}}]},"12":{"loc":{"start":{"line":95,"column":42},"end":{"line":95,"column":61}},"type":"binary-expr","locations":[{"start":{"line":95,"column":42},"end":{"line":95,"column":55}},{"start":{"line":95,"column":59},"end":{"line":95,"column":61}}]},"13":{"loc":{"start":{"line":101,"column":4},"end":{"line":101,"column":29}},"type":"if","locations":[{"start":{"line":101,"column":4},"end":{"line":101,"column":29}},{"start":{},"end":{}}]},"14":{"loc":{"start":{"line":103,"column":17},"end":{"line":103,"column":31}},"type":"binary-expr","locations":[{"start":{"line":103,"column":17},"end":{"line":103,"column":26}},{"start":{"line":103,"column":30},"end":{"line":103,"column":31}}]},"15":{"loc":{"start":{"line":104,"column":21},"end":{"line":104,"column":40}},"type":"binary-expr","locations":[{"start":{"line":104,"column":21},"end":{"line":104,"column":34}},{"start":{"line":104,"column":38},"end":{"line":104,"column":40}}]},"16":{"loc":{"start":{"line":129,"column":27},"end":{"line":129,"column":41}},"type":"binary-expr","locations":[{"start":{"line":129,"column":27},"end":{"line":129,"column":36}},{"start":{"line":129,"column":40},"end":{"line":129,"column":41}}]},"17":{"loc":{"start":{"line":130,"column":45},"end":{"line":130,"column":64}},"type":"binary-expr","locations":[{"start":{"line":130,"column":45},"end":{"line":130,"column":58}},{"start":{"line":130,"column":62},"end":{"line":130,"column":64}}]},"18":{"loc":{"start":{"line":134,"column":2},"end":{"line":134,"column":32}},"type":"if","locations":[{"start":{"line":134,"column":2},"end":{"line":134,"column":32}},{"start":{},"end":{}}]},"19":{"loc":{"start":{"line":139,"column":2},"end":{"line":141,"column":3}},"type":"if","locations":[{"start":{"line":139,"column":2},"end":{"line":141,"column":3}},{"start":{},"end":{}}]},"20":{"loc":{"start":{"line":142,"column":2},"end":{"line":144,"column":3}},"type":"if","locations":[{"start":{"line":142,"column":2},"end":{"line":144,"column":3}},{"start":{},"end":{}}]},"21":{"loc":{"start":{"line":146,"column":17},"end":{"line":152,"column":16}},"type":"cond-expr","locations":[{"start":{"line":147,"column":6},"end":{"line":151,"column":29}},{"start":{"line":152,"column":6},"end":{"line":152,"column":16}}]},"22":{"loc":{"start":{"line":176,"column":2},"end":{"line":176,"column":19}},"type":"if","locations":[{"start":{"line":176,"column":2},"end":{"line":176,"column":19}},{"start":{},"end":{}}]},"23":{"loc":{"start":{"line":182,"column":10},"end":{"line":182,"column":55}},"type":"cond-expr","locations":[{"start":{"line":182,"column":16},"end":{"line":182,"column":50}},{"start":{"line":182,"column":53},"end":{"line":182,"column":55}}]},"24":{"loc":{"start":{"line":188,"column":16},"end":{"line":188,"column":39}},"type":"binary-expr","locations":[{"start":{"line":188,"column":16},"end":{"line":188,"column":33}},{"start":{"line":188,"column":37},"end":{"line":188,"column":39}}]}},"s":{"0":0,"1":0,"2":0,"3":0,"4":0,"5":0,"6":0,"7":0,"8":0,"9":0,"10":0,"11":0,"12":0,"13":0,"14":0,"15":0,"16":0,"17":0,"18":0,"19":0,"20":0,"21":0,"22":0,"23":0,"24":0,"25":0,"26":0,"27":0,"28":0,"29":0,"30":0,"31":0,"32":0,"33":0,"34":0,"35":0,"36":0,"37":0,"38":0,"39":0,"40":0,"41":0,"42":0,"43":0,"44":0,"45":0,"46":0,"47":0,"48":0,"49":0,"50":0,"51":0,"52":0,"53":0,"54":0,"55":0,"56":0,"57":0,"58":0,"59":0,"60":0,"61":0,"62":0,"63":0,"64":0,"65":0,"66":0},"f":{"0":0,"1":0,"2":0,"3":0,"4":0,"5":0,"6":0,"7":0,"8":0,"9":0,"10":0,"11":0},"b":{"0":[0,0],"1":[0,0],"2":[0,0],"3":[0,0],"4":[0,0],"5":[0,0],"6":[0,0],"7":[0,0],"8":[0,0],"9":[0,0],"10":[0,0],"11":[0,0],"12":[0,0],"13":[0,0],"14":[0,0],"15":[0,0],"16":[0,0],"17":[0,0],"18":[0,0],"19":[0,0],"20":[0,0],"21":[0,0],"22":[0,0],"23":[0,0],"24":[0,0]}}
,"/workspaces/Fund-My-Cause/apps/interface/src/lib/webhooks/webhook.service.ts": {"path":"/workspaces/Fund-My-Cause/apps/interface/src/lib/webhooks/webhook.service.ts","statementMap":{"0":{"start":{"line":66,"column":0},"end":{"line":66,"column":16}},"1":{"start":{"line":86,"column":0},"end":{"line":86,"column":16}},"2":{"start":{"line":107,"column":0},"end":{"line":107,"column":16}},"3":{"start":{"line":137,"column":0},"end":{"line":137,"column":16}},"4":{"start":{"line":152,"column":0},"end":{"line":152,"column":16}},"5":{"start":{"line":160,"column":0},"end":{"line":160,"column":16}},"6":{"start":{"line":167,"column":0},"end":{"line":167,"column":16}},"7":{"start":{"line":179,"column":0},"end":{"line":179,"column":16}},"8":{"start":{"line":197,"column":0},"end":{"line":197,"column":16}},"9":{"start":{"line":14,"column":0},"end":{"line":14,"column":33}},"10":{"start":{"line":56,"column":22},"end":{"line":56,"column":60}},"11":{"start":{"line":57,"column":19},"end":{"line":57,"column":53}},"12":{"start":{"line":71,"column":2},"end":{"line":74,"column":19}},"13":{"start":{"line":93,"column":2},"end":{"line":93,"column":65}},"14":{"start":{"line":93,"column":52},"end":{"line":93,"column":65}},"15":{"start":{"line":94,"column":19},"end":{"line":94,"column":55}},"16":{"start":{"line":95,"column":2},"end":{"line":98,"column":4}},"17":{"start":{"line":112,"column":2},"end":{"line":114,"column":3}},"18":{"start":{"line":113,"column":4},"end":{"line":113,"column":50}},"19":{"start":{"line":115,"column":2},"end":{"line":117,"column":3}},"20":{"start":{"line":116,"column":4},"end":{"line":116,"column":59}},"21":{"start":{"line":119,"column":13},"end":{"line":119,"column":32}},"22":{"start":{"line":120,"column":17},"end":{"line":120,"column":55}},"23":{"start":{"line":122,"column":35},"end":{"line":130,"column":4}},"24":{"start":{"line":132,"column":2},"end":{"line":132,"column":29}},"25":{"start":{"line":133,"column":2},"end":{"line":133,"column":13}},"26":{"start":{"line":142,"column":14},"end":{"line":142,"column":35}},"27":{"start":{"line":143,"column":2},"end":{"line":143,"column":49}},"28":{"start":{"line":143,"column":12},"end":{"line":143,"column":49}},"29":{"start":{"line":144,"column":2},"end":{"line":144,"column":63}},"30":{"start":{"line":144,"column":31},"end":{"line":144,"column":63}},"31":{"start":{"line":146,"column":2},"end":{"line":146,"column":30}},"32":{"start":{"line":147,"column":2},"end":{"line":147,"column":29}},"33":{"start":{"line":148,"column":2},"end":{"line":148,"column":13}},"34":{"start":{"line":153,"column":14},"end":{"line":153,"column":35}},"35":{"start":{"line":154,"column":2},"end":{"line":154,"column":49}},"36":{"start":{"line":154,"column":12},"end":{"line":154,"column":49}},"37":{"start":{"line":155,"column":2},"end":{"line":155,"column":63}},"38":{"start":{"line":155,"column":31},"end":{"line":155,"column":63}},"39":{"start":{"line":156,"column":2},"end":{"line":156,"column":27}},"40":{"start":{"line":161,"column":2},"end":{"line":163,"column":66}},"41":{"start":{"line":162,"column":19},"end":{"line":162,"column":40}},"42":{"start":{"line":163,"column":17},"end":{"line":163,"column":63}},"43":{"start":{"line":168,"column":14},"end":{"line":168,"column":35}},"44":{"start":{"line":169,"column":2},"end":{"line":169,"column":49}},"45":{"start":{"line":169,"column":12},"end":{"line":169,"column":49}},"46":{"start":{"line":170,"column":2},"end":{"line":170,"column":63}},"47":{"start":{"line":170,"column":31},"end":{"line":170,"column":63}},"48":{"start":{"line":171,"column":2},"end":{"line":171,"column":54}},"49":{"start":{"line":172,"column":2},"end":{"line":172,"column":29}},"50":{"start":{"line":173,"column":2},"end":{"line":173,"column":20}},"51":{"start":{"line":184,"column":14},"end":{"line":184,"column":42}},"52":{"start":{"line":185,"column":2},"end":{"line":185,"column":76}},"53":{"start":{"line":185,"column":39},"end":{"line":185,"column":76}},"54":{"start":{"line":187,"column":2},"end":{"line":193,"column":21}},"55":{"start":{"line":188,"column":19},"end":{"line":188,"column":44}},"56":{"start":{"line":191,"column":8},"end":{"line":191,"column":73}},"57":{"start":{"line":201,"column":2},"end":{"line":203,"column":4}},"58":{"start":{"line":202,"column":11},"end":{"line":202,"column":30}}},"fnMap":{"0":{"name":"signPayload","decl":{"start":{"line":66,"column":16},"end":{"line":66,"column":27}},"loc":{"start":{"line":69,"column":19},"end":{"line":75,"column":1}}},"1":{"name":"verifySignature","decl":{"start":{"line":86,"column":16},"end":{"line":86,"column":31}},"loc":{"start":{"line":91,"column":27},"end":{"line":99,"column":1}}},"2":{"name":"registerWebhook","decl":{"start":{"line":107,"column":16},"end":{"line":107,"column":31}},"loc":{"start":{"line":110,"column":28},"end":{"line":134,"column":1}}},"3":{"name":"updateWebhook","decl":{"start":{"line":137,"column":16},"end":{"line":137,"column":29}},"loc":{"start":{"line":140,"column":74},"end":{"line":149,"column":1}}},"4":{"name":"deleteWebhook","decl":{"start":{"line":152,"column":16},"end":{"line":152,"column":29}},"loc":{"start":{"line":152,"column":57},"end":{"line":157,"column":1}}},"5":{"name":"listWebhooks","decl":{"start":{"line":160,"column":16},"end":{"line":160,"column":28}},"loc":{"start":{"line":160,"column":44},"end":{"line":164,"column":1}}},"6":{"name":"(anonymous_15)","decl":{"start":{"line":162,"column":12},"end":{"line":162,"column":13}},"loc":{"start":{"line":162,"column":19},"end":{"line":162,"column":40}}},"7":{"name":"(anonymous_16)","decl":{"start":{"line":163,"column":9},"end":{"line":163,"column":10}},"loc":{"start":{"line":163,"column":17},"end":{"line":163,"column":63}}},"8":{"name":"rotateSecret","decl":{"start":{"line":167,"column":16},"end":{"line":167,"column":28}},"loc":{"start":{"line":167,"column":56},"end":{"line":174,"column":1}}},"9":{"name":"getDeliveryLog","decl":{"start":{"line":179,"column":16},"end":{"line":179,"column":30}},"loc":{"start":{"line":182,"column":12},"end":{"line":194,"column":1}}},"10":{"name":"(anonymous_19)","decl":{"start":{"line":188,"column":12},"end":{"line":188,"column":13}},"loc":{"start":{"line":188,"column":19},"end":{"line":188,"column":44}}},"11":{"name":"(anonymous_20)","decl":{"start":{"line":190,"column":6},"end":{"line":190,"column":7}},"loc":{"start":{"line":191,"column":8},"end":{"line":191,"column":73}}},"12":{"name":"getDeadLetterQueue","decl":{"start":{"line":197,"column":16},"end":{"line":197,"column":34}},"loc":{"start":{"line":199,"column":17},"end":{"line":204,"column":1}}},"13":{"name":"(anonymous_22)","decl":{"start":{"line":202,"column":4},"end":{"line":202,"column":5}},"loc":{"start":{"line":202,"column":11},"end":{"line":202,"column":30}}}},"branchMap":{"0":{"loc":{"start":{"line":91,"column":2},"end":{"line":91,"column":27}},"type":"default-arg","locations":[{"start":{"line":91,"column":14},"end":{"line":91,"column":27}}]},"1":{"loc":{"start":{"line":93,"column":2},"end":{"line":93,"column":65}},"type":"if","locations":[{"start":{"line":93,"column":2},"end":{"line":93,"column":65}},{"start":{},"end":{}}]},"2":{"loc":{"start":{"line":112,"column":2},"end":{"line":114,"column":3}},"type":"if","locations":[{"start":{"line":112,"column":2},"end":{"line":114,"column":3}},{"start":{},"end":{}}]},"3":{"loc":{"start":{"line":115,"column":2},"end":{"line":117,"column":3}},"type":"if","locations":[{"start":{"line":115,"column":2},"end":{"line":117,"column":3}},{"start":{},"end":{}}]},"4":{"loc":{"start":{"line":143,"column":2},"end":{"line":143,"column":49}},"type":"if","locations":[{"start":{"line":143,"column":2},"end":{"line":143,"column":49}},{"start":{},"end":{}}]},"5":{"loc":{"start":{"line":144,"column":2},"end":{"line":144,"column":63}},"type":"if","locations":[{"start":{"line":144,"column":2},"end":{"line":144,"column":63}},{"start":{},"end":{}}]},"6":{"loc":{"start":{"line":154,"column":2},"end":{"line":154,"column":49}},"type":"if","locations":[{"start":{"line":154,"column":2},"end":{"line":154,"column":49}},{"start":{},"end":{}}]},"7":{"loc":{"start":{"line":155,"column":2},"end":{"line":155,"column":63}},"type":"if","locations":[{"start":{"line":155,"column":2},"end":{"line":155,"column":63}},{"start":{},"end":{}}]},"8":{"loc":{"start":{"line":169,"column":2},"end":{"line":169,"column":49}},"type":"if","locations":[{"start":{"line":169,"column":2},"end":{"line":169,"column":49}},{"start":{},"end":{}}]},"9":{"loc":{"start":{"line":170,"column":2},"end":{"line":170,"column":63}},"type":"if","locations":[{"start":{"line":170,"column":2},"end":{"line":170,"column":63}},{"start":{},"end":{}}]},"10":{"loc":{"start":{"line":182,"column":2},"end":{"line":182,"column":12}},"type":"default-arg","locations":[{"start":{"line":182,"column":10},"end":{"line":182,"column":12}}]},"11":{"loc":{"start":{"line":185,"column":2},"end":{"line":185,"column":76}},"type":"if","locations":[{"start":{"line":185,"column":2},"end":{"line":185,"column":76}},{"start":{},"end":{}}]},"12":{"loc":{"start":{"line":185,"column":6},"end":{"line":185,"column":37}},"type":"binary-expr","locations":[{"start":{"line":185,"column":6},"end":{"line":185,"column":10}},{"start":{"line":185,"column":14},"end":{"line":185,"column":37}}]}},"s":{"0":1,"1":1,"2":1,"3":1,"4":1,"5":1,"6":1,"7":1,"8":1,"9":1,"10":1,"11":1,"12":39,"13":16,"14":3,"15":13,"16":13,"17":0,"18":0,"19":0,"20":0,"21":0,"22":0,"23":0,"24":0,"25":0,"26":0,"27":0,"28":0,"29":0,"30":0,"31":0,"32":0,"33":0,"34":0,"35":0,"36":0,"37":0,"38":0,"39":0,"40":0,"41":0,"42":0,"43":0,"44":0,"45":0,"46":0,"47":0,"48":0,"49":0,"50":0,"51":0,"52":0,"53":0,"54":0,"55":0,"56":0,"57":0,"58":0},"f":{"0":39,"1":16,"2":0,"3":0,"4":0,"5":0,"6":0,"7":0,"8":0,"9":0,"10":0,"11":0,"12":0,"13":0},"b":{"0":[13],"1":[3,13],"2":[0,0],"3":[0,0],"4":[0,0],"5":[0,0],"6":[0,0],"7":[0,0],"8":[0,0],"9":[0,0],"10":[0],"11":[0,0],"12":[0,0]}}
}
