TN:
SF:src/lib/accessibleFormUtils.ts
FN:12,getErrorId
FN:21,getInstructionId
FN:29,buildDescribedBy
FN:57,getAccessibleInputProps
FNF:4
FNH:0
FNDA:0,getErrorId
FNDA:0,getInstructionId
FNDA:0,buildDescribedBy
FNDA:0,getAccessibleInputProps
DA:12,0
DA:13,0
DA:21,0
DA:22,0
DA:29,0
DA:34,0
DA:35,0
DA:36,0
DA:37,0
DA:57,0
DA:63,0
DA:65,0
DA:66,0
DA:69,0
DA:70,0
DA:71,0
DA:74,0
DA:75,0
DA:76,0
DA:79,0
LF:20
LH:0
BRDA:35,0,0,0
BRDA:35,0,1,0
BRDA:36,1,0,0
BRDA:36,1,1,0
BRDA:37,2,0,0
BRDA:37,2,1,0
BRDA:65,3,0,0
BRDA:65,3,1,0
BRDA:69,4,0,0
BRDA:69,4,1,0
BRDA:75,5,0,0
BRDA:75,5,1,0
BRF:12
BRH:0
end_of_record
TN:
SF:src/lib/activityManager.ts
FN:24,filterActivities
FN:28,(anonymous_1)
FN:38,sortActivitiesByDate
FN:40,(anonymous_3)
FN:44,getActivityIcon
FN:55,formatActivityTime
FNF:6
FNH:0
FNDA:0,filterActivities
FNDA:0,(anonymous_1)
FNDA:0,sortActivitiesByDate
FNDA:0,(anonymous_3)
FNDA:0,getActivityIcon
FNDA:0,formatActivityTime
DA:24,0
DA:28,0
DA:29,0
DA:30,0
DA:31,0
DA:32,0
DA:33,0
DA:34,0
DA:38,0
DA:39,0
DA:40,0
DA:44,0
DA:45,0
DA:52,0
DA:55,0
DA:56,0
DA:57,0
DA:58,0
DA:59,0
DA:60,0
DA:61,0
DA:63,0
DA:64,0
DA:65,0
DA:66,0
DA:67,0
LF:26
LH:0
BRDA:29,0,0,0
BRDA:29,0,1,0
BRDA:29,1,0,0
BRDA:29,1,1,0
BRDA:30,2,0,0
BRDA:30,2,1,0
BRDA:30,3,0,0
BRDA:30,3,1,0
BRDA:31,4,0,0
BRDA:31,4,1,0
BRDA:31,5,0,0
BRDA:31,5,1,0
BRDA:33,6,0,0
BRDA:33,6,1,0
BRDA:33,7,0,0
BRDA:33,7,1,0
BRDA:63,8,0,0
BRDA:63,8,1,0
BRDA:64,9,0,0
BRDA:64,9,1,0
BRDA:65,10,0,0
BRDA:65,10,1,0
BRDA:66,11,0,0
BRDA:66,11,1,0
BRF:24
BRH:0
end_of_record
TN:
SF:src/lib/api-client.ts
FN:16,(anonymous_0)
FN:33,parseBody
FN:43,messageFrom
FN:52,request
FN:94,jsonBody
FN:101,(anonymous_5)
FN:105,(anonymous_6)
FN:118,(anonymous_7)
FN:131,(anonymous_8)
FNF:9
FNH:0
FNDA:0,(anonymous_0)
FNDA:0,parseBody
FNDA:0,messageFrom
FNDA:0,request
FNDA:0,jsonBody
FNDA:0,(anonymous_5)
FNDA:0,(anonymous_6)
FNDA:0,(anonymous_7)
FNDA:0,(anonymous_8)
DA:12,0
DA:17,0
DA:18,0
DA:19,0
DA:20,0
DA:34,0
DA:35,0
DA:36,0
DA:37,0
DA:39,0
DA:44,0
DA:45,0
DA:46,0
DA:48,0
DA:49,0
DA:57,0
DA:61,0
DA:64,0
DA:65,0
DA:73,0
DA:80,0
DA:81,0
DA:82,0
DA:85,0
DA:87,0
DA:88,0
DA:89,0
DA:91,0
DA:95,0
DA:96,0
DA:97,0
DA:100,0
DA:102,0
DA:106,0
DA:107,0
DA:119,0
DA:120,0
DA:132,0
LF:38
LH:0
BRDA:34,0,0,0
BRDA:34,0,1,0
BRDA:36,1,0,0
BRDA:36,1,1,0
BRDA:44,2,0,0
BRDA:44,2,1,0
BRDA:44,3,0,0
BRDA:44,3,1,0
BRDA:44,3,2,0
BRDA:46,4,0,0
BRDA:46,4,1,0
BRDA:46,5,0,0
BRDA:46,5,1,0
BRDA:48,6,0,0
BRDA:48,6,1,0
BRDA:48,7,0,0
BRDA:48,7,1,0
BRDA:55,8,0,0
BRDA:61,9,0,0
BRDA:61,9,1,0
BRDA:74,10,0,0
BRDA:74,10,1,0
BRDA:80,11,0,0
BRDA:80,11,1,0
BRDA:85,12,0,0
BRDA:85,12,1,0
BRDA:87,13,0,0
BRDA:87,13,1,0
BRDA:88,14,0,0
BRDA:88,14,1,0
BRDA:95,15,0,0
BRDA:95,15,1,0
BRDA:96,16,0,0
BRDA:96,16,1,0
BRDA:106,17,0,0
BRDA:106,17,1,0
BRDA:112,18,0,0
BRDA:112,18,1,0
BRDA:119,19,0,0
BRDA:119,19,1,0
BRDA:125,20,0,0
BRDA:125,20,1,0
BRF:42
BRH:0
end_of_record
TN:
SF:src/lib/bundleAnalysis.ts
FN:28,analyzeBundleSize
FN:39,(anonymous_1)
FN:46,(anonymous_2)
FN:59,(anonymous_3)
FN:61,(anonymous_4)
FN:78,identifyLargeDependencies
FN:82,(anonymous_6)
FN:88,calculateOptimizationPotential
FN:96,(anonymous_8)
FN:100,(anonymous_9)
FN:130,reportBundleMetrics
FN:151,getScriptExecutionTime
FN:157,(anonymous_12)
FN:167,detectUnusedDependencies
FN:172,(anonymous_14)
FN:173,(anonymous_15)
FNF:16
FNH:8
FNDA:5,analyzeBundleSize
FNDA:0,(anonymous_1)
FNDA:0,(anonymous_2)
FNDA:0,(anonymous_3)
FNDA:0,(anonymous_4)
FNDA:1,identifyLargeDependencies
FNDA:0,(anonymous_6)
FNDA:2,calculateOptimizationPotential
FNDA:2,(anonymous_8)
FNDA:2,(anonymous_9)
FNDA:1,reportBundleMetrics
FNDA:1,getScriptExecutionTime
FNDA:0,(anonymous_12)
FNDA:1,detectUnusedDependencies
FNDA:0,(anonymous_14)
FNDA:0,(anonymous_15)
DA:28,1
DA:29,5
DA:30,5
DA:38,0
DA:39,0
DA:40,0
DA:43,0
DA:44,0
DA:46,0
DA:47,0
DA:48,0
DA:50,0
DA:51,0
DA:58,0
DA:59,0
DA:61,0
DA:67,0
DA:78,1
DA:81,1
DA:82,1
DA:88,1
DA:95,2
DA:96,2
DA:99,2
DA:100,2
DA:104,2
DA:106,2
DA:107,2
DA:112,2
DA:113,0
DA:116,2
DA:117,0
DA:120,2
DA:130,1
DA:134,1
DA:136,1
DA:137,1
DA:144,0
DA:151,1
DA:152,1
DA:154,0
DA:155,0
DA:157,0
DA:158,0
DA:161,0
DA:167,1
DA:170,1
DA:171,1
DA:172,0
DA:173,0
LF:50
LH:26
BRDA:29,0,0,5
BRDA:29,0,1,0
BRDA:29,1,0,5
BRDA:29,1,1,5
BRDA:47,2,0,0
BRDA:47,2,1,0
BRDA:50,3,0,0
BRDA:50,3,1,0
BRDA:79,4,0,0
BRDA:106,5,0,2
BRDA:106,5,1,0
BRDA:112,6,0,0
BRDA:112,6,1,2
BRDA:116,7,0,0
BRDA:116,7,1,2
BRDA:134,8,0,0
BRDA:134,8,1,1
BRDA:152,9,0,1
BRDA:152,9,1,0
BRDA:152,10,0,1
BRDA:152,10,1,1
BRF:21
BRH:10
end_of_record
TN:
SF:src/lib/cacheStrategy.ts
FN:17,generateCacheControl
FN:42,(anonymous_1)
FN:46,(anonymous_2)
FN:65,(anonymous_3)
FN:87,(anonymous_4)
FN:92,(anonymous_5)
FN:97,(anonymous_6)
FN:107,(anonymous_7)
FN:112,(anonymous_8)
FN:128,setCachedAnalyticsData
FN:132,getCachedAnalyticsData
FN:136,invalidateAnalyticsCache
FN:143,registerServiceWorker
FN:165,unregisterServiceWorker
FN:184,isOffline
FN:192,onOnlineStatusChange
FN:195,(anonymous_16)
FN:197,(anonymous_17)
FN:198,(anonymous_18)
FN:203,(anonymous_19)
FNF:20
FNH:16
FNDA:4,generateCacheControl
FNDA:8,(anonymous_1)
FNDA:9,(anonymous_2)
FNDA:9,(anonymous_3)
FNDA:2,(anonymous_4)
FNDA:1,(anonymous_5)
FNDA:2,(anonymous_6)
FNDA:1,(anonymous_7)
FNDA:3,(anonymous_8)
FNDA:0,setCachedAnalyticsData
FNDA:0,getCachedAnalyticsData
FNDA:0,invalidateAnalyticsCache
FNDA:1,registerServiceWorker
FNDA:1,unregisterServiceWorker
FNDA:1,isOffline
FNDA:3,onOnlineStatusChange
FNDA:0,(anonymous_16)
FNDA:1,(anonymous_17)
FNDA:1,(anonymous_18)
FNDA:3,(anonymous_19)
DA:17,1
DA:18,4
DA:20,4
DA:21,4
DA:22,4
DA:23,4
DA:24,4
DA:25,0
DA:26,4
DA:27,1
DA:30,4
DA:31,1
DA:33,4
DA:39,1
DA:43,8
DA:47,9
DA:49,9
DA:55,9
DA:56,9
DA:61,0
DA:66,9
DA:68,9
DA:69,9
DA:70,9
DA:72,4
DA:73,4
DA:75,4
DA:76,1
DA:77,1
DA:80,3
DA:82,0
DA:83,0
DA:88,2
DA:89,2
DA:93,1
DA:95,1
DA:96,1
DA:97,1
DA:98,2
DA:99,2
DA:103,0
DA:108,1
DA:110,1
DA:111,1
DA:112,1
DA:113,3
DA:117,2
DA:121,0
DA:126,1
DA:128,1
DA:129,0
DA:132,1
DA:133,0
DA:136,1
DA:137,0
DA:143,1
DA:146,1
DA:147,0
DA:150,1
DA:151,1
DA:155,0
DA:157,1
DA:158,1
DA:165,1
DA:166,1
DA:167,0
DA:170,1
DA:172,1
DA:173,0
DA:174,0
DA:177,1
DA:184,1
DA:185,1
DA:186,1
DA:192,1
DA:195,3
DA:197,3
DA:198,3
DA:200,3
DA:201,3
DA:203,3
DA:204,3
DA:205,3
LF:83
LH:69
BRDA:20,0,0,1
BRDA:20,0,1,3
BRDA:21,1,0,1
BRDA:21,1,1,3
BRDA:22,2,0,4
BRDA:22,2,1,0
BRDA:24,3,0,0
BRDA:24,3,1,4
BRDA:26,4,0,1
BRDA:26,4,1,3
BRDA:30,5,0,1
BRDA:30,5,1,3
BRDA:42,6,0,6
BRDA:47,7,0,0
BRDA:47,7,1,9
BRDA:66,8,0,0
BRDA:66,8,1,9
BRDA:70,9,0,5
BRDA:70,9,1,4
BRDA:75,10,0,1
BRDA:75,10,1,3
BRDA:75,11,0,4
BRDA:75,11,1,2
BRDA:88,12,0,0
BRDA:88,12,1,2
BRDA:93,13,0,0
BRDA:93,13,1,1
BRDA:98,14,0,2
BRDA:98,14,1,0
BRDA:108,15,0,0
BRDA:108,15,1,1
BRDA:113,16,0,2
BRDA:113,16,1,1
BRDA:114,17,0,3
BRDA:114,17,1,3
BRDA:128,18,0,0
BRDA:146,19,0,0
BRDA:146,19,1,1
BRDA:146,20,0,1
BRDA:146,20,1,1
BRDA:166,21,0,0
BRDA:166,21,1,1
BRDA:166,22,0,1
BRDA:166,22,1,1
BRDA:185,23,0,0
BRDA:185,23,1,1
BRDA:195,24,0,0
BRDA:195,24,1,3
BRF:48
BRH:35
end_of_record
TN:
SF:src/lib/cacheTTLs.ts
FNF:0
FNH:0
DA:1,0
DA:14,0
LF:2
LH:0
BRF:0
BRH:0
end_of_record
TN:
SF:src/lib/campaign-import.ts
FN:16,parseCSV
FN:20,(anonymous_1)
FN:24,(anonymous_2)
FN:26,(anonymous_3)
FN:35,validateImportData
FN:72,isValidUrl
FN:81,convertToXLM
FNF:7
FNH:7
FNDA:3,parseCSV
FNDA:5,(anonymous_1)
FNDA:8,(anonymous_2)
FNDA:8,(anonymous_3)
FNDA:6,validateImportData
FNDA:1,isValidUrl
FNDA:4,convertToXLM
DA:16,1
DA:17,3
DA:18,3
DA:20,5
DA:21,2
DA:23,2
DA:24,8
DA:25,3
DA:26,3
DA:27,8
DA:29,3
DA:32,2
DA:35,1
DA:36,6
DA:38,6
DA:39,1
DA:42,6
DA:43,1
DA:46,6
DA:47,6
DA:48,1
DA:51,6
DA:52,6
DA:53,1
DA:56,6
DA:57,6
DA:58,0
DA:61,6
DA:62,1
DA:65,6
DA:66,0
DA:69,6
DA:73,1
DA:74,1
DA:75,0
DA:77,1
DA:81,1
DA:82,4
DA:83,4
LF:39
LH:36
BRDA:18,0,0,1
BRDA:18,0,1,2
BRDA:27,1,0,8
BRDA:27,1,1,0
BRDA:38,2,0,1
BRDA:38,2,1,5
BRDA:38,3,0,6
BRDA:38,3,1,6
BRDA:42,4,0,1
BRDA:42,4,1,5
BRDA:42,5,0,6
BRDA:42,5,1,6
BRDA:47,6,0,1
BRDA:47,6,1,5
BRDA:47,7,0,6
BRDA:47,7,1,5
BRDA:52,8,0,1
BRDA:52,8,1,5
BRDA:52,9,0,6
BRDA:52,9,1,6
BRDA:57,10,0,0
BRDA:57,10,1,6
BRDA:57,11,0,6
BRDA:57,11,1,6
BRDA:61,12,0,1
BRDA:61,12,1,5
BRDA:61,13,0,6
BRDA:61,13,1,1
BRDA:65,14,0,0
BRDA:65,14,1,6
BRDA:65,15,0,6
BRDA:65,15,1,0
BRF:32
BRH:28
end_of_record
TN:
SF:src/lib/campaign-templates.ts
FN:85,getTemplateById
FN:86,(anonymous_1)
FN:89,getTemplatesByCategory
FN:92,(anonymous_3)
FNF:4
FNH:0
FNDA:0,getTemplateById
FNDA:0,(anonymous_1)
FNDA:0,getTemplatesByCategory
FNDA:0,(anonymous_3)
DA:12,0
DA:85,0
DA:86,0
DA:89,0
DA:92,0
LF:5
LH:0
BRF:0
BRH:0
end_of_record
TN:
SF:src/lib/campaignDateFormatting.ts
FN:14,formatCampaignDateShort
FN:31,formatCampaignDateLong
FN:49,formatCampaignDateTime
FNF:3
FNH:3
FNDA:8,formatCampaignDateShort
FNDA:3,formatCampaignDateLong
FNDA:3,formatCampaignDateTime
DA:7,1
DA:14,1
DA:18,8
DA:19,8
DA:31,1
DA:35,3
DA:36,3
DA:49,1
DA:53,3
DA:54,3
DA:59,3
DA:65,3
DA:66,3
LF:13
LH:13
BRDA:16,0,0,1
BRDA:18,1,0,1
BRDA:18,1,1,7
BRDA:33,2,0,0
BRDA:35,3,0,1
BRDA:35,3,1,2
BRDA:51,4,0,0
BRDA:53,5,0,1
BRDA:53,5,1,2
BRF:9
BRH:7
end_of_record
TN:
SF:src/lib/campaignDetail.ts
FN:13,getCampaignDetailData
FN:17,(anonymous_1)
FNF:2
FNH:0
FNDA:0,getCampaignDetailData
FNDA:0,(anonymous_1)
DA:1,0
DA:2,0
DA:13,0
DA:16,0
DA:17,0
DA:20,0
DA:21,0
DA:22,0
DA:24,0
LF:9
LH:0
BRDA:20,0,0,0
BRDA:20,0,1,0
BRF:2
BRH:0
end_of_record
TN:
SF:src/lib/campaignDetailFormat.ts
FN:5,truncateAddress
FN:11,formatSocialLinkTitle
FNF:2
FNH:0
FNDA:0,truncateAddress
FNDA:0,formatSocialLinkTitle
DA:5,0
DA:6,0
DA:7,0
DA:8,0
DA:11,0
DA:12,0
DA:13,0
DA:14,0
DA:16,0
LF:9
LH:0
BRDA:5,0,0,0
BRDA:5,1,0,0
BRDA:6,2,0,0
BRDA:6,2,1,0
BRDA:7,3,0,0
BRDA:7,3,1,0
BRF:6
BRH:0
end_of_record
TN:
SF:src/lib/campaignExport.ts
FN:8,exportCampaignAsJson
FN:24,exportCampaignAsCsv
FN:39,(anonymous_2)
FN:39,(anonymous_3)
FN:50,exportCampaignAsPdf
FNF:5
FNH:0
FNDA:0,exportCampaignAsJson
FNDA:0,exportCampaignAsCsv
FNDA:0,(anonymous_2)
FNDA:0,(anonymous_3)
FNDA:0,exportCampaignAsPdf
DA:8,0
DA:9,0
DA:14,0
DA:15,0
DA:16,0
DA:17,0
DA:18,0
DA:19,0
DA:20,0
DA:21,0
DA:24,0
DA:25,0
DA:39,0
DA:41,0
DA:42,0
DA:43,0
DA:44,0
DA:45,0
DA:46,0
DA:47,0
DA:50,0
DA:51,0
DA:130,0
DA:131,0
DA:132,0
DA:133,0
LF:26
LH:0
BRDA:34,0,0,0
BRDA:34,0,1,0
BRDA:35,1,0,0
BRDA:35,1,1,0
BRDA:118,2,0,0
BRDA:118,2,1,0
BRDA:122,3,0,0
BRDA:122,3,1,0
BRDA:131,4,0,0
BRDA:131,4,1,0
BRF:10
BRH:0
end_of_record
TN:
SF:src/lib/campaignProgress.ts
FN:1,calculateCampaignProgress
FN:8,calculateIsEnded
FNF:2
FNH:2
FNDA:8,calculateCampaignProgress
FNDA:7,calculateIsEnded
DA:1,1
DA:5,8
DA:8,1
DA:9,7
LF:4
LH:4
BRDA:5,0,0,7
BRDA:5,0,1,1
BRDA:9,1,0,7
BRDA:9,1,1,5
BRF:4
BRH:4
end_of_record
TN:
SF:src/lib/campaigns.ts
FNF:0
FNH:0
DA:2,1
DA:9,1
LF:2
LH:2
BRF:0
BRH:0
end_of_record
TN:
SF:src/lib/categories.ts
FN:59,getCategoryBySlug
FN:61,(anonymous_1)
FN:64,isValidCategorySlug
FN:65,(anonymous_3)
FN:74,metaKey
FN:78,saveCampaignMeta
FN:86,loadCampaignMeta
FNF:7
FNH:0
FNDA:0,getCategoryBySlug
FNDA:0,(anonymous_1)
FNDA:0,isValidCategorySlug
FNDA:0,(anonymous_3)
FNDA:0,metaKey
FNDA:0,saveCampaignMeta
FNDA:0,loadCampaignMeta
DA:8,0
DA:59,0
DA:60,0
DA:61,0
DA:64,0
DA:65,0
DA:75,0
DA:78,0
DA:79,0
DA:80,0
DA:86,0
DA:87,0
DA:88,0
DA:89,0
DA:90,0
DA:92,0
LF:16
LH:0
BRDA:60,0,0,0
BRDA:60,0,1,0
BRDA:89,1,0,0
BRDA:89,1,1,0
BRF:4
BRH:0
end_of_record
TN:
SF:src/lib/chaos.ts
FN:20,injectChaos
FN:25,clearChaos
FN:29,getActiveFailure
FN:33,shouldFail
FN:42,withChaos
FN:49,(anonymous_5)
FN:59,getFailureCount
FN:63,resetFailureCount
FNF:8
FNH:7
FNDA:10,injectChaos
FNDA:11,clearChaos
FNDA:0,getActiveFailure
FNDA:25,shouldFail
FNDA:25,withChaos
FNDA:6,(anonymous_5)
FNDA:1,getFailureCount
FNDA:1,resetFailureCount
DA:1,1
DA:2,1
DA:20,1
DA:21,10
DA:22,10
DA:25,1
DA:26,11
DA:29,1
DA:30,0
DA:33,1
DA:34,25
DA:35,22
DA:36,21
DA:39,4
DA:42,1
DA:46,25
DA:47,25
DA:48,21
DA:49,6
DA:51,21
DA:52,21
DA:54,0
DA:56,4
DA:59,1
DA:60,1
DA:63,1
DA:64,1
LF:27
LH:25
BRDA:34,0,0,22
BRDA:34,0,1,3
BRDA:34,1,0,25
BRDA:34,1,1,23
BRDA:35,2,0,21
BRDA:35,2,1,1
BRDA:47,3,0,21
BRDA:47,3,1,4
BRDA:47,4,0,25
BRDA:47,4,1,21
BRDA:48,5,0,6
BRDA:48,5,1,15
BRDA:51,6,0,21
BRDA:51,6,1,0
BRF:14
BRH:13
end_of_record
TN:
SF:src/lib/constants.ts
FN:28,requireEnv
FNF:1
FNH:0
FNDA:0,requireEnv
DA:20,0
DA:29,0
DA:30,0
DA:31,0
DA:33,0
DA:41,0
DA:47,0
DA:53,0
DA:59,0
DA:65,0
DA:71,0
DA:79,0
DA:83,0
DA:86,0
DA:93,0
DA:97,0
DA:101,0
DA:105,0
DA:109,0
DA:117,0
DA:120,0
DA:123,0
DA:126,0
DA:129,0
LF:24
LH:0
BRDA:29,0,0,0
BRDA:29,0,1,0
BRDA:30,1,0,0
BRDA:30,1,1,0
BRDA:66,2,0,0
BRDA:66,2,1,0
BRDA:72,3,0,0
BRDA:72,3,1,0
BRF:8
BRH:0
end_of_record
TN:
SF:src/lib/contract.ts
FN:38,(anonymous_9)
FN:47,getContractClient
FN:60,simulateView
FN:92,(anonymous_12)
FN:96,(anonymous_13)
FN:122,invokeContract
FN:162,(anonymous_15)
FN:199,getCampaignInfo
FN:236,getCampaignStats
FN:263,contribute
FN:299,withdraw
FN:315,refundSingle
FN:339,refundBatch
FN:345,(anonymous_22)
FN:347,(anonymous_23)
FN:366,pauseCampaign
FN:382,unpauseCampaign
FN:418,estimateContributionGas
FN:476,getContributorsPaginated
FN:494,getAcceptedTokens
FN:502,getYieldConfig
FN:522,getPendingYield
FN:536,claimYield
FN:556,configureYield
FNF:24
FNH:5
FNDA:3,(anonymous_9)
FNDA:0,getContractClient
FNDA:26,simulateView
FNDA:0,(anonymous_12)
FNDA:0,(anonymous_13)
FNDA:0,invokeContract
FNDA:0,(anonymous_15)
FNDA:3,getCampaignInfo
FNDA:2,getCampaignStats
FNDA:3,contribute
FNDA:0,withdraw
FNDA:0,refundSingle
FNDA:0,refundBatch
FNDA:0,(anonymous_22)
FNDA:0,(anonymous_23)
FNDA:0,pauseCampaign
FNDA:0,unpauseCampaign
FNDA:0,estimateContributionGas
FNDA:0,getContributorsPaginated
FNDA:0,getAcceptedTokens
FNDA:0,getYieldConfig
FNDA:0,getPendingYield
FNDA:0,claimYield
FNDA:0,configureYield
DA:6,1
DA:18,1
DA:24,1
DA:26,1
DA:28,1
DA:38,4
DA:47,1
DA:48,0
DA:65,26
DA:66,26
DA:70,0
DA:71,0
DA:72,0
DA:75,0
DA:76,0
DA:78,0
DA:82,0
DA:90,0
DA:93,0
DA:94,0
DA:97,0
DA:98,0
DA:100,0
DA:101,0
DA:103,0
DA:104,0
DA:106,0
DA:108,0
DA:129,0
DA:130,0
DA:133,0
DA:134,0
DA:135,0
DA:137,0
DA:138,0
DA:147,0
DA:148,0
DA:149,0
DA:151,0
DA:152,0
DA:153,0
DA:159,0
DA:160,0
DA:161,0
DA:162,0
DA:163,0
DA:164,0
DA:165,0
DA:166,0
DA:168,0
DA:169,0
DA:171,0
DA:173,0
DA:199,1
DA:210,3
DA:219,0
DA:236,1
DA:239,2
DA:244,0
DA:263,1
DA:273,3
DA:275,0
DA:299,1
DA:304,0
DA:315,1
DA:320,0
DA:339,1
DA:345,0
DA:346,0
DA:347,0
DA:349,0
DA:366,1
DA:371,0
DA:382,1
DA:387,0
DA:418,1
DA:424,0
DA:425,0
DA:428,0
DA:429,0
DA:430,0
DA:435,0
DA:451,0
DA:452,0
DA:453,0
DA:455,0
DA:456,0
DA:457,0
DA:458,0
DA:476,1
DA:481,0
DA:485,0
DA:494,1
DA:495,0
DA:496,0
DA:502,1
DA:508,0
DA:509,0
DA:510,0
DA:511,0
DA:522,1
DA:526,0
DA:529,0
DA:536,1
DA:541,0
DA:556,1
DA:564,0
LF:107
LH:27
BRDA:47,0,0,0
BRDA:63,1,0,26
BRDA:65,2,0,26
BRDA:65,2,1,0
BRDA:70,3,0,0
BRDA:70,3,1,0
BRDA:72,4,0,0
BRDA:72,4,1,0
BRDA:100,5,0,0
BRDA:100,5,1,0
BRDA:106,6,0,0
BRDA:106,6,1,0
BRDA:126,7,0,0
BRDA:129,8,0,0
BRDA:129,8,1,0
BRDA:152,9,0,0
BRDA:152,9,1,0
BRDA:164,10,0,0
BRDA:164,10,1,0
BRDA:168,11,0,0
BRDA:168,11,1,0
BRDA:200,12,0,0
BRDA:237,13,0,0
BRDA:273,14,0,3
BRDA:273,14,1,3
BRDA:283,15,0,0
BRDA:283,15,1,0
BRDA:424,16,0,0
BRDA:424,16,1,0
BRDA:452,17,0,0
BRDA:452,17,1,0
BRDA:456,18,0,0
BRDA:456,18,1,0
BRDA:509,19,0,0
BRDA:509,19,1,0
BRF:35
BRH:4
end_of_record
TN:
SF:src/lib/contractErrorMessages.ts
FN:76,getErrorMessage
FN:85,parseContractError
FNF:2
FNH:2
FNDA:152,getErrorMessage
FNDA:8,parseContractError
DA:1,1
DA:76,1
DA:78,152
DA:79,152
DA:85,1
DA:89,8
DA:90,5
DA:91,5
DA:92,5
DA:98,3
DA:99,2
DA:100,2
DA:101,2
DA:107,1
LF:14
LH:14
BRDA:78,0,0,1
BRDA:78,0,1,151
BRDA:80,1,0,152
BRDA:80,1,1,2
BRDA:89,2,0,5
BRDA:89,2,1,3
BRDA:91,3,0,4
BRDA:91,3,1,1
BRDA:94,4,0,4
BRDA:94,4,1,1
BRDA:98,5,0,2
BRDA:98,5,1,1
BRDA:100,6,0,1
BRDA:100,6,1,1
BRDA:103,7,0,1
BRDA:103,7,1,1
BRF:16
BRH:16
end_of_record
TN:
SF:src/lib/defi-integration.ts
FN:146,(anonymous_0)
FN:146,(anonymous_1)
FN:91,getCampaignTokens
FN:95,(anonymous_3)
FN:97,(anonymous_4)
FN:109,contributeWithToken
FN:126,getYieldSummary
FN:160,getDexQuote
FN:196,(anonymous_8)
FNF:9
FNH:0
FNDA:0,(anonymous_0)
FNDA:0,(anonymous_1)
FNDA:0,getCampaignTokens
FNDA:0,(anonymous_3)
FNDA:0,(anonymous_4)
FNDA:0,contributeWithToken
FNDA:0,getYieldSummary
FNDA:0,getDexQuote
FNDA:0,(anonymous_8)
DA:9,0
DA:13,0
DA:14,0
DA:62,0
DA:91,0
DA:94,0
DA:95,0
DA:96,0
DA:97,0
DA:99,0
DA:109,0
DA:117,0
DA:126,0
DA:130,0
DA:131,0
DA:134,0
DA:138,0
DA:146,0
DA:160,0
DA:166,0
DA:168,0
DA:170,0
DA:174,0
DA:175,0
DA:178,0
DA:179,0
DA:185,0
DA:187,0
DA:189,0
DA:190,0
DA:195,0
DA:197,0
DA:200,0
LF:33
LH:0
BRDA:99,0,0,0
BRDA:99,0,1,0
BRDA:131,1,0,0
BRDA:131,1,1,0
BRDA:134,2,0,0
BRDA:134,2,1,0
BRDA:164,3,0,0
BRDA:174,4,0,0
BRDA:174,4,1,0
BRDA:189,5,0,0
BRDA:189,5,1,0
BRDA:197,6,0,0
BRDA:197,6,1,0
BRDA:197,7,0,0
BRDA:197,7,1,0
BRF:15
BRH:0
end_of_record
TN:
SF:src/lib/design-tokens.ts
FNF:0
FNH:0
DA:11,0
DA:68,0
DA:93,0
DA:114,0
DA:126,0
DA:136,0
DA:145,0
LF:7
LH:0
BRF:0
BRH:0
end_of_record
TN:
SF:src/lib/documentManager.ts
FN:22,validateDocument
FN:32,generateDocumentId
FN:36,getFileExtension
FN:40,formatFileSize
FN:48,uploadDocument
FN:64,downloadDocument
FNF:6
FNH:0
FNDA:0,validateDocument
FNDA:0,generateDocumentId
FNDA:0,getFileExtension
FNDA:0,formatFileSize
FNDA:0,uploadDocument
FNDA:0,downloadDocument
DA:1,0
DA:12,0
DA:13,0
DA:22,0
DA:23,0
DA:24,0
DA:26,0
DA:27,0
DA:29,0
DA:32,0
DA:33,0
DA:36,0
DA:37,0
DA:40,0
DA:41,0
DA:42,0
DA:43,0
DA:44,0
DA:45,0
DA:48,0
DA:52,0
DA:53,0
DA:54,0
DA:57,0
DA:58,0
DA:59,0
DA:61,0
DA:64,0
DA:65,0
DA:66,0
DA:67,0
DA:68,0
LF:32
LH:0
BRDA:23,0,0,0
BRDA:23,0,1,0
BRDA:26,1,0,0
BRDA:26,1,1,0
BRDA:37,2,0,0
BRDA:37,2,1,0
BRDA:41,3,0,0
BRDA:41,3,1,0
BRDA:53,4,0,0
BRDA:53,4,1,0
BRF:10
BRH:0
end_of_record
TN:
SF:src/lib/error-tracking.ts
FN:22,(anonymous_0)
FN:27,(anonymous_1)
FN:31,(anonymous_2)
FN:35,(anonymous_3)
FN:54,(anonymous_4)
FN:64,(anonymous_5)
FN:68,(anonymous_6)
FN:75,(anonymous_7)
FN:83,(anonymous_8)
FN:93,(anonymous_9)
FN:98,(anonymous_10)
FN:107,(anonymous_11)
FN:111,(anonymous_12)
FNF:13
FNH:0
FNDA:0,(anonymous_0)
FNDA:0,(anonymous_1)
FNDA:0,(anonymous_2)
FNDA:0,(anonymous_3)
FNDA:0,(anonymous_4)
FNDA:0,(anonymous_5)
FNDA:0,(anonymous_6)
FNDA:0,(anonymous_7)
FNDA:0,(anonymous_8)
FNDA:0,(anonymous_9)
FNDA:0,(anonymous_10)
FNDA:0,(anonymous_11)
FNDA:0,(anonymous_12)
DA:23,0
DA:24,0
DA:25,0
DA:28,0
DA:32,0
DA:36,0
DA:45,0
DA:46,0
DA:47,0
DA:50,0
DA:51,0
DA:55,0
DA:56,0
DA:65,0
DA:69,0
DA:75,0
DA:76,0
DA:77,0
DA:80,0
DA:84,0
DA:86,0
DA:94,0
DA:99,0
DA:103,0
DA:106,0
DA:107,0
DA:108,0
DA:111,0
DA:112,0
LF:29
LH:0
BRDA:37,0,0,0
BRDA:37,0,1,0
BRDA:38,1,0,0
BRDA:38,1,1,0
BRDA:41,2,0,0
BRDA:41,2,1,0
BRDA:42,3,0,0
BRDA:42,3,1,0
BRDA:46,4,0,0
BRDA:46,4,1,0
BRDA:55,5,0,0
BRDA:55,5,1,0
BRDA:76,6,0,0
BRDA:76,6,1,0
BRDA:77,7,0,0
BRDA:77,7,1,0
BRDA:84,8,0,0
BRDA:84,8,1,0
BRDA:106,9,0,0
BRDA:106,9,1,0
BRDA:108,10,0,0
BRDA:108,10,1,0
BRDA:113,11,0,0
BRDA:113,11,1,0
BRF:24
BRH:0
end_of_record
TN:
SF:src/lib/errorLogger.ts
FN:23,logError
FN:64,sendErrorToService
FN:84,initializeErrorHandler
FN:87,(anonymous_3)
FN:91,(anonymous_4)
FNF:5
FNH:0
FNDA:0,logError
FNDA:0,sendErrorToService
FNDA:0,initializeErrorHandler
FNDA:0,(anonymous_3)
FNDA:0,(anonymous_4)
DA:2,0
DA:23,0
DA:24,0
DA:26,0
DA:38,0
DA:40,0
DA:48,0
DA:55,0
DA:56,0
DA:59,0
DA:65,0
DA:66,0
DA:72,0
DA:73,0
DA:84,0
DA:85,0
DA:87,0
DA:88,0
DA:91,0
DA:92,0
LF:20
LH:0
BRDA:24,0,0,0
BRDA:24,0,1,0
BRDA:32,1,0,0
BRDA:32,1,1,0
BRDA:33,2,0,0
BRDA:33,2,1,0
BRDA:35,3,0,0
BRDA:35,3,1,0
BRDA:38,4,0,0
BRDA:38,4,1,0
BRDA:40,5,0,0
BRDA:40,5,1,0
BRDA:40,6,0,0
BRDA:40,6,1,0
BRDA:42,7,0,0
BRDA:42,7,1,0
BRDA:51,8,0,0
BRDA:51,8,1,0
BRDA:55,9,0,0
BRDA:55,9,1,0
BRDA:72,10,0,0
BRDA:72,10,1,0
BRDA:85,11,0,0
BRDA:85,11,1,0
BRF:24
BRH:0
end_of_record
TN:
SF:src/lib/errors.ts
FN:15,(anonymous_0)
FN:158,(anonymous_1)
FN:202,classifyContractError
FN:209,classifyNetworkError
FN:220,classifyWalletError
FN:231,isWalletError
FN:245,toAppError
FN:286,getUserMessage
FNF:8
FNH:7
FNDA:1,(anonymous_0)
FNDA:80,(anonymous_1)
FNDA:15,classifyContractError
FNDA:5,classifyNetworkError
FNDA:4,classifyWalletError
FNDA:0,isWalletError
FNDA:31,toAppError
FNDA:41,getUserMessage
DA:15,1
DA:17,1
DA:18,1
DA:19,1
DA:20,1
DA:21,1
DA:22,1
DA:23,1
DA:24,1
DA:25,1
DA:26,1
DA:28,1
DA:29,1
DA:30,1
DA:31,1
DA:32,1
DA:33,1
DA:34,1
DA:36,1
DA:37,1
DA:38,1
DA:39,1
DA:40,1
DA:41,1
DA:42,1
DA:44,1
DA:45,1
DA:46,1
DA:48,1
DA:49,1
DA:50,1
DA:51,1
DA:52,1
DA:54,1
DA:55,1
DA:56,1
DA:57,1
DA:59,1
DA:60,1
DA:62,1
DA:69,1
DA:83,1
DA:153,1
DA:159,80
DA:160,80
DA:161,80
DA:162,80
DA:163,80
DA:170,1
DA:203,15
DA:204,137
DA:206,0
DA:210,5
DA:211,4
DA:212,1
DA:213,3
DA:214,1
DA:215,2
DA:216,1
DA:217,1
DA:221,4
DA:222,1
DA:223,3
DA:224,1
DA:225,2
DA:226,1
DA:227,1
DA:231,1
DA:232,0
DA:245,1
DA:246,31
DA:248,30
DA:249,26
DA:252,26
DA:253,15
DA:257,11
DA:261,5
DA:265,6
DA:268,4
DA:272,2
DA:273,1
DA:275,1
DA:276,1
DA:280,4
DA:286,1
DA:287,41
LF:86
LH:84
BRDA:15,0,0,1
BRDA:15,0,1,1
BRDA:159,1,0,80
BRDA:159,1,1,53
BRDA:162,2,0,80
BRDA:162,2,1,56
BRDA:204,3,0,15
BRDA:204,3,1,122
BRDA:210,4,0,1
BRDA:210,4,1,4
BRDA:211,5,0,1
BRDA:211,5,1,3
BRDA:213,6,0,1
BRDA:213,6,1,2
BRDA:215,7,0,1
BRDA:215,7,1,1
BRDA:221,8,0,1
BRDA:221,8,1,3
BRDA:223,9,0,1
BRDA:223,9,1,2
BRDA:225,10,0,1
BRDA:225,10,1,1
BRDA:246,11,0,1
BRDA:246,11,1,30
BRDA:248,12,0,26
BRDA:248,12,1,4
BRDA:252,13,0,15
BRDA:252,13,1,11
BRDA:257,14,0,5
BRDA:257,14,1,6
BRDA:258,15,0,11
BRDA:258,15,1,6
BRDA:265,16,0,4
BRDA:265,16,1,2
BRDA:272,17,0,1
BRDA:272,17,1,1
BRDA:275,18,0,1
BRDA:275,18,1,0
BRDA:287,19,0,41
BRDA:287,19,1,1
BRF:40
BRH:39
end_of_record
TN:
SF:src/lib/exportTransactions.ts
FN:28,filterByDateRange
FN:37,(anonymous_1)
FN:44,filterByType
FN:46,(anonymous_3)
FN:50,filterByCampaign
FN:52,(anonymous_5)
FN:58,applyFilters
FN:70,escapeCell
FN:79,buildCsv
FN:82,(anonymous_9)
FN:87,downloadFile
FN:97,formatIsoToLocal
FN:105,formatIsoToLocalFull
FN:134,exportCsv
FN:150,(anonymous_14)
FN:152,(anonymous_15)
FN:164,(anonymous_16)
FN:176,exportTaxReport
FN:192,(anonymous_18)
FN:213,exportPdf
FN:218,(anonymous_20)
FN:223,(anonymous_21)
FN:324,exportJson
FN:340,(anonymous_23)
FNF:24
FNH:7
FNDA:8,filterByDateRange
FNDA:32,(anonymous_1)
FNDA:6,filterByType
FNDA:15,(anonymous_3)
FNDA:5,filterByCampaign
FNDA:6,(anonymous_5)
FNDA:3,applyFilters
FNDA:0,escapeCell
FNDA:0,buildCsv
FNDA:0,(anonymous_9)
FNDA:0,downloadFile
FNDA:0,formatIsoToLocal
FNDA:0,formatIsoToLocalFull
FNDA:0,exportCsv
FNDA:0,(anonymous_14)
FNDA:0,(anonymous_15)
FNDA:0,(anonymous_16)
FNDA:0,exportTaxReport
FNDA:0,(anonymous_18)
FNDA:0,exportPdf
FNDA:0,(anonymous_20)
FNDA:0,(anonymous_21)
FNDA:0,exportJson
FNDA:0,(anonymous_23)
DA:28,1
DA:32,8
DA:33,8
DA:37,8
DA:38,32
DA:39,32
DA:44,1
DA:45,6
DA:46,15
DA:50,1
DA:51,5
DA:52,6
DA:58,1
DA:62,3
DA:71,0
DA:73,0
DA:74,0
DA:76,0
DA:80,0
DA:82,0
DA:84,0
DA:88,0
DA:89,0
DA:90,0
DA:91,0
DA:92,0
DA:93,0
DA:94,0
DA:98,0
DA:106,0
DA:117,1
DA:134,1
DA:139,0
DA:150,0
DA:152,0
DA:153,0
DA:154,0
DA:164,0
DA:167,0
DA:176,1
DA:180,0
DA:192,0
DA:204,0
DA:213,1
DA:218,0
DA:219,0
DA:221,0
DA:223,0
DA:234,0
DA:311,0
DA:312,0
DA:313,0
DA:314,0
DA:324,1
DA:329,0
DA:340,0
DA:341,0
DA:342,0
DA:343,0
DA:344,0
DA:345,0
DA:346,0
DA:348,0
DA:351,0
DA:354,0
LF:65
LH:19
BRDA:32,0,0,5
BRDA:32,0,1,3
BRDA:33,1,0,5
BRDA:33,1,1,3
BRDA:39,2,0,32
BRDA:39,2,1,26
BRDA:45,3,0,2
BRDA:45,3,1,4
BRDA:51,4,0,3
BRDA:51,4,1,2
BRDA:73,5,0,0
BRDA:73,5,1,0
BRDA:136,6,0,0
BRDA:137,7,0,0
BRDA:178,8,0,0
BRDA:281,9,0,0
BRDA:281,9,1,0
BRDA:298,10,0,0
BRDA:298,10,1,0
BRDA:312,11,0,0
BRDA:312,11,1,0
BRDA:326,12,0,0
BRDA:327,13,0,0
BRDA:343,14,0,0
BRDA:343,14,1,0
BRDA:345,15,0,0
BRDA:345,15,1,0
BRF:27
BRH:10
end_of_record
TN:
SF:src/lib/feature-flag-config.ts
FN:113,getFeatureFlagNames
FN:120,getFeatureFlag
FN:127,getEnabledFeatureFlags
FN:128,(anonymous_3)
FN:134,getExperimentalFeatureFlags
FN:136,(anonymous_5)
FNF:6
FNH:0
FNDA:0,getFeatureFlagNames
FNDA:0,getFeatureFlag
FNDA:0,getEnabledFeatureFlags
FNDA:0,(anonymous_3)
FNDA:0,getExperimentalFeatureFlags
FNDA:0,(anonymous_5)
DA:19,0
DA:113,0
DA:114,0
DA:120,0
DA:121,0
DA:127,0
DA:128,0
DA:134,0
DA:135,0
DA:136,0
LF:10
LH:0
BRF:0
BRH:0
end_of_record
TN:
SF:src/lib/feature-flags.ts
FN:29,(anonymous_0)
FN:39,(anonymous_1)
FN:49,(anonymous_2)
FN:60,(anonymous_3)
FN:82,(anonymous_4)
FN:104,(anonymous_5)
FN:111,(anonymous_6)
FN:118,(anonymous_7)
FN:125,(anonymous_8)
FN:144,initializeFeatureFlags
FN:154,getFeatureFlagManager
FN:164,isFeatureEnabled
FN:175,registerFeatureFlag
FN:182,updateFeatureFlag
FNF:14
FNH:0
FNDA:0,(anonymous_0)
FNDA:0,(anonymous_1)
FNDA:0,(anonymous_2)
FNDA:0,(anonymous_3)
FNDA:0,(anonymous_4)
FNDA:0,(anonymous_5)
FNDA:0,(anonymous_6)
FNDA:0,(anonymous_7)
FNDA:0,(anonymous_8)
FNDA:0,initializeFeatureFlags
FNDA:0,getFeatureFlagManager
FNDA:0,isFeatureEnabled
FNDA:0,registerFeatureFlag
FNDA:0,updateFeatureFlag
DA:26,0
DA:30,0
DA:40,0
DA:50,0
DA:51,0
DA:52,0
DA:54,0
DA:65,0
DA:66,0
DA:67,0
DA:71,0
DA:72,0
DA:76,0
DA:77,0
DA:81,0
DA:82,0
DA:83,0
DA:85,0
DA:86,0
DA:91,0
DA:92,0
DA:93,0
DA:94,0
DA:98,0
DA:105,0
DA:112,0
DA:119,0
DA:126,0
DA:127,0
DA:128,0
DA:129,0
DA:130,0
DA:132,0
DA:139,0
DA:144,0
DA:147,0
DA:148,0
DA:154,0
DA:155,0
DA:156,0
DA:158,0
DA:164,0
DA:169,0
DA:175,0
DA:176,0
DA:182,0
DA:186,0
LF:47
LH:0
BRDA:29,0,0,0
BRDA:42,1,0,0
BRDA:42,1,1,0
BRDA:51,2,0,0
BRDA:51,2,1,0
BRDA:66,3,0,0
BRDA:66,3,1,0
BRDA:71,4,0,0
BRDA:71,4,1,0
BRDA:76,5,0,0
BRDA:76,5,1,0
BRDA:76,6,0,0
BRDA:76,6,1,0
BRDA:76,6,2,0
BRDA:81,7,0,0
BRDA:81,7,1,0
BRDA:81,8,0,0
BRDA:81,8,1,0
BRDA:85,9,0,0
BRDA:85,9,1,0
BRDA:91,10,0,0
BRDA:91,10,1,0
BRDA:145,11,0,0
BRDA:155,12,0,0
BRDA:155,12,1,0
BRF:25
BRH:0
end_of_record
TN:
SF:src/lib/formStyles.ts
FNF:0
FNH:0
DA:16,0
DA:20,0
DA:24,0
DA:28,0
DA:32,0
DA:36,0
DA:39,0
DA:42,0
DA:45,0
DA:51,0
LF:10
LH:0
BRF:0
BRH:0
end_of_record
TN:
SF:src/lib/formValidation.ts
FN:20,validateField
FN:33,validateForm
FN:60,(anonymous_2)
FN:61,(anonymous_3)
FN:65,(anonymous_4)
FN:66,(anonymous_5)
FN:72,(anonymous_6)
FN:73,(anonymous_7)
FN:79,(anonymous_8)
FN:80,(anonymous_9)
FN:84,(anonymous_10)
FN:85,(anonymous_11)
FN:89,(anonymous_12)
FN:90,(anonymous_13)
FN:94,(anonymous_14)
FN:95,(anonymous_15)
FN:99,(anonymous_16)
FN:100,(anonymous_17)
FN:111,(anonymous_18)
FN:112,(anonymous_19)
FN:119,(anonymous_20)
FN:120,(anonymous_21)
FN:130,(anonymous_22)
FN:131,(anonymous_23)
FN:137,lessThanOrEqual
FNF:25
FNH:25
FNDA:4,validateField
FNDA:5,validateForm
FNDA:13,(anonymous_2)
FNDA:13,(anonymous_3)
FNDA:9,(anonymous_4)
FNDA:8,(anonymous_5)
FNDA:5,(anonymous_6)
FNDA:5,(anonymous_7)
FNDA:10,(anonymous_8)
FNDA:10,(anonymous_9)
FNDA:5,(anonymous_10)
FNDA:5,(anonymous_11)
FNDA:5,(anonymous_12)
FNDA:5,(anonymous_13)
FNDA:2,(anonymous_14)
FNDA:2,(anonymous_15)
FNDA:7,(anonymous_16)
FNDA:7,(anonymous_17)
FNDA:8,(anonymous_18)
FNDA:8,(anonymous_19)
FNDA:5,(anonymous_20)
FNDA:5,(anonymous_21)
FNDA:5,(anonymous_22)
FNDA:5,(anonymous_23)
FNDA:5,lessThanOrEqual
DA:20,1
DA:25,4
DA:26,5
DA:27,5
DA:29,2
DA:33,1
DA:37,5
DA:38,5
DA:40,5
DA:41,7
DA:42,7
DA:43,7
DA:44,7
DA:45,8
DA:46,8
DA:47,5
DA:48,5
DA:49,5
DA:54,5
DA:59,1
DA:60,1
DA:61,13
DA:62,13
DA:64,1
DA:65,1
DA:66,9
DA:67,8
DA:71,1
DA:72,1
DA:73,5
DA:74,5
DA:78,1
DA:79,1
DA:80,10
DA:81,10
DA:83,1
DA:84,1
DA:85,5
DA:86,5
DA:88,1
DA:89,1
DA:90,5
DA:91,5
DA:93,1
DA:94,1
DA:95,2
DA:96,2
DA:98,1
DA:99,1
DA:100,7
DA:101,7
DA:102,5
DA:103,5
DA:104,4
DA:106,1
DA:110,1
DA:111,1
DA:112,8
DA:113,8
DA:114,7
DA:115,7
DA:118,1
DA:119,1
DA:120,5
DA:121,5
DA:122,4
DA:123,4
DA:124,4
DA:129,1
DA:130,1
DA:131,5
DA:132,5
DA:133,4
DA:137,1
DA:142,5
LF:75
LH:75
BRDA:27,0,0,2
BRDA:27,0,1,3
BRDA:42,1,0,0
BRDA:42,1,1,7
BRDA:46,2,0,5
BRDA:46,2,1,3
BRDA:48,3,0,3
BRDA:48,3,1,2
BRDA:60,4,0,12
BRDA:62,5,0,8
BRDA:62,5,1,5
BRDA:62,6,0,13
BRDA:62,6,1,6
BRDA:67,7,0,5
BRDA:67,7,1,3
BRDA:68,8,0,5
BRDA:68,8,1,4
BRDA:74,9,0,3
BRDA:74,9,1,2
BRDA:75,10,0,3
BRDA:75,10,1,2
BRDA:79,11,0,9
BRDA:81,12,0,5
BRDA:81,12,1,5
BRDA:86,13,0,3
BRDA:86,13,1,2
BRDA:86,14,0,3
BRDA:86,14,1,2
BRDA:91,15,0,3
BRDA:91,15,1,2
BRDA:91,16,0,3
BRDA:91,16,1,2
BRDA:96,17,0,1
BRDA:96,17,1,1
BRDA:99,18,0,6
BRDA:101,19,0,2
BRDA:101,19,1,5
BRDA:101,20,0,7
BRDA:101,20,1,6
BRDA:104,21,0,1
BRDA:104,21,1,3
BRDA:111,22,0,7
BRDA:113,23,0,1
BRDA:113,23,1,7
BRDA:113,24,0,8
BRDA:113,24,1,7
BRDA:115,25,0,3
BRDA:115,25,1,4
BRDA:119,26,0,0
BRDA:121,27,0,1
BRDA:121,27,1,4
BRDA:124,28,0,3
BRDA:124,28,1,1
BRDA:125,29,0,3
BRDA:125,29,1,2
BRDA:130,30,0,4
BRDA:132,31,0,1
BRDA:132,31,1,4
BRDA:133,32,0,3
BRDA:133,32,1,1
BRDA:142,33,0,2
BRDA:142,33,1,3
BRF:62
BRH:60
end_of_record
TN:
SF:src/lib/format.ts
FN:3,(anonymous_0)
FN:4,(anonymous_1)
FN:5,(anonymous_2)
FN:6,(anonymous_3)
FN:7,(anonymous_4)
FN:8,(anonymous_5)
FN:9,(anonymous_6)
FN:10,(anonymous_7)
FN:11,(anonymous_8)
FNF:9
FNH:6
FNDA:2,(anonymous_0)
FNDA:0,(anonymous_1)
FNDA:2,(anonymous_2)
FNDA:2,(anonymous_3)
FNDA:17,(anonymous_4)
FNDA:3,(anonymous_5)
FNDA:0,(anonymous_6)
FNDA:6,(anonymous_7)
FNDA:0,(anonymous_8)
DA:2,1
DA:3,3
DA:4,1
DA:5,3
DA:6,3
DA:7,18
DA:8,4
DA:9,1
DA:10,7
DA:11,1
LF:10
LH:10
BRF:0
BRH:0
end_of_record
TN:
SF:src/lib/freighterAdapter.ts
FN:1,(anonymous_0)
FNF:1
FNH:0
FNDA:0,(anonymous_0)
DA:1,0
LF:1
LH:0
BRF:0
BRH:0
end_of_record
TN:
SF:src/lib/imageOptimization.ts
FN:46,cdnUrl
FN:71,generateSrcSet
FN:77,(anonymous_2)
FN:94,generateResponsiveImageSet
FN:112,generateWebPSrcSet
FN:123,generateAvifSrcSet
FN:135,supportsWebP
FN:151,supportsAvif
FN:154,(anonymous_8)
FN:156,(anonymous_9)
FN:157,(anonymous_10)
FN:170,getOptimizedImageUrl
FN:196,preloadImage
FN:216,createLazyLoadObserver
FNF:14
FNH:9
FNDA:65,cdnUrl
FNDA:11,generateSrcSet
FNDA:57,(anonymous_2)
FNDA:3,generateResponsiveImageSet
FNDA:2,generateWebPSrcSet
FNDA:0,generateAvifSrcSet
FNDA:1,supportsWebP
FNDA:0,supportsAvif
FNDA:0,(anonymous_8)
FNDA:0,(anonymous_9)
FNDA:0,(anonymous_10)
FNDA:4,getOptimizedImageUrl
FNDA:1,preloadImage
FNDA:2,createLazyLoadObserver
DA:34,1
DA:46,1
DA:47,65
DA:50,0
DA:51,0
DA:61,1
DA:71,1
DA:76,11
DA:78,57
DA:79,57
DA:80,57
DA:81,57
DA:94,1
DA:98,3
DA:112,1
DA:116,2
DA:123,1
DA:127,0
DA:135,1
DA:136,1
DA:138,1
DA:139,1
DA:140,1
DA:142,1
DA:151,1
DA:152,0
DA:154,0
DA:155,0
DA:156,0
DA:157,0
DA:159,0
DA:170,1
DA:178,4
DA:180,4
DA:181,4
DA:182,4
DA:183,4
DA:185,4
DA:186,4
DA:187,4
DA:196,1
DA:200,1
DA:202,1
DA:203,1
DA:204,1
DA:205,1
DA:206,1
DA:207,1
DA:208,1
DA:216,1
DA:220,2
DA:226,2
DA:235,1
DA:236,1
DA:238,1
DA:240,1
LF:56
LH:47
BRDA:35,0,0,1
BRDA:35,0,1,0
BRDA:36,1,0,1
BRDA:36,1,1,1
BRDA:47,2,0,65
BRDA:47,2,1,0
BRDA:47,3,0,65
BRDA:47,3,1,0
BRDA:50,4,0,0
BRDA:50,4,1,0
BRDA:50,5,0,0
BRDA:50,5,1,0
BRDA:51,6,0,0
BRDA:51,6,1,0
BRDA:73,7,0,0
BRDA:74,8,0,0
BRDA:79,9,0,41
BRDA:79,9,1,16
BRDA:80,10,0,0
BRDA:80,10,1,57
BRDA:96,11,0,2
BRDA:114,12,0,1
BRDA:125,13,0,0
BRDA:136,14,0,0
BRDA:136,14,1,1
BRDA:152,15,0,0
BRDA:152,15,1,0
BRDA:172,16,0,0
BRDA:178,17,0,3
BRDA:178,18,0,3
BRDA:181,19,0,2
BRDA:181,19,1,2
BRDA:183,20,0,1
BRDA:183,20,1,3
BRDA:186,21,0,1
BRDA:186,21,1,3
BRDA:198,22,0,1
BRDA:200,23,0,0
BRDA:200,23,1,1
BRDA:206,24,0,0
BRDA:206,24,1,1
BRDA:207,25,0,0
BRDA:207,25,1,1
BRDA:218,26,0,1
BRF:44
BRH:24
end_of_record
TN:
SF:src/lib/imageValidation.ts
FN:24,validateImageFile
FN:51,getFallbackImage
FN:66,isValidImageUri
FNF:3
FNH:3
FNDA:12,validateImageFile
FNDA:10,getFallbackImage
FNDA:10,isValidImageUri
DA:7,1
DA:10,1
DA:24,1
DA:25,12
DA:26,5
DA:28,7
DA:29,2
DA:31,5
DA:36,1
DA:51,1
DA:53,10
DA:54,10
DA:55,63
DA:57,10
DA:66,1
DA:67,10
DA:68,7
LF:17
LH:17
BRDA:25,0,0,5
BRDA:25,0,1,7
BRDA:28,1,0,2
BRDA:28,1,1,5
BRDA:67,2,0,3
BRDA:67,2,1,7
BRDA:67,3,0,10
BRDA:67,3,1,8
BRDA:69,4,0,7
BRDA:69,4,1,6
BRDA:69,4,2,5
BRDA:69,4,3,4
BRF:12
BRH:12
end_of_record
TN:
SF:src/lib/lazy-components.tsx
FN:4,(anonymous_10)
FN:4,(anonymous_11)
FN:5,(anonymous_12)
FN:9,(anonymous_13)
FN:9,(anonymous_14)
FN:10,(anonymous_15)
FN:14,(anonymous_16)
FN:14,(anonymous_17)
FN:15,(anonymous_18)
FN:19,(anonymous_19)
FN:19,(anonymous_20)
FN:20,(anonymous_21)
FN:26,(anonymous_22)
FN:26,(anonymous_23)
FN:26,(anonymous_24)
FN:28,(anonymous_25)
FN:34,(anonymous_26)
FN:35,(anonymous_27)
FN:36,(anonymous_28)
FN:39,(anonymous_29)
FNF:20
FNH:0
FNDA:0,(anonymous_10)
FNDA:0,(anonymous_11)
FNDA:0,(anonymous_12)
FNDA:0,(anonymous_13)
FNDA:0,(anonymous_14)
FNDA:0,(anonymous_15)
FNDA:0,(anonymous_16)
FNDA:0,(anonymous_17)
FNDA:0,(anonymous_18)
FNDA:0,(anonymous_19)
FNDA:0,(anonymous_20)
FNDA:0,(anonymous_21)
FNDA:0,(anonymous_22)
FNDA:0,(anonymous_23)
FNDA:0,(anonymous_24)
FNDA:0,(anonymous_25)
FNDA:0,(anonymous_26)
FNDA:0,(anonymous_27)
FNDA:0,(anonymous_28)
FNDA:0,(anonymous_29)
DA:1,0
DA:4,0
DA:5,0
DA:9,0
DA:10,0
DA:14,0
DA:15,0
DA:19,0
DA:20,0
DA:25,0
DA:26,0
DA:28,0
DA:33,0
DA:35,0
DA:36,0
DA:39,0
LF:16
LH:0
BRF:0
BRH:0
end_of_record
TN:
SF:src/lib/lazyLoading.tsx
FN:17,useIntersectionObserver
FN:23,(anonymous_1)
FN:24,(anonymous_2)
FN:35,(anonymous_3)
FN:44,useLazyLoad
FN:53,(anonymous_5)
FN:58,(anonymous_6)
FN:62,(anonymous_7)
FN:66,(anonymous_8)
FN:75,LazyComponent
FNF:10
FNH:0
FNDA:0,useIntersectionObserver
FNDA:0,(anonymous_1)
FNDA:0,(anonymous_2)
FNDA:0,(anonymous_3)
FNDA:0,useLazyLoad
FNDA:0,(anonymous_5)
FNDA:0,(anonymous_6)
FNDA:0,(anonymous_7)
FNDA:0,(anonymous_8)
FNDA:0,LazyComponent
DA:6,0
DA:17,0
DA:20,0
DA:21,0
DA:23,0
DA:24,0
DA:25,0
DA:26,0
DA:27,0
DA:31,0
DA:32,0
DA:35,0
DA:38,0
DA:44,0
DA:48,0
DA:49,0
DA:50,0
DA:51,0
DA:53,0
DA:54,0
DA:56,0
DA:57,0
DA:59,0
DA:60,0
DA:63,0
DA:64,0
DA:66,0
DA:69,0
DA:75,0
DA:84,0
DA:86,0
LF:31
LH:0
BRDA:18,0,0,0
BRDA:25,1,0,0
BRDA:25,1,1,0
BRDA:31,2,0,0
BRDA:31,2,1,0
BRDA:46,3,0,0
BRDA:54,4,0,0
BRDA:54,4,1,0
BRDA:77,5,0,0
BRDA:88,6,0,0
BRDA:88,6,1,0
BRF:11
BRH:0
end_of_record
TN:
SF:src/lib/lobstrAdapter.ts
FNF:0
FNH:0
DA:1,0
DA:6,0
LF:2
LH:0
BRDA:7,0,0,0
BRDA:7,0,1,0
BRF:2
BRH:0
end_of_record
TN:
SF:src/lib/locale-formatting.ts
FN:3,(anonymous_0)
FN:4,(anonymous_1)
FN:5,(anonymous_2)
FN:6,(anonymous_3)
FN:7,(anonymous_4)
FN:8,(anonymous_5)
FN:9,(anonymous_6)
FN:10,(anonymous_7)
FN:11,(anonymous_8)
FN:12,(anonymous_9)
FN:13,(anonymous_10)
FN:14,(anonymous_11)
FNF:12
FNH:10
FNDA:3,(anonymous_0)
FNDA:2,(anonymous_1)
FNDA:2,(anonymous_2)
FNDA:16,(anonymous_3)
FNDA:2,(anonymous_4)
FNDA:3,(anonymous_5)
FNDA:2,(anonymous_6)
FNDA:2,(anonymous_7)
FNDA:2,(anonymous_8)
FNDA:0,(anonymous_9)
FNDA:2,(anonymous_10)
FNDA:0,(anonymous_11)
DA:2,1
DA:3,4
DA:4,3
DA:5,3
DA:6,17
DA:7,3
DA:8,4
DA:9,3
DA:10,3
DA:11,3
DA:12,1
DA:13,3
DA:14,1
LF:13
LH:13
BRF:0
BRH:0
end_of_record
TN:
SF:src/lib/logger.ts
FN:34,(anonymous_0)
FN:40,isLevelEnabled
FN:45,emit
FN:61,log
FN:89,createLogger
FN:91,(anonymous_5)
FN:92,(anonymous_6)
FN:93,(anonymous_7)
FN:94,(anonymous_8)
FN:95,(anonymous_9)
FNF:10
FNH:2
FNDA:0,(anonymous_0)
FNDA:0,isLevelEnabled
FNDA:0,emit
FNDA:0,log
FNDA:2,createLogger
FNDA:0,(anonymous_5)
FNDA:0,(anonymous_6)
FNDA:0,(anonymous_7)
FNDA:0,(anonymous_8)
FNDA:1,(anonymous_9)
DA:34,1
DA:41,0
DA:42,0
DA:46,0
DA:48,0
DA:53,0
DA:54,0
DA:55,0
DA:57,0
DA:67,0
DA:90,2
DA:91,0
DA:92,0
DA:93,0
DA:94,0
DA:96,1
DA:101,1
LF:17
LH:4
BRDA:41,0,0,0
BRDA:41,0,1,0
BRDA:41,1,0,0
BRDA:41,1,1,0
BRDA:46,2,0,0
BRDA:46,2,1,0
BRDA:48,3,0,0
BRDA:48,3,1,0
BRDA:53,4,0,0
BRDA:53,4,1,0
BRDA:54,5,0,0
BRDA:54,5,1,0
BRDA:96,6,0,0
BRDA:96,6,1,1
BRF:14
BRH:1
end_of_record
TN:
SF:src/lib/memoryLeakDetection.ts
FN:26,getPerformanceMemory
FN:33,startMemoryProfiling
FN:45,stopMemoryProfiling
FN:52,trackAllocation
FN:74,getMemoryStats
FN:93,(anonymous_5)
FN:109,detectMemoryLeaks
FN:132,clearAllocationTracking
FN:139,getAllocationReport
FN:145,(anonymous_9)
FN:146,(anonymous_10)
FN:158,createMemoryLeakDetector
FN:160,(anonymous_12)
FN:163,(anonymous_13)
FN:166,(anonymous_14)
FN:169,(anonymous_15)
FNF:16
FNH:16
FNDA:12,getPerformanceMemory
FNDA:8,startMemoryProfiling
FNDA:8,stopMemoryProfiling
FNDA:1012,trackAllocation
FNDA:5,getMemoryStats
FNDA:1009,(anonymous_5)
FNDA:1,detectMemoryLeaks
FNDA:8,clearAllocationTracking
FNDA:1,getAllocationReport
FNDA:2,(anonymous_9)
FNDA:2,(anonymous_10)
FNDA:1,createMemoryLeakDetector
FNDA:1,(anonymous_12)
FNDA:1,(anonymous_13)
FNDA:1,(anonymous_14)
FNDA:1,(anonymous_15)
DA:6,1
DA:8,1
DA:17,1
DA:18,1
DA:27,12
DA:33,1
DA:34,8
DA:35,7
DA:37,7
DA:38,0
DA:45,1
DA:46,8
DA:52,1
DA:57,1012
DA:59,1012
DA:60,10
DA:63,1012
DA:74,1
DA:83,5
DA:90,5
DA:91,8
DA:92,8
DA:93,1009
DA:96,5
DA:97,5
DA:98,0
DA:99,0
DA:100,0
DA:103,5
DA:109,1
DA:113,1
DA:114,1
DA:117,1
DA:118,1
DA:119,1
DA:123,1
DA:132,1
DA:133,8
DA:139,1
DA:140,1
DA:142,1
DA:143,1
DA:145,2
DA:146,2
DA:152,1
DA:158,1
DA:159,1
DA:161,1
DA:164,1
DA:167,1
DA:170,1
LF:51
LH:47
BRDA:34,0,0,1
BRDA:34,0,1,7
BRDA:37,1,0,0
BRDA:37,1,1,7
BRDA:54,2,0,0
BRDA:57,3,0,0
BRDA:57,3,1,1012
BRDA:59,4,0,10
BRDA:59,4,1,1002
BRDA:97,5,0,0
BRDA:97,5,1,5
BRDA:118,6,0,1
BRDA:118,6,1,0
BRF:13
BRH:8
end_of_record
TN:
SF:src/lib/performanceMonitoring.ts
FN:27,measureCoreWebVitals
FN:36,(anonymous_1)
FN:40,(anonymous_2)
FN:54,(anonymous_3)
FN:70,(anonymous_4)
FN:97,getCoreWebVitals
FN:103,(anonymous_6)
FN:126,measurePageLoadTime
FN:138,getResourceTimings
FN:146,reportPerformanceMetrics
FN:167,markPerformance
FN:176,measurePerformance
FNF:12
FNH:7
FNDA:1,measureCoreWebVitals
FNDA:0,(anonymous_1)
FNDA:0,(anonymous_2)
FNDA:0,(anonymous_3)
FNDA:0,(anonymous_4)
FNDA:1,getCoreWebVitals
FNDA:0,(anonymous_6)
FNDA:1,measurePageLoadTime
FNDA:1,getResourceTimings
FNDA:1,reportPerformanceMetrics
FNDA:1,markPerformance
FNDA:1,measurePerformance
DA:27,1
DA:30,1
DA:32,0
DA:35,0
DA:36,0
DA:37,0
DA:40,0
DA:41,0
DA:42,0
DA:43,0
DA:46,0
DA:47,0
DA:49,0
DA:53,0
DA:54,0
DA:55,0
DA:56,0
DA:57,0
DA:58,0
DA:63,0
DA:64,0
DA:66,0
DA:70,0
DA:71,0
DA:72,0
DA:73,0
DA:77,0
DA:78,0
DA:80,0
DA:84,0
DA:85,0
DA:86,0
DA:88,0
DA:91,0
DA:97,1
DA:98,1
DA:99,1
DA:102,0
DA:103,0
DA:105,0
DA:106,0
DA:108,0
DA:109,0
DA:110,0
DA:111,0
DA:112,0
DA:116,0
DA:126,1
DA:127,1
DA:129,0
DA:130,0
DA:132,0
DA:138,1
DA:139,1
DA:140,0
DA:146,1
DA:150,1
DA:152,1
DA:153,1
DA:160,0
DA:167,1
DA:168,1
DA:169,1
DA:170,0
DA:176,1
DA:181,1
DA:182,1
DA:184,0
DA:185,0
DA:186,0
DA:187,0
DA:189,0
DA:190,0
LF:73
LH:19
BRDA:30,0,0,1
BRDA:30,0,1,0
BRDA:30,1,0,1
BRDA:30,1,1,1
BRDA:37,2,0,0
BRDA:37,2,1,0
BRDA:56,3,0,0
BRDA:56,3,1,0
BRDA:72,4,0,0
BRDA:72,4,1,0
BRDA:85,5,0,0
BRDA:85,5,1,0
BRDA:98,6,0,1
BRDA:98,6,1,0
BRDA:98,7,0,1
BRDA:98,7,1,1
BRDA:106,8,0,0
BRDA:106,8,1,0
BRDA:111,9,0,0
BRDA:111,9,1,0
BRDA:119,10,0,0
BRDA:119,10,1,0
BRDA:127,11,0,1
BRDA:127,11,1,0
BRDA:127,12,0,1
BRDA:127,12,1,1
BRDA:130,13,0,0
BRDA:130,13,1,0
BRDA:139,14,0,1
BRDA:139,14,1,0
BRDA:139,15,0,1
BRDA:139,15,1,1
BRDA:150,16,0,0
BRDA:150,16,1,1
BRDA:168,17,0,0
BRDA:168,17,1,1
BRDA:169,18,0,1
BRDA:169,18,1,0
BRDA:181,19,0,0
BRDA:181,19,1,1
BRDA:182,20,0,1
BRDA:182,20,1,0
BRF:42
BRH:17
end_of_record
TN:
SF:src/lib/pinata.ts
FN:10,uploadToPinata
FNF:1
FNH:0
FNDA:0,uploadToPinata
DA:1,1
DA:10,1
DA:11,0
DA:12,0
DA:13,0
DA:15,0
DA:16,0
DA:18,0
DA:24,0
DA:25,0
DA:26,0
LF:11
LH:2
BRDA:13,0,0,0
BRDA:13,0,1,0
BRDA:13,1,0,0
BRDA:13,1,1,0
BRDA:24,2,0,0
BRDA:24,2,1,0
BRF:6
BRH:0
end_of_record
TN:
SF:src/lib/pledgeSuggestions.ts
FN:40,xlmToStroops
FN:44,stroopsToXlm
FN:57,computePledgeSuggestions
FN:74,(anonymous_3)
FN:83,(anonymous_4)
FN:107,(anonymous_5)
FNF:6
FNH:6
FNDA:84,xlmToStroops
FNDA:10,stroopsToXlm
FNDA:11,computePledgeSuggestions
FNDA:54,(anonymous_3)
FNDA:54,(anonymous_4)
FNDA:27,(anonymous_5)
DA:11,1
DA:13,1
DA:41,84
DA:45,10
DA:46,10
DA:47,10
DA:49,0
DA:50,0
DA:57,1
DA:64,11
DA:66,11
DA:70,11
DA:74,11
DA:75,54
DA:76,48
DA:77,40
DA:80,11
DA:81,11
DA:83,11
DA:84,54
DA:85,40
DA:86,38
DA:87,38
DA:91,11
DA:92,44
DA:96,11
DA:97,10
DA:98,10
DA:102,11
DA:103,0
DA:107,27
DA:108,11
LF:32
LH:29
BRDA:47,0,0,10
BRDA:47,0,1,0
BRDA:50,1,0,0
BRDA:50,1,1,0
BRDA:63,2,0,10
BRDA:66,3,0,10
BRDA:66,3,1,1
BRDA:70,4,0,2
BRDA:70,4,1,9
BRDA:75,5,0,6
BRDA:75,5,1,48
BRDA:76,6,0,8
BRDA:76,6,1,40
BRDA:76,7,0,48
BRDA:76,7,1,10
BRDA:84,8,0,14
BRDA:84,8,1,40
BRDA:85,9,0,2
BRDA:85,9,1,38
BRDA:92,10,0,44
BRDA:92,10,1,40
BRDA:96,11,0,10
BRDA:96,11,1,1
BRDA:102,12,0,0
BRDA:102,12,1,11
BRDA:102,13,0,11
BRDA:102,13,1,0
BRDA:107,14,0,0
BRDA:107,14,1,27
BRF:29
BRH:23
end_of_record
TN:
SF:src/lib/predictiveModeling.ts
FN:8,predictSuccessProbability
FN:21,buildTrendForecast
FN:22,(anonymous_2)
FN:23,(anonymous_3)
FN:29,compareCampaigns
FN:31,(anonymous_5)
FN:40,(anonymous_6)
FNF:7
FNH:0
FNDA:0,predictSuccessProbability
FNDA:0,buildTrendForecast
FNDA:0,(anonymous_2)
FNDA:0,(anonymous_3)
FNDA:0,compareCampaigns
FNDA:0,(anonymous_5)
FNDA:0,(anonymous_6)
DA:8,0
DA:9,0
DA:10,0
DA:11,0
DA:12,0
DA:14,0
DA:15,0
DA:16,0
DA:18,0
DA:21,0
DA:22,0
DA:23,0
DA:29,0
DA:30,0
DA:31,0
DA:40,0
LF:16
LH:0
BRDA:9,0,0,0
BRDA:9,0,1,0
BRDA:12,1,0,0
BRDA:12,1,1,0
BRDA:37,2,0,0
BRDA:37,2,1,0
BRF:6
BRH:0
end_of_record
TN:
SF:src/lib/prefetching.ts
FN:12,prefetchData
FN:38,getPrefetchedData
FN:49,prefetchLink
FN:64,addResourceHints
FN:65,(anonymous_4)
FN:76,setupLinkPrefetching
FN:79,(anonymous_6)
FN:80,(anonymous_7)
FN:85,(anonymous_8)
FN:95,clearPrefetchCache
FN:103,getPrefetchStats
FNF:11
FNH:7
FNDA:5,prefetchData
FNDA:1,getPrefetchedData
FNDA:2,prefetchLink
FNDA:1,addResourceHints
FNDA:1,(anonymous_4)
FNDA:0,setupLinkPrefetching
FNDA:0,(anonymous_6)
FNDA:0,(anonymous_7)
FNDA:0,(anonymous_8)
FNDA:7,clearPrefetchCache
FNDA:2,getPrefetchStats
DA:6,1
DA:7,1
DA:12,1
DA:16,5
DA:18,5
DA:19,1
DA:22,4
DA:23,4
DA:28,4
DA:29,4
DA:31,0
DA:38,1
DA:42,1
DA:43,1
DA:49,1
DA:50,2
DA:51,0
DA:54,2
DA:55,2
DA:56,2
DA:57,2
DA:58,2
DA:64,1
DA:65,1
DA:66,1
DA:67,1
DA:68,1
DA:69,1
DA:76,1
DA:77,0
DA:79,0
DA:80,0
DA:81,0
DA:82,0
DA:85,0
DA:86,0
DA:87,0
DA:95,1
DA:96,7
DA:97,7
DA:103,1
DA:104,2
LF:42
LH:32
BRDA:16,0,0,5
BRDA:16,0,1,0
BRDA:18,1,0,1
BRDA:18,1,1,4
BRDA:26,2,0,4
BRDA:26,2,1,0
BRDA:42,3,0,1
BRDA:42,3,1,0
BRDA:50,4,0,0
BRDA:50,4,1,2
BRDA:82,5,0,0
BRDA:82,5,1,0
BRDA:87,6,0,0
BRDA:87,6,1,0
BRF:14
BRH:6
end_of_record
TN:
SF:src/lib/price.ts
FN:10,fetchXlmPrice
FN:39,(anonymous_1)
FNF:2
FNH:0
FNDA:0,fetchXlmPrice
FNDA:0,(anonymous_1)
DA:1,0
DA:10,0
DA:11,0
DA:12,0
DA:19,0
DA:20,0
DA:21,0
DA:22,0
DA:24,0
DA:39,0
LF:10
LH:0
BRDA:19,0,0,0
BRDA:19,0,1,0
BRDA:22,1,0,0
BRDA:22,1,1,0
BRDA:22,2,0,0
BRDA:22,2,1,0
BRF:6
BRH:0
end_of_record
TN:
SF:src/lib/profileStore.ts
FN:11,profileKey
FN:15,isProfileData
FN:22,(anonymous_2)
FN:31,readProfile
FN:47,writeProfile
FNF:5
FNH:0
FNDA:0,profileKey
FNDA:0,isProfileData
FNDA:0,(anonymous_2)
FNDA:0,readProfile
FNDA:0,writeProfile
DA:9,0
DA:12,0
DA:16,0
DA:17,0
DA:18,0
DA:22,0
DA:31,0
DA:32,0
DA:33,0
DA:34,0
DA:35,0
DA:36,0
DA:37,0
DA:39,0
DA:47,0
DA:48,0
DA:49,0
LF:17
LH:0
BRDA:16,0,0,0
BRDA:16,0,1,0
BRDA:16,1,0,0
BRDA:16,1,1,0
BRDA:19,2,0,0
BRDA:19,2,1,0
BRDA:19,2,2,0
BRDA:19,2,3,0
BRDA:34,3,0,0
BRDA:34,3,1,0
BRDA:36,4,0,0
BRDA:36,4,1,0
BRF:12
BRH:0
end_of_record
TN:
SF:src/lib/profileValidation.ts
FN:11,validateBio
FN:19,validateSocialLinks
FNF:2
FNH:0
FNDA:0,validateBio
FNDA:0,validateSocialLinks
DA:5,0
DA:6,0
DA:11,0
DA:12,0
DA:19,0
DA:20,0
DA:21,0
DA:22,0
DA:23,0
DA:25,0
DA:28,0
DA:31,0
LF:12
LH:0
BRDA:20,0,0,0
BRDA:20,0,1,0
BRF:2
BRH:0
end_of_record
TN:
SF:src/lib/queryKeys.ts
FN:2,(anonymous_0)
FN:3,(anonymous_1)
FN:4,(anonymous_2)
FN:5,(anonymous_3)
FN:7,(anonymous_4)
FN:8,(anonymous_5)
FN:10,(anonymous_6)
FNF:7
FNH:0
FNDA:0,(anonymous_0)
FNDA:0,(anonymous_1)
FNDA:0,(anonymous_2)
FNDA:0,(anonymous_3)
FNDA:0,(anonymous_4)
FNDA:0,(anonymous_5)
FNDA:0,(anonymous_6)
DA:1,0
DA:2,0
DA:3,0
DA:4,0
DA:6,0
DA:7,0
DA:9,0
DA:11,0
LF:8
LH:0
BRF:0
BRH:0
end_of_record
TN:
SF:src/lib/requestDeduplication.ts
FN:19,generateKey
FN:32,deduplicatedFetch
FN:57,(anonymous_2)
FN:58,(anonymous_3)
FN:63,(anonymous_4)
FN:75,invalidateCache
FN:86,clearDeduplicationCache
FN:94,getDeduplicationStats
FNF:8
FNH:7
FNDA:9,generateKey
FNDA:8,deduplicatedFetch
FNDA:6,(anonymous_2)
FNDA:6,(anonymous_3)
FNDA:0,(anonymous_4)
FNDA:1,invalidateCache
FNDA:6,clearDeduplicationCache
FNDA:2,getDeduplicationStats
DA:11,1
DA:12,1
DA:14,1
DA:23,9
DA:24,9
DA:32,1
DA:37,8
DA:40,8
DA:41,8
DA:42,1
DA:46,7
DA:47,7
DA:48,1
DA:52,6
DA:57,6
DA:59,6
DA:60,6
DA:61,6
DA:64,0
DA:65,0
DA:68,6
DA:69,6
DA:75,1
DA:79,1
DA:80,1
DA:86,1
DA:87,6
DA:88,6
DA:94,1
DA:95,2
LF:30
LH:28
BRDA:23,0,0,9
BRDA:23,0,1,0
BRDA:35,1,0,8
BRDA:41,2,0,1
BRDA:41,2,1,7
BRDA:41,3,0,8
BRDA:41,3,1,1
BRDA:47,4,0,1
BRDA:47,4,1,6
BRDA:55,5,0,6
BRDA:55,5,1,0
BRF:11
BRH:9
end_of_record
TN:
SF:src/lib/rpc-cache.ts
FN:43,key
FN:48,cacheGet
FN:67,cacheSet
FN:78,cacheInvalidate
FN:85,cacheInvalidateLive
FN:94,cacheClear
FN:101,cacheStats
FN:119,rpcSuccess
FN:123,(anonymous_8)
FN:128,rpcFailure
FN:132,(anonymous_10)
FN:137,isRpcLimited
FN:142,onConnectivityChange
FN:144,(anonymous_13)
FN:148,rpcReset
FNF:15
FNH:0
FNDA:0,key
FNDA:0,cacheGet
FNDA:0,cacheSet
FNDA:0,cacheInvalidate
FNDA:0,cacheInvalidateLive
FNDA:0,cacheClear
FNDA:0,cacheStats
FNDA:0,rpcSuccess
FNDA:0,(anonymous_8)
FNDA:0,rpcFailure
FNDA:0,(anonymous_10)
FNDA:0,isRpcLimited
FNDA:0,onConnectivityChange
FNDA:0,(anonymous_13)
FNDA:0,rpcReset
DA:24,1
DA:27,1
DA:39,1
DA:40,1
DA:41,1
DA:44,0
DA:48,1
DA:52,0
DA:53,0
DA:54,0
DA:55,0
DA:57,0
DA:58,0
DA:59,0
DA:60,0
DA:62,0
DA:63,0
DA:67,1
DA:73,0
DA:74,0
DA:78,1
DA:79,0
DA:80,0
DA:85,1
DA:86,0
DA:87,0
DA:88,0
DA:94,1
DA:95,0
DA:96,0
DA:97,0
DA:101,1
DA:102,0
DA:103,0
DA:104,0
DA:106,0
DA:112,1
DA:114,1
DA:115,1
DA:116,1
DA:119,1
DA:120,0
DA:121,0
DA:122,0
DA:123,0
DA:128,1
DA:129,0
DA:130,0
DA:131,0
DA:132,0
DA:137,1
DA:138,0
DA:142,1
DA:143,0
DA:144,0
DA:148,1
DA:149,0
DA:150,0
LF:58
LH:20
BRDA:53,0,0,0
BRDA:53,0,1,0
BRDA:57,1,0,0
BRDA:57,1,1,0
BRDA:71,2,0,0
BRDA:73,3,0,0
BRDA:73,3,1,0
BRDA:80,4,0,0
BRDA:80,4,1,0
BRDA:87,5,0,0
BRDA:87,5,1,0
BRDA:87,6,0,0
BRDA:87,6,1,0
BRDA:104,7,0,0
BRDA:104,7,1,0
BRDA:121,8,0,0
BRDA:121,8,1,0
BRDA:130,9,0,0
BRDA:130,9,1,0
BRDA:130,10,0,0
BRDA:130,10,1,0
BRF:21
BRH:0
end_of_record
TN:
SF:src/lib/sanitize.ts
FN:2,sanitizeText
FN:13,sanitizeComment
FN:17,sanitizeUpdateTitle
FN:21,sanitizeUpdateBody
FNF:4
FNH:4
FNDA:16,sanitizeText
FNDA:4,sanitizeComment
FNDA:4,sanitizeUpdateTitle
FNDA:2,sanitizeUpdateBody
DA:2,1
DA:3,16
DA:8,16
DA:9,16
DA:10,16
DA:13,1
DA:14,4
DA:17,1
DA:18,4
DA:21,1
DA:22,2
LF:11
LH:11
BRDA:9,0,0,11
BRDA:9,0,1,5
BRF:2
BRH:2
end_of_record
TN:
SF:src/lib/slugs.ts
FN:21,slugify
FN:44,buildSlugRegistry
FN:65,getRegistry
FN:79,resolveCampaignSlug
FN:83,(anonymous_4)
FN:87,(anonymous_5)
FN:97,getCampaignSlug
FN:99,(anonymous_7)
FN:105,getAllSlugs
FNF:9
FNH:2
FNDA:23,slugify
FNDA:6,buildSlugRegistry
FNDA:0,getRegistry
FNDA:0,resolveCampaignSlug
FNDA:0,(anonymous_4)
FNDA:0,(anonymous_5)
FNDA:0,getCampaignSlug
FNDA:0,(anonymous_7)
FNDA:0,getAllSlugs
DA:13,1
DA:21,1
DA:22,23
DA:44,1
DA:47,6
DA:48,6
DA:50,6
DA:51,10
DA:52,10
DA:53,10
DA:55,10
DA:56,10
DA:59,6
DA:63,1
DA:66,0
DA:67,0
DA:69,0
DA:79,1
DA:80,0
DA:83,0
DA:84,0
DA:87,0
DA:88,0
DA:90,0
DA:97,1
DA:98,0
DA:99,0
DA:105,1
DA:106,0
LF:29
LH:17
BRDA:52,0,0,10
BRDA:52,0,1,7
BRDA:55,1,0,7
BRDA:55,1,1,3
BRDA:66,2,0,0
BRDA:66,2,1,0
BRDA:84,3,0,0
BRDA:84,3,1,0
BRDA:87,4,0,0
BRDA:87,4,1,0
BRDA:88,5,0,0
BRDA:88,5,1,0
BRDA:99,6,0,0
BRDA:99,6,1,0
BRF:14
BRH:4
end_of_record
TN:
SF:src/lib/telemetry.ts
FN:43,initTelemetry
FN:102,getTracer
FN:112,getMeter
FN:122,withSpan
FN:128,(anonymous_4)
FN:131,(anonymous_5)
FN:151,withSpanSync
FN:159,(anonymous_7)
FN:162,(anonymous_8)
FN:185,(anonymous_9)
FN:192,(anonymous_10)
FN:206,(anonymous_11)
FN:220,(anonymous_12)
FN:231,(anonymous_13)
FN:242,(anonymous_14)
FN:253,(anonymous_15)
FN:282,(anonymous_16)
FN:302,(anonymous_17)
FN:309,(anonymous_18)
FN:354,(anonymous_19)
FN:372,(anonymous_20)
FN:395,(anonymous_21)
FN:416,(anonymous_22)
FN:423,(anonymous_23)
FN:434,(anonymous_24)
FN:445,(anonymous_25)
FNF:26
FNH:0
FNDA:0,initTelemetry
FNDA:0,getTracer
FNDA:0,getMeter
FNDA:0,withSpan
FNDA:0,(anonymous_4)
FNDA:0,(anonymous_5)
FNDA:0,withSpanSync
FNDA:0,(anonymous_7)
FNDA:0,(anonymous_8)
FNDA:0,(anonymous_9)
FNDA:0,(anonymous_10)
FNDA:0,(anonymous_11)
FNDA:0,(anonymous_12)
FNDA:0,(anonymous_13)
FNDA:0,(anonymous_14)
FNDA:0,(anonymous_15)
FNDA:0,(anonymous_16)
FNDA:0,(anonymous_17)
FNDA:0,(anonymous_18)
FNDA:0,(anonymous_19)
FNDA:0,(anonymous_20)
FNDA:0,(anonymous_21)
FNDA:0,(anonymous_22)
FNDA:0,(anonymous_23)
FNDA:0,(anonymous_24)
FNDA:0,(anonymous_25)
DA:1,0
DA:8,0
DA:9,0
DA:10,0
DA:11,0
DA:12,0
DA:13,0
DA:14,0
DA:16,0
DA:19,0
DA:20,0
DA:30,0
DA:43,0
DA:44,0
DA:46,0
DA:56,0
DA:63,0
DA:70,0
DA:75,0
DA:82,0
DA:83,0
DA:84,0
DA:86,0
DA:90,0
DA:95,0
DA:102,0
DA:103,0
DA:104,0
DA:106,0
DA:112,0
DA:113,0
DA:114,0
DA:116,0
DA:122,0
DA:127,0
DA:128,0
DA:129,0
DA:130,0
DA:131,0
DA:132,0
DA:135,0
DA:137,0
DA:140,0
DA:141,0
DA:143,0
DA:151,0
DA:156,0
DA:157,0
DA:159,0
DA:160,0
DA:161,0
DA:162,0
DA:163,0
DA:166,0
DA:168,0
DA:171,0
DA:172,0
DA:174,0
DA:182,0
DA:186,0
DA:193,0
DA:197,0
DA:207,0
DA:211,0
DA:221,0
DA:225,0
DA:232,0
DA:236,0
DA:243,0
DA:247,0
DA:258,0
DA:259,0
DA:266,0
DA:268,0
DA:275,0
DA:283,0
DA:284,0
DA:291,0
DA:299,0
DA:303,0
DA:315,0
DA:319,0
DA:325,0
DA:332,0
DA:338,0
DA:339,0
DA:343,0
DA:359,0
DA:363,0
DA:377,0
DA:378,0
DA:382,0
DA:384,0
DA:388,0
DA:396,0
DA:403,0
DA:413,0
DA:417,0
DA:424,0
DA:428,0
DA:435,0
DA:439,0
DA:446,0
DA:450,0
DA:455,0
DA:456,0
DA:457,0
LF:107
LH:0
BRDA:32,0,0,0
BRDA:32,0,1,0
BRDA:33,1,0,0
BRDA:33,1,1,0
BRDA:35,2,0,0
BRDA:35,2,1,0
BRDA:36,3,0,0
BRDA:36,3,1,0
BRDA:43,4,0,0
BRDA:51,5,0,0
BRDA:51,5,1,0
BRDA:52,6,0,0
BRDA:52,6,1,0
BRDA:59,7,0,0
BRDA:59,7,1,0
BRDA:66,8,0,0
BRDA:66,8,1,0
BRDA:103,9,0,0
BRDA:103,9,1,0
BRDA:113,10,0,0
BRDA:113,10,1,0
BRDA:130,11,0,0
BRDA:130,11,1,0
BRDA:138,12,0,0
BRDA:138,12,1,0
BRDA:161,13,0,0
BRDA:161,13,1,0
BRDA:169,14,0,0
BRDA:169,14,1,0
BRDA:258,15,0,0
BRDA:258,15,1,0
BRDA:283,16,0,0
BRDA:283,16,1,0
BRDA:338,17,0,0
BRDA:338,17,1,0
BRDA:377,18,0,0
BRDA:377,18,1,0
BRF:37
BRH:0
end_of_record
TN:
SF:src/lib/timelineManager.ts
FN:20,sortEventsByDate
FN:22,(anonymous_1)
FN:26,filterEventsByType
FN:30,(anonymous_3)
FN:33,getEventColor
FN:46,getEventLabel
FNF:6
FNH:0
FNDA:0,sortEventsByDate
FNDA:0,(anonymous_1)
FNDA:0,filterEventsByType
FNDA:0,(anonymous_3)
FNDA:0,getEventColor
FNDA:0,getEventLabel
DA:20,0
DA:21,0
DA:22,0
DA:26,0
DA:30,0
DA:33,0
DA:34,0
DA:43,0
DA:46,0
DA:47,0
DA:56,0
LF:11
LH:0
BRF:0
BRH:0
end_of_record
TN:
SF:src/lib/updateStore.ts
FN:20,toGatewayUrl
FN:41,storageKey
FN:49,getCids
FN:55,(anonymous_3)
FN:61,saveCids
FN:75,uploadUpdate
FN:93,createUpdate
FN:130,fetchUpdate
FN:145,editUpdate
FN:175,deleteUpdate
FN:177,(anonymous_10)
FNF:11
FNH:0
FNDA:0,toGatewayUrl
FNDA:0,storageKey
FNDA:0,getCids
FNDA:0,(anonymous_3)
FNDA:0,saveCids
FNDA:0,uploadUpdate
FNDA:0,createUpdate
FNDA:0,fetchUpdate
FNDA:0,editUpdate
FNDA:0,deleteUpdate
FNDA:0,(anonymous_10)
DA:11,0
DA:16,0
DA:21,0
DA:22,0
DA:24,0
DA:42,0
DA:49,0
DA:50,0
DA:51,0
DA:52,0
DA:53,0
DA:54,0
DA:55,0
DA:57,0
DA:62,0
DA:63,0
DA:76,0
DA:77,0
DA:78,0
DA:81,0
DA:93,0
DA:102,0
DA:107,0
DA:108,0
DA:111,0
DA:112,0
DA:115,0
DA:122,0
DA:130,0
DA:131,0
DA:132,0
DA:133,0
DA:134,0
DA:135,0
DA:145,0
DA:150,0
DA:152,0
DA:158,0
DA:161,0
DA:162,0
DA:163,0
DA:164,0
DA:165,0
DA:168,0
DA:175,0
DA:176,0
DA:177,0
DA:178,0
LF:48
LH:0
BRDA:16,0,0,0
BRDA:16,0,1,0
BRDA:21,1,0,0
BRDA:21,1,1,0
BRDA:52,2,0,0
BRDA:52,2,1,0
BRDA:54,3,0,0
BRDA:54,3,1,0
BRDA:133,4,0,0
BRDA:133,4,1,0
BRDA:163,5,0,0
BRDA:163,5,1,0
BRF:12
BRH:0
end_of_record
TN:
SF:src/lib/use-feature-flags.tsx
FN:34,FeatureFlagProvider
FN:41,(anonymous_1)
FN:59,useFeatureFlagContext
FN:72,useFeatureFlag
FN:75,(anonymous_4)
FN:83,useFeatureFlagConfig
FN:85,(anonymous_6)
FN:91,useAllFeatureFlags
FN:93,(anonymous_8)
FN:105,FeatureFlag
FN:120,FeatureFlagWrapper
FN:138,useRegisterFeatureFlag
FN:140,(anonymous_12)
FN:148,useUpdateFeatureFlag
FN:153,(anonymous_14)
FNF:15
FNH:0
FNDA:0,FeatureFlagProvider
FNDA:0,(anonymous_1)
FNDA:0,useFeatureFlagContext
FNDA:0,useFeatureFlag
FNDA:0,(anonymous_4)
FNDA:0,useFeatureFlagConfig
FNDA:0,(anonymous_6)
FNDA:0,useAllFeatureFlags
FNDA:0,(anonymous_8)
FNDA:0,FeatureFlag
FNDA:0,FeatureFlagWrapper
FNDA:0,useRegisterFeatureFlag
FNDA:0,(anonymous_12)
FNDA:0,useUpdateFeatureFlag
FNDA:0,(anonymous_14)
DA:7,0
DA:8,0
DA:20,0
DA:34,0
DA:40,0
DA:41,0
DA:49,0
DA:60,0
DA:61,0
DA:62,0
DA:66,0
DA:72,0
DA:73,0
DA:74,0
DA:75,0
DA:83,0
DA:84,0
DA:85,0
DA:91,0
DA:92,0
DA:93,0
DA:105,0
DA:106,0
DA:107,0
DA:120,0
DA:126,0
DA:128,0
DA:129,0
DA:132,0
DA:138,0
DA:139,0
DA:140,0
DA:141,0
DA:148,0
DA:152,0
DA:153,0
DA:154,0
LF:37
LH:0
BRDA:42,0,0,0
BRDA:42,0,1,0
BRDA:61,1,0,0
BRDA:61,1,1,0
BRDA:107,2,0,0
BRDA:107,2,1,0
BRDA:128,3,0,0
BRDA:128,3,1,0
BRDA:129,4,0,0
BRDA:129,4,1,0
BRF:10
BRH:0
end_of_record
TN:
SF:src/lib/utils.ts
FN:21,cn
FNF:1
FNH:0
FNDA:0,cn
DA:6,0
DA:7,0
DA:21,0
DA:22,0
LF:4
LH:0
BRF:0
BRH:0
end_of_record
TN:
SF:src/lib/validation.ts
FN:28,(anonymous_0)
FN:29,(anonymous_1)
FN:30,(anonymous_2)
FN:31,(anonymous_3)
FN:32,(anonymous_4)
FN:33,(anonymous_5)
FN:43,stripHtmlTags
FN:51,isValidContractId
FN:62,validateContractId
FN:72,validateVideoUrl
FN:96,validateMaxContribution
FN:116,sanitizeTitle
FN:123,sanitizeDescription
FN:135,validateTitle
FN:143,validateDescription
FN:151,validateGoal
FN:159,validateDeadline
FN:167,validateMinContribution
FN:178,validateFeeBps
FNF:19
FNH:13
FNDA:0,(anonymous_0)
FNDA:0,(anonymous_1)
FNDA:0,(anonymous_2)
FNDA:0,(anonymous_3)
FNDA:0,(anonymous_4)
FNDA:0,(anonymous_5)
FNDA:12,stripHtmlTags
FNDA:38,isValidContractId
FNDA:4,validateContractId
FNDA:6,validateVideoUrl
FNDA:7,validateMaxContribution
FNDA:3,sanitizeTitle
FNDA:3,sanitizeDescription
FNDA:5,validateTitle
FNDA:4,validateDescription
FNDA:5,validateGoal
FNDA:4,validateDeadline
FNDA:4,validateMinContribution
FNDA:7,validateFeeBps
DA:13,2
DA:21,2
DA:27,2
DA:28,2
DA:29,2
DA:30,2
DA:31,2
DA:32,2
DA:33,2
DA:43,2
DA:44,12
DA:51,2
DA:52,38
DA:53,2
DA:55,36
DA:56,30
DA:58,6
DA:59,6
DA:62,2
DA:63,4
DA:64,2
DA:66,2
DA:67,1
DA:69,1
DA:72,2
DA:73,6
DA:74,2
DA:77,4
DA:78,4
DA:79,3
DA:82,1
DA:83,1
DA:84,1
DA:86,0
DA:96,2
DA:100,7
DA:101,7
DA:103,7
DA:116,2
DA:117,3
DA:123,2
DA:124,3
DA:135,2
DA:136,5
DA:143,2
DA:144,4
DA:151,2
DA:152,5
DA:159,2
DA:160,4
DA:167,2
DA:171,4
DA:178,2
DA:179,7
LF:54
LH:53
BRDA:52,0,0,2
BRDA:52,0,1,36
BRDA:52,1,0,38
BRDA:52,1,1,36
BRDA:55,2,0,30
BRDA:55,2,1,6
BRDA:55,3,0,36
BRDA:55,3,1,34
BRDA:63,4,0,2
BRDA:63,4,1,2
BRDA:63,5,0,4
BRDA:63,5,1,3
BRDA:66,6,0,1
BRDA:66,6,1,1
BRDA:73,7,0,2
BRDA:73,7,1,4
BRDA:73,8,0,6
BRDA:73,8,1,5
BRDA:78,9,0,3
BRDA:78,9,1,1
BRDA:101,10,0,7
BRDA:101,10,1,0
BRDA:101,11,0,7
BRDA:101,11,1,7
BRF:24
BRH:23
end_of_record
TN:
SF:src/lib/validationSchemas.ts
FN:26,xlmAmountSchema
FN:27,(anonymous_1)
FN:49,optionalXlmCapSchema
FN:53,(anonymous_3)
FN:58,(anonymous_4)
FN:77,firstSchemaError
FNF:6
FNH:6
FNDA:1,xlmAmountSchema
FNDA:9,(anonymous_1)
FNDA:8,optionalXlmCapSchema
FNDA:14,(anonymous_3)
FNDA:14,(anonymous_4)
FNDA:23,firstSchemaError
DA:16,3
DA:26,3
DA:27,1
DA:28,9
DA:29,9
DA:31,9
DA:32,5
DA:33,5
DA:36,4
DA:37,1
DA:49,3
DA:53,8
DA:54,14
DA:55,14
DA:58,8
DA:59,14
DA:61,10
DA:62,10
DA:63,4
DA:64,4
DA:67,6
DA:68,2
DA:77,3
DA:81,23
DA:82,23
LF:25
LH:25
BRDA:29,0,0,2
BRDA:29,0,1,7
BRDA:31,1,0,5
BRDA:31,1,1,4
BRDA:31,2,0,9
BRDA:31,2,1,7
BRDA:31,2,2,6
BRDA:36,3,0,1
BRDA:36,3,1,3
BRDA:55,4,0,14
BRDA:55,4,1,12
BRDA:59,5,0,4
BRDA:59,5,1,10
BRDA:62,6,0,4
BRDA:62,6,1,6
BRDA:62,7,0,10
BRDA:62,7,1,8
BRDA:67,8,0,2
BRDA:67,8,1,4
BRDA:82,9,0,11
BRDA:82,9,1,12
BRDA:82,10,0,12
BRDA:82,10,1,0
BRF:23
BRH:22
end_of_record
TN:
SF:src/lib/video.ts
FN:27,validateVideoFormat
FN:34,(anonymous_1)
FN:45,validateVideoSize
FN:62,getVideoMetadata
FN:65,(anonymous_4)
FN:69,(anonymous_5)
FN:78,(anonymous_6)
FN:93,validateVideoDuration
FN:117,generateVideoThumbnail
FN:121,(anonymous_9)
FN:133,(anonymous_10)
FN:139,(anonymous_11)
FN:142,(anonymous_12)
FN:155,(anonymous_13)
FN:170,optimizeVideo
FN:222,uploadVideoToPinata
FN:232,uploadThumbnailToPinata
FNF:17
FNH:7
FNDA:7,validateVideoFormat
FNDA:7,(anonymous_1)
FNDA:5,validateVideoSize
FNDA:3,getVideoMetadata
FNDA:3,(anonymous_4)
FNDA:0,(anonymous_5)
FNDA:0,(anonymous_6)
FNDA:3,validateVideoDuration
FNDA:0,generateVideoThumbnail
FNDA:0,(anonymous_9)
FNDA:0,(anonymous_10)
FNDA:0,(anonymous_11)
FNDA:0,(anonymous_12)
FNDA:0,(anonymous_13)
FNDA:2,optimizeVideo
FNDA:0,uploadVideoToPinata
FNDA:0,uploadThumbnailToPinata
DA:1,1
DA:15,1
DA:27,1
DA:31,7
DA:33,7
DA:34,7
DA:36,4
DA:45,1
DA:49,5
DA:51,5
DA:52,2
DA:54,3
DA:62,1
DA:65,3
DA:66,3
DA:67,3
DA:69,0
DA:70,0
DA:71,0
DA:78,0
DA:79,0
DA:80,0
DA:83,0
DA:93,1
DA:97,3
DA:98,3
DA:99,0
DA:101,0
DA:102,0
DA:103,0
DA:105,0
DA:107,3
DA:117,1
DA:121,0
DA:122,0
DA:123,0
DA:124,0
DA:126,0
DA:127,0
DA:128,0
DA:131,0
DA:133,0
DA:134,0
DA:135,0
DA:136,0
DA:139,0
DA:140,0
DA:141,0
DA:143,0
DA:144,0
DA:145,0
DA:147,0
DA:155,0
DA:156,0
DA:157,0
DA:160,0
DA:170,1
DA:179,2
DA:182,2
DA:183,2
DA:186,2
DA:187,2
DA:190,2
DA:191,2
DA:193,2
DA:194,2
DA:197,0
DA:198,0
DA:203,0
DA:210,0
DA:222,1
DA:223,0
DA:232,1
DA:236,0
DA:237,0
DA:238,0
LF:76
LH:33
BRDA:29,0,0,4
BRDA:31,1,0,7
BRDA:31,1,1,0
BRDA:31,1,2,0
BRDA:33,2,0,3
BRDA:33,2,1,4
BRDA:47,3,0,2
BRDA:49,4,0,5
BRDA:49,4,1,0
BRDA:49,4,2,0
BRDA:51,5,0,2
BRDA:51,5,1,3
BRDA:95,6,0,1
BRDA:99,7,0,0
BRDA:99,7,1,0
BRDA:99,7,2,0
BRDA:101,8,0,0
BRDA:101,8,1,0
BRDA:119,9,0,0
BRDA:126,10,0,0
BRDA:126,10,1,0
BRDA:144,11,0,0
BRDA:144,11,1,0
BRDA:172,12,0,2
BRDA:183,13,0,1
BRDA:183,13,1,1
BRDA:187,14,0,0
BRDA:187,14,1,2
BRDA:191,15,0,2
BRDA:191,15,1,0
BRDA:193,16,0,2
BRDA:193,16,1,0
BRDA:212,17,0,0
BRDA:212,17,1,0
BRF:34
BRH:15
end_of_record
TN:
SF:src/lib/walletAuth.ts
FN:5,buildAuthMessage
FN:9,verifyWalletSignature
FN:24,validateAuthHeader
FNF:3
FNH:3
FNDA:3,buildAuthMessage
FNDA:4,verifyWalletSignature
FNDA:5,validateAuthHeader
DA:1,1
DA:3,1
DA:5,1
DA:6,3
DA:9,1
DA:14,4
DA:15,4
DA:16,3
DA:17,3
DA:19,1
DA:24,1
DA:27,5
DA:29,4
DA:30,4
DA:32,2
DA:33,2
DA:35,2
DA:37,1
DA:38,1
DA:40,1
LF:20
LH:20
BRDA:27,0,0,1
BRDA:27,0,1,4
BRDA:30,1,0,2
BRDA:30,1,1,2
BRDA:35,2,0,1
BRDA:35,2,1,1
BRDA:38,3,0,0
BRDA:38,3,1,1
BRF:8
BRH:7
end_of_record
TN:
SF:src/lib/analytics/aggregation.ts
FN:47,roundToPeriodStart
FN:73,computeRollup
FN:130,runAggregationJob
FN:153,getAggregateSnapshot
FN:160,invalidateAggregateCache
FNF:5
FNH:0
FNDA:0,roundToPeriodStart
FNDA:0,computeRollup
FNDA:0,runAggregationJob
FNDA:0,getAggregateSnapshot
FNDA:0,invalidateAggregateCache
DA:11,0
DA:43,0
DA:48,0
DA:49,0
DA:51,0
DA:52,0
DA:54,0
DA:55,0
DA:57,0
DA:58,0
DA:59,0
DA:60,0
DA:63,0
DA:64,0
DA:65,0
DA:67,0
DA:74,0
DA:76,0
DA:77,0
DA:78,0
DA:79,0
DA:80,0
DA:81,0
DA:83,0
DA:84,0
DA:85,0
DA:87,0
DA:88,0
DA:90,0
DA:91,0
DA:92,0
DA:93,0
DA:95,0
DA:96,0
DA:99,0
DA:103,0
DA:107,0
DA:130,0
DA:134,0
DA:135,0
DA:138,0
DA:139,0
DA:140,0
DA:146,0
DA:153,0
DA:154,0
DA:160,0
DA:161,0
DA:162,0
DA:164,0
LF:50
LH:0
BRDA:49,0,0,0
BRDA:49,0,1,0
BRDA:49,0,2,0
BRDA:49,0,3,0
BRDA:84,1,0,0
BRDA:84,1,1,0
BRDA:85,2,0,0
BRDA:85,2,1,0
BRDA:87,3,0,0
BRDA:87,3,1,0
BRDA:88,4,0,0
BRDA:88,4,1,0
BRDA:90,5,0,0
BRDA:90,5,1,0
BRDA:91,6,0,0
BRDA:91,6,1,0
BRDA:92,7,0,0
BRDA:92,7,1,0
BRDA:95,8,0,0
BRDA:95,8,1,0
BRDA:96,9,0,0
BRDA:96,9,1,0
BRDA:99,10,0,0
BRDA:99,10,1,0
BRDA:103,11,0,0
BRDA:103,11,1,0
BRDA:131,12,0,0
BRDA:134,13,0,0
BRDA:134,13,1,0
BRDA:139,14,0,0
BRDA:139,14,1,0
BRDA:153,15,0,0
BRDA:154,16,0,0
BRDA:154,16,1,0
BRDA:161,17,0,0
BRDA:161,17,1,0
BRF:36
BRH:0
end_of_record
TN:
SF:src/lib/analytics/run-job.ts
FN:15,main
FN:41,(anonymous_1)
FNF:2
FNH:0
FNDA:0,main
FNDA:0,(anonymous_1)
DA:11,0
DA:13,0
DA:16,0
DA:18,0
DA:19,0
DA:21,0
DA:22,0
DA:23,0
DA:24,0
DA:25,0
DA:27,0
DA:28,0
DA:29,0
DA:33,0
DA:35,0
DA:36,0
DA:37,0
DA:41,0
DA:42,0
DA:43,0
LF:20
LH:0
BRDA:27,0,0,0
BRDA:27,0,1,0
BRDA:35,1,0,0
BRDA:35,1,1,0
BRF:4
BRH:0
end_of_record
TN:
SF:src/lib/cache/invalidation.ts
FN:15,purgeCache
FN:39,getSurrogateKeysForCampaign
FN:43,getSurrogateKeysForUser
FNF:3
FNH:0
FNDA:0,purgeCache
FNDA:0,getSurrogateKeysForCampaign
FNDA:0,getSurrogateKeysForUser
DA:15,0
DA:16,0
DA:18,0
DA:21,0
DA:22,0
DA:25,0
DA:31,0
DA:32,0
DA:33,0
DA:36,0
DA:39,0
DA:40,0
DA:43,0
DA:44,0
LF:14
LH:0
BRDA:21,0,0,0
BRDA:21,0,1,0
BRDA:31,1,0,0
BRDA:31,1,1,0
BRF:4
BRH:0
end_of_record
TN:
SF:src/lib/graphql/client.ts
FN:39,getGraphqlSdk
FN:51,normalizeStatus
FN:72,mapCampaignToData
FN:108,mapCampaignToView
FN:183,fetchCampaignDetail
FN:194,fetchCampaign
FN:208,fetchCampaignView
FN:222,fetchAllCampaigns
FN:227,(anonymous_8)
FN:236,fetchContribution
FN:248,(anonymous_10)
FN:260,fetchContributorList
FN:273,(anonymous_12)
FN:285,fetchTransactionHistory
FN:297,(anonymous_14)
FN:327,fetchApiStatus
FNF:16
FNH:0
FNDA:0,getGraphqlSdk
FNDA:0,normalizeStatus
FNDA:0,mapCampaignToData
FNDA:0,mapCampaignToView
FNDA:0,fetchCampaignDetail
FNDA:0,fetchCampaign
FNDA:0,fetchCampaignView
FNDA:0,fetchAllCampaigns
FNDA:0,(anonymous_8)
FNDA:0,fetchContribution
FNDA:0,(anonymous_10)
FNDA:0,fetchContributorList
FNDA:0,(anonymous_12)
FNDA:0,fetchTransactionHistory
FNDA:0,(anonymous_14)
FNDA:0,fetchApiStatus
DA:13,0
DA:14,0
DA:26,0
DA:30,0
DA:32,0
DA:39,0
DA:40,0
DA:43,0
DA:45,0
DA:46,0
DA:52,0
DA:53,0
DA:54,0
DA:56,0
DA:58,0
DA:60,0
DA:62,0
DA:64,0
DA:66,0
DA:68,0
DA:72,0
DA:85,0
DA:86,0
DA:87,0
DA:88,0
DA:89,0
DA:91,0
DA:93,0
DA:108,0
DA:125,0
DA:126,0
DA:127,0
DA:128,0
DA:129,0
DA:131,0
DA:133,0
DA:135,0
DA:183,0
DA:187,0
DA:188,0
DA:194,0
DA:198,0
DA:199,0
DA:200,0
DA:202,0
DA:208,0
DA:212,0
DA:213,0
DA:214,0
DA:216,0
DA:222,0
DA:225,0
DA:226,0
DA:227,0
DA:229,0
DA:236,0
DA:241,0
DA:242,0
DA:246,0
DA:247,0
DA:248,0
DA:251,0
DA:253,0
DA:260,0
DA:266,0
DA:267,0
DA:270,0
DA:271,0
DA:272,0
DA:273,0
DA:278,0
DA:285,0
DA:290,0
DA:291,0
DA:294,0
DA:296,0
DA:297,0
DA:304,0
DA:311,0
DA:327,0
DA:328,0
DA:329,0
DA:332,0
DA:333,0
DA:335,0
LF:85
LH:0
BRDA:27,0,0,0
BRDA:27,0,1,0
BRDA:40,1,0,0
BRDA:40,1,1,0
BRDA:45,2,0,0
BRDA:45,2,1,0
BRDA:52,3,0,0
BRDA:52,3,1,0
BRDA:54,4,0,0
BRDA:54,4,1,0
BRDA:54,4,2,0
BRDA:54,4,3,0
BRDA:54,4,4,0
BRDA:54,4,5,0
BRDA:54,4,6,0
BRDA:85,5,0,0
BRDA:85,5,1,0
BRDA:85,5,2,0
BRDA:86,6,0,0
BRDA:86,6,1,0
BRDA:87,7,0,0
BRDA:87,7,1,0
BRDA:91,8,0,0
BRDA:91,8,1,0
BRDA:101,9,0,0
BRDA:101,9,1,0
BRDA:125,10,0,0
BRDA:125,10,1,0
BRDA:125,10,2,0
BRDA:126,11,0,0
BRDA:126,11,1,0
BRDA:127,12,0,0
BRDA:127,12,1,0
BRDA:128,13,0,0
BRDA:128,13,1,0
BRDA:131,14,0,0
BRDA:131,14,1,0
BRDA:133,15,0,0
BRDA:133,15,1,0
BRDA:139,16,0,0
BRDA:139,16,1,0
BRDA:141,17,0,0
BRDA:141,17,1,0
BRDA:148,18,0,0
BRDA:148,18,1,0
BRDA:148,18,2,0
BRDA:149,19,0,0
BRDA:149,19,1,0
BRDA:151,20,0,0
BRDA:151,20,1,0
BRDA:199,21,0,0
BRDA:199,21,1,0
BRDA:213,22,0,0
BRDA:213,22,1,0
BRDA:246,23,0,0
BRDA:246,23,1,0
BRDA:246,24,0,0
BRDA:246,24,1,0
BRDA:262,25,0,0
BRDA:263,26,0,0
BRDA:270,27,0,0
BRDA:270,27,1,0
BRDA:287,28,0,0
BRDA:294,29,0,0
BRDA:294,29,1,0
BRDA:296,30,0,0
BRDA:296,30,1,0
BRDA:332,31,0,0
BRDA:332,31,1,0
BRDA:332,32,0,0
BRDA:332,32,1,0
BRF:71
BRH:0
end_of_record
TN:
SF:src/lib/rate-limit/metrics.ts
FN:17,trackThrottledRequest
FN:31,getThrottleMetrics
FNF:2
FNH:0
FNDA:0,trackThrottledRequest
FNDA:0,getThrottleMetrics
DA:15,0
DA:17,0
DA:18,0
DA:19,0
DA:22,0
DA:31,0
DA:32,0
LF:7
LH:0
BRDA:19,0,0,0
BRDA:19,0,1,0
BRF:2
BRH:0
end_of_record
TN:
SF:src/lib/rate-limit/middleware.ts
FN:20,getIdentifier
FN:35,checkQueryComplexity
FN:53,withRateLimit
FN:54,(anonymous_3)
FN:95,(anonymous_4)
FN:101,checkRequestSize
FNF:6
FNH:0
FNDA:0,getIdentifier
FNDA:0,checkQueryComplexity
FNDA:0,withRateLimit
FNDA:0,(anonymous_3)
FNDA:0,(anonymous_4)
FNDA:0,checkRequestSize
DA:15,0
DA:16,0
DA:17,0
DA:22,0
DA:23,0
DA:26,0
DA:27,0
DA:30,0
DA:31,0
DA:35,0
DA:36,0
DA:37,0
DA:38,0
DA:40,0
DA:41,0
DA:42,0
DA:53,0
DA:54,0
DA:55,0
DA:56,0
DA:58,0
DA:62,0
DA:65,0
DA:66,0
DA:67,0
DA:68,0
DA:69,0
DA:71,0
DA:72,0
DA:73,0
DA:76,0
DA:78,0
DA:92,0
DA:95,0
DA:96,0
DA:101,0
DA:102,0
DA:103,0
DA:104,0
LF:39
LH:0
BRDA:23,0,0,0
BRDA:23,0,1,0
BRDA:27,1,0,0
BRDA:27,1,1,0
BRDA:30,2,0,0
BRDA:30,2,1,0
BRDA:35,3,0,0
BRDA:36,4,0,0
BRDA:36,4,1,0
BRDA:36,5,0,0
BRDA:36,5,1,0
BRDA:38,6,0,0
BRDA:38,6,1,0
BRDA:40,7,0,0
BRDA:40,7,1,0
BRDA:41,8,0,0
BRDA:41,8,1,0
BRDA:58,9,0,0
BRDA:58,9,1,0
BRDA:71,10,0,0
BRDA:71,10,1,0
BRDA:76,11,0,0
BRDA:76,11,1,0
BRDA:95,12,0,0
BRDA:95,12,1,0
BRDA:101,13,0,0
BRDA:103,14,0,0
BRDA:103,14,1,0
BRDA:103,15,0,0
BRDA:103,15,1,0
BRF:30
BRH:0
end_of_record
TN:
SF:src/lib/rate-limit/rate-limiter.ts
FN:26,(anonymous_0)
FN:46,checkRateLimit
FNF:2
FNH:0
FNDA:0,(anonymous_0)
FNDA:0,checkRateLimit
DA:23,0
DA:26,0
DA:27,0
DA:28,0
DA:29,0
DA:46,0
DA:47,0
DA:48,0
DA:50,0
DA:51,0
DA:52,0
DA:53,0
DA:56,0
DA:57,0
DA:58,0
DA:60,0
DA:66,0
DA:69,0
DA:72,0
DA:75,0
LF:20
LH:0
BRDA:29,0,0,0
BRDA:29,0,1,0
BRDA:47,1,0,0
BRDA:47,1,1,0
BRDA:51,2,0,0
BRDA:51,2,1,0
BRDA:51,3,0,0
BRDA:51,3,1,0
BRF:8
BRH:0
end_of_record
TN:
SF:src/lib/search/search.service.ts
FN:42,trigrams
FN:49,trigramScore
FN:63,scoreCampaign
FN:75,searchMeilisearch
FN:127,searchCampaigns
FN:140,(anonymous_5)
FN:143,(anonymous_6)
FN:148,(anonymous_7)
FN:149,(anonymous_8)
FN:150,(anonymous_9)
FN:151,(anonymous_10)
FN:173,indexCampaign
FNF:12
FNH:0
FNDA:0,trigrams
FNDA:0,trigramScore
FNDA:0,scoreCampaign
FNDA:0,searchMeilisearch
FNDA:0,searchCampaigns
FNDA:0,(anonymous_5)
FNDA:0,(anonymous_6)
FNDA:0,(anonymous_7)
FNDA:0,(anonymous_8)
FNDA:0,(anonymous_9)
FNDA:0,(anonymous_10)
FNDA:0,indexCampaign
DA:16,0
DA:43,0
DA:44,0
DA:45,0
DA:46,0
DA:50,0
DA:51,0
DA:52,0
DA:53,0
DA:54,0
DA:55,0
DA:56,0
DA:64,0
DA:65,0
DA:66,0
DA:67,0
DA:69,0
DA:70,0
DA:76,0
DA:77,0
DA:78,0
DA:80,0
DA:81,0
DA:82,0
DA:101,0
DA:102,0
DA:103,0
DA:104,0
DA:106,0
DA:116,0
DA:127,0
DA:128,0
DA:129,0
DA:130,0
DA:133,0
DA:134,0
DA:137,0
DA:139,0
DA:140,0
DA:142,0
DA:143,0
DA:146,0
DA:148,0
DA:149,0
DA:150,0
DA:151,0
DA:154,0
DA:155,0
DA:156,0
DA:158,0
DA:173,0
DA:174,0
DA:175,0
DA:176,0
DA:178,0
LF:55
LH:0
BRDA:50,0,0,0
BRDA:50,0,1,0
BRDA:50,1,0,0
BRDA:50,1,1,0
BRDA:53,2,0,0
BRDA:53,2,1,0
BRDA:55,3,0,0
BRDA:55,3,1,0
BRDA:67,4,0,0
BRDA:67,4,1,0
BRDA:69,5,0,0
BRDA:69,5,1,0
BRDA:78,6,0,0
BRDA:78,6,1,0
BRDA:86,7,0,0
BRDA:86,7,1,0
BRDA:91,8,0,0
BRDA:91,8,1,0
BRDA:92,9,0,0
BRDA:92,9,1,0
BRDA:94,10,0,0
BRDA:94,10,1,0
BRDA:95,11,0,0
BRDA:95,11,1,0
BRDA:95,12,0,0
BRDA:95,12,1,0
BRDA:101,13,0,0
BRDA:101,13,1,0
BRDA:103,14,0,0
BRDA:103,14,1,0
BRDA:104,15,0,0
BRDA:104,15,1,0
BRDA:129,16,0,0
BRDA:129,16,1,0
BRDA:130,17,0,0
BRDA:130,17,1,0
BRDA:134,18,0,0
BRDA:134,18,1,0
BRDA:139,19,0,0
BRDA:139,19,1,0
BRDA:142,20,0,0
BRDA:142,20,1,0
BRDA:146,21,0,0
BRDA:146,21,1,0
BRDA:176,22,0,0
BRDA:176,22,1,0
BRDA:182,23,0,0
BRDA:182,23,1,0
BRDA:188,24,0,0
BRDA:188,24,1,0
BRF:50
BRH:0
end_of_record
TN:
SF:src/lib/webhooks/webhook.service.ts
FN:66,signPayload
FN:86,verifySignature
FN:107,registerWebhook
FN:137,updateWebhook
FN:152,deleteWebhook
FN:160,listWebhooks
FN:162,(anonymous_15)
FN:163,(anonymous_16)
FN:167,rotateSecret
FN:179,getDeliveryLog
FN:188,(anonymous_19)
FN:190,(anonymous_20)
FN:197,getDeadLetterQueue
FN:202,(anonymous_22)
FNF:14
FNH:2
FNDA:39,signPayload
FNDA:16,verifySignature
FNDA:0,registerWebhook
FNDA:0,updateWebhook
FNDA:0,deleteWebhook
FNDA:0,listWebhooks
FNDA:0,(anonymous_15)
FNDA:0,(anonymous_16)
FNDA:0,rotateSecret
FNDA:0,getDeliveryLog
FNDA:0,(anonymous_19)
FNDA:0,(anonymous_20)
FNDA:0,getDeadLetterQueue
FNDA:0,(anonymous_22)
DA:14,1
DA:56,1
DA:57,1
DA:66,1
DA:71,39
DA:86,1
DA:93,16
DA:94,13
DA:95,13
DA:107,1
DA:112,0
DA:113,0
DA:115,0
DA:116,0
DA:119,0
DA:120,0
DA:122,0
DA:132,0
DA:133,0
DA:137,1
DA:142,0
DA:143,0
DA:144,0
DA:146,0
DA:147,0
DA:148,0
DA:152,1
DA:153,0
DA:154,0
DA:155,0
DA:156,0
DA:160,1
DA:161,0
DA:162,0
DA:163,0
DA:167,1
DA:168,0
DA:169,0
DA:170,0
DA:171,0
DA:172,0
DA:173,0
DA:179,1
DA:184,0
DA:185,0
DA:187,0
DA:188,0
DA:191,0
DA:197,1
DA:201,0
DA:202,0
LF:51
LH:16
BRDA:91,0,0,13
BRDA:93,1,0,3
BRDA:93,1,1,13
BRDA:112,2,0,0
BRDA:112,2,1,0
BRDA:115,3,0,0
BRDA:115,3,1,0
BRDA:143,4,0,0
BRDA:143,4,1,0
BRDA:144,5,0,0
BRDA:144,5,1,0
BRDA:154,6,0,0
BRDA:154,6,1,0
BRDA:155,7,0,0
BRDA:155,7,1,0
BRDA:169,8,0,0
BRDA:169,8,1,0
BRDA:170,9,0,0
BRDA:170,9,1,0
BRDA:182,10,0,0
BRDA:185,11,0,0
BRDA:185,11,1,0
BRDA:185,12,0,0
BRDA:185,12,1,0
BRF:24
BRH:3
end_of_record
